Change Component Designator: OldDesignator=U5 NewDesignator=U6
Change Component Designator: OldDesignator=U6 NewDesignator=U7
Change Component Designator: OldDesignator=U7 NewDesignator=U8
Change Component Designator: OldDesignator=U8 NewDesignator=U9
Change Component Designator: OldDesignator=U9 NewDesignator=U10
Change Component Designator: OldDesignator=U10 NewDesignator=U11
Change Component Designator: OldDesignator=U11 NewDesignator=U12
Change Component Designator: OldDesignator=U12 NewDesignator=U13
Change Component Designator: OldDesignator=U13 NewDesignator=U14
Change Component Designator: OldDesignator=U14 NewDesignator=U15
Change Component Designator: OldDesignator=U15 NewDesignator=U16
Change Component Designator: OldDesignator=U16 NewDesignator=U17
Change Component Designator: OldDesignator=U17 NewDesignator=U18
Added Component: Designator=U5(FSM100)
Add Pin To Net: Unknown Pin: Pin U2-2
Add Pin To Net: Unknown Pin: Pin U2-3
Add Pin To Net: Unknown Pin: Pin U2-4
Added Pin To Net: NetName=NetC5_1 Pin=U5-1
Added Pin To Net: NetName=NetU1_7 Pin=U5-3
Change Net Name : Old Net Name=NetU6_2 New Net Name=NetU7_2
Change Net Name : Old Net Name=NetU7_1 New Net Name=NetU8_1
Change Net Name : Old Net Name=NetU7_3 New Net Name=NetU8_3
Change Net Name : Old Net Name=NetU7_4 New Net Name=NetU8_4
Change Net Name : Old Net Name=NetU7_5 New Net Name=NetU8_5
Change Net Name : Old Net Name=NetU7_6 New Net Name=NetU8_6
Change Net Name : Old Net Name=NetU7_10 New Net Name=NetU8_10
Change Net Name : Old Net Name=NetU9_2 New Net Name=NetU10_2
Change Net Name : Old Net Name=NetU10_2 New Net Name=NetU11_2
Change Net Name : Old Net Name=NetU11_6 New Net Name=NetU12_6
Change Net Name : Old Net Name=NetU11_19 New Net Name=NetU12_19
Change Net Name : Old Net Name=NetU11_23 New Net Name=NetU12_23
Change Net Name : Old Net Name=NetU11_24 New Net Name=NetU12_24
Added Member To Class: ClassName=Sheet1 Member=Component R12 22k
Added Member To Class: ClassName=Sheet1 Member=Component R13 2k2
Added Member To Class: ClassName=Sheet1 Member=Component R14 10k
Added Member To Class: ClassName=Sheet1 Member=Component U5 FSM100
Added Member To Class: ClassName=Sheet1 Member=Component U6 BATT_CONN
Added Member To Class: ClassName=Sheet1 Member=Component U7 I2C_CONN
Added Member To Class: ClassName=Sheet1 Member=Component U8 nRF24L01P
Added Member To Class: ClassName=Sheet1 Member=Component U9 PETLIER_TEC
Added Member To Class: ClassName=Sheet1 Member=Component U18 SWD2x5
