Removed Pin From Net: NetName=NetU1_7 Pin=U5-3
Change Component Footprint: Designator=U5 Old Footprint=FSM100 New Footprint=SWITCH
Change Component Comment : Designator=U5 Old Comment=FSM100 New Comment=SWITCH3PIN
Change Component Designator: OldDesignator=C1 NewDesignator=C2
Change Component Designator: OldDesignator=C2 NewDesignator=C3
Change Component Designator: OldDesignator=C3 NewDesignator=C4
Change Component Designator: OldDesignator=C4 NewDesignator=C1
Change Component Designator: OldDesignator=C5 NewDesignator=C6
Change Component Designator: OldDesignator=C6 NewDesignator=C7
Change Component Designator: OldDesignator=C7 NewDesignator=C8
Change Component Designator: OldDesignator=C8 NewDesignator=C9
Change Component Designator: OldDesignator=C9 NewDesignator=C10
Change Component Designator: OldDesignator=C10 NewDesignator=C11
Change Component Designator: OldDesignator=C11 NewDesignator=C12
Change Component Designator: OldDesignator=C12 NewDesignator=C15
Change Component Designator: OldDesignator=C13 NewDesignator=C16
Change Component Designator: OldDesignator=C14 NewDesignator=C17
Change Component Designator: OldDesignator=C15 NewDesignator=C18
Change Component Designator: OldDesignator=C16 NewDesignator=C19
Change Component Designator: OldDesignator=C17 NewDesignator=C20
Change Component Designator: OldDesignator=C18 NewDesignator=C21
Change Component Designator: OldDesignator=C19 NewDesignator=C5
Change Component Designator: OldDesignator=C20 NewDesignator=C13
Change Component Designator: OldDesignator=C21 NewDesignator=C14
Change Component Designator: OldDesignator=D17 NewDesignator=D2
Change Component Designator: OldDesignator=U18 NewDesignator=U17
Added Pin To Net: NetName=NetU1_7 Pin=U5-2
Change Net Name : Old Net Name=NetC5_1 New Net Name=NetC6_1
Change Net Name : Old Net Name=NetC11_1 New Net Name=NetC12_1
Change Net Name : Old Net Name=NetC12_1 New Net Name=NetC15_1
Change Net Name : Old Net Name=NetC13_1 New Net Name=NetC16_1
Change Net Name : Old Net Name=NetC14_1 New Net Name=NetC17_1
Change Net Name : Old Net Name=NetC14_2 New Net Name=NetC17_2
Change Net Name : Old Net Name=NetC15_1 New Net Name=NetC18_1
Change Net Name : Old Net Name=NetC16_1 New Net Name=NetC19_1
Change Net Name : Old Net Name=NetC17_1 New Net Name=NetC20_1
Change Net Name : Old Net Name=NetD17_1 New Net Name=NetD2_1
Change Net Name : Old Net Name=NetD17_2 New Net Name=NetD2_2
Change Net Name : Old Net Name=NetD17_3 New Net Name=NetD2_3
