Removed Pin From Net: NetName=3V3BUS Pin=U7-3
Removed Pin From Net: NetName=3V3BUS Pin=U10-3
Removed Pin From Net: NetName=3V3BUS Pin=U15-3
Added Pin To Net: NetName=3V3BUS Pin=Q1-3
Added Pin To Net: NetName=3V3BUS Pin=Q2-3
Added Pin To Net: NetName=3V3BUS Pin=Q3-3
Added Pin To Net: NetName=NetU7_3 Pin=U7-3
Added Pin To Net: NetName=NetU7_3 Pin=U12-30
Added Net: Name=NetU7_3
Added Pin To Net: NetName=NetU10_3 Pin=U10-3
Added Pin To Net: NetName=NetU10_3 Pin=U12-9
Added Net: Name=NetU10_3
Added Pin To Net: NetName=NetU12_7 Pin=U12-7
Added Pin To Net: NetName=NetU12_7 Pin=U15-3
Added Net: Name=NetU12_7
Added Member To Class: ClassName=Sheet1 Member=Component C3 10n
Added Member To Class: ClassName=Sheet1 Member=Component C4 10n
Added Member To Class: ClassName=Sheet1 Member=Component C5 1u
Added Member To Class: ClassName=Sheet1 Member=Component C7 10n
Added Member To Class: ClassName=Sheet1 Member=Component C9 100n
Added Member To Class: ClassName=Sheet1 Member=Component C11 100n
Added Member To Class: ClassName=Sheet1 Member=Component C15 22p
Added Member To Class: ClassName=Sheet1 Member=Component C17 1p5
Added Member To Class: ClassName=Sheet1 Member=Component C19 100n
Added Member To Class: ClassName=Sheet1 Member=Component C20 2n2
Added Member To Class: ClassName=Sheet1 Member=Component C21 4p7
