Replace Part C1 CAP10nF in C:\Users\Public\Documents\Altium\kamizelka_sens\kamizelka_sens\Sheet1.SchDoc with CAP10nF from Schlib.SchLib
Replace Part C2 CAP10nF in C:\Users\Public\Documents\Altium\kamizelka_sens\kamizelka_sens\Sheet1.SchDoc with CAP10nF from Schlib.SchLib
Replace Part C3 CAP10nF in C:\Users\Public\Documents\Altium\kamizelka_sens\kamizelka_sens\Sheet1.SchDoc with CAP10nF from Schlib.SchLib
Replace Part C4 CAP10nF in C:\Users\Public\Documents\Altium\kamizelka_sens\kamizelka_sens\Sheet1.SchDoc with CAP10nF from Schlib.SchLib
Replace Part C5 CAP10nF in C:\Users\Public\Documents\Altium\kamizelka_sens\kamizelka_sens\Sheet1.SchDoc with CAP10nF from Schlib.SchLib
Replace Part C6 CAP10nF in C:\Users\Public\Documents\Altium\kamizelka_sens\kamizelka_sens\Sheet1.SchDoc with CAP10nF from Schlib.SchLib
Replace Part C7 CAP10nF in C:\Users\Public\Documents\Altium\kamizelka_sens\kamizelka_sens\Sheet1.SchDoc with CAP10nF from Schlib.SchLib
Replace Part C8 CAP10nF in C:\Users\Public\Documents\Altium\kamizelka_sens\kamizelka_sens\Sheet1.SchDoc with CAP10nF from Schlib.SchLib
Replace Part C9 CAP10nF in C:\Users\Public\Documents\Altium\kamizelka_sens\kamizelka_sens\Sheet1.SchDoc with CAP10nF from Schlib.SchLib
Replace Part C10 CAP10nF in C:\Users\Public\Documents\Altium\kamizelka_sens\kamizelka_sens\Sheet1.SchDoc with CAP10nF from Schlib.SchLib
Replace Part C11 CAP10nF in C:\Users\Public\Documents\Altium\kamizelka_sens\kamizelka_sens\Sheet1.SchDoc with CAP10nF from Schlib.SchLib
Replace Part C12 CAP10nF in C:\Users\Public\Documents\Altium\kamizelka_sens\kamizelka_sens\Sheet1.SchDoc with CAP10nF from Schlib.SchLib
Replace Part C13 CAP10nF in C:\Users\Public\Documents\Altium\kamizelka_sens\kamizelka_sens\Sheet1.SchDoc with CAP10nF from Schlib.SchLib
Replace Part C14 CAP10nF in C:\Users\Public\Documents\Altium\kamizelka_sens\kamizelka_sens\Sheet1.SchDoc with CAP10nF from Schlib.SchLib
Replace Part C15 CAP10nF in C:\Users\Public\Documents\Altium\kamizelka_sens\kamizelka_sens\Sheet1.SchDoc with CAP10nF from Schlib.SchLib
Replace Part C16 CAP10nF in C:\Users\Public\Documents\Altium\kamizelka_sens\kamizelka_sens\Sheet1.SchDoc with CAP10nF from Schlib.SchLib
Replace Part C17 CAP10nF in C:\Users\Public\Documents\Altium\kamizelka_sens\kamizelka_sens\Sheet1.SchDoc with CAP10nF from Schlib.SchLib
Replace Part C18 CAP10nF in C:\Users\Public\Documents\Altium\kamizelka_sens\kamizelka_sens\Sheet1.SchDoc with CAP10nF from Schlib.SchLib
Replace Part C19 CAP10nF in C:\Users\Public\Documents\Altium\kamizelka_sens\kamizelka_sens\Sheet1.SchDoc with CAP10nF from Schlib.SchLib
Replace Part C20 CAP10nF in C:\Users\Public\Documents\Altium\kamizelka_sens\kamizelka_sens\Sheet1.SchDoc with CAP10nF from Schlib.SchLib
Replace Part C21 CAP10nF in C:\Users\Public\Documents\Altium\kamizelka_sens\kamizelka_sens\Sheet1.SchDoc with CAP10nF from Schlib.SchLib
Replace Part D1 LIGHT_DIODE in C:\Users\Public\Documents\Altium\kamizelka_sens\kamizelka_sens\Sheet1.SchDoc with LIGHT_DIODE from Schlib.SchLib
Replace Part D2 DUO_DIODE in C:\Users\Public\Documents\Altium\kamizelka_sens\kamizelka_sens\Sheet1.SchDoc with DUO_DIODE from Schlib.SchLib
Replace Part J1 USBC in C:\Users\Public\Documents\Altium\kamizelka_sens\kamizelka_sens\Sheet1.SchDoc with USBC from Schlib.SchLib
Replace Part J2 UFL_ANTENA in C:\Users\Public\Documents\Altium\kamizelka_sens\kamizelka_sens\Sheet1.SchDoc with UFL_ANTENA from Schlib.SchLib
Replace Part L1 INDUCTOR in C:\Users\Public\Documents\Altium\kamizelka_sens\kamizelka_sens\Sheet1.SchDoc with INDUCTOR from Schlib.SchLib
Replace Part L2 INDUCTOR in C:\Users\Public\Documents\Altium\kamizelka_sens\kamizelka_sens\Sheet1.SchDoc with INDUCTOR from Schlib.SchLib
Replace Part L3 INDUCTOR in C:\Users\Public\Documents\Altium\kamizelka_sens\kamizelka_sens\Sheet1.SchDoc with INDUCTOR from Schlib.SchLib
Replace Part Q1 PMOS in C:\Users\Public\Documents\Altium\kamizelka_sens\kamizelka_sens\Sheet1.SchDoc with PMOS from Schlib.SchLib
Replace Part Q2 PMOS in C:\Users\Public\Documents\Altium\kamizelka_sens\kamizelka_sens\Sheet1.SchDoc with PMOS from Schlib.SchLib
Replace Part Q3 PMOS in C:\Users\Public\Documents\Altium\kamizelka_sens\kamizelka_sens\Sheet1.SchDoc with PMOS from Schlib.SchLib
Replace Part Q4 PMOS in C:\Users\Public\Documents\Altium\kamizelka_sens\kamizelka_sens\Sheet1.SchDoc with PMOS from Schlib.SchLib
Replace Part R1 REZYSTOR in C:\Users\Public\Documents\Altium\kamizelka_sens\kamizelka_sens\Sheet1.SchDoc with REZYSTOR from Schlib.SchLib
Replace Part R2 REZYSTOR in C:\Users\Public\Documents\Altium\kamizelka_sens\kamizelka_sens\Sheet1.SchDoc with REZYSTOR from Schlib.SchLib
Replace Part R3 REZYSTOR in C:\Users\Public\Documents\Altium\kamizelka_sens\kamizelka_sens\Sheet1.SchDoc with REZYSTOR from Schlib.SchLib
Replace Part R4 REZYSTOR in C:\Users\Public\Documents\Altium\kamizelka_sens\kamizelka_sens\Sheet1.SchDoc with REZYSTOR from Schlib.SchLib
Replace Part R5 REZYSTOR in C:\Users\Public\Documents\Altium\kamizelka_sens\kamizelka_sens\Sheet1.SchDoc with REZYSTOR from Schlib.SchLib
Replace Part R6 REZYSTOR in C:\Users\Public\Documents\Altium\kamizelka_sens\kamizelka_sens\Sheet1.SchDoc with REZYSTOR from Schlib.SchLib
Replace Part R7 REZYSTOR in C:\Users\Public\Documents\Altium\kamizelka_sens\kamizelka_sens\Sheet1.SchDoc with REZYSTOR from Schlib.SchLib
Replace Part R8 REZYSTOR in C:\Users\Public\Documents\Altium\kamizelka_sens\kamizelka_sens\Sheet1.SchDoc with REZYSTOR from Schlib.SchLib
Replace Part R9 REZYSTOR in C:\Users\Public\Documents\Altium\kamizelka_sens\kamizelka_sens\Sheet1.SchDoc with REZYSTOR from Schlib.SchLib
Replace Part R10 REZYSTOR in C:\Users\Public\Documents\Altium\kamizelka_sens\kamizelka_sens\Sheet1.SchDoc with REZYSTOR from Schlib.SchLib
Replace Part R11 REZYSTOR in C:\Users\Public\Documents\Altium\kamizelka_sens\kamizelka_sens\Sheet1.SchDoc with REZYSTOR from Schlib.SchLib
Replace Part R12 REZYSTOR in C:\Users\Public\Documents\Altium\kamizelka_sens\kamizelka_sens\Sheet1.SchDoc with REZYSTOR from Schlib.SchLib
Replace Part R13 REZYSTOR in C:\Users\Public\Documents\Altium\kamizelka_sens\kamizelka_sens\Sheet1.SchDoc with REZYSTOR from Schlib.SchLib
Replace Part R14 REZYSTOR in C:\Users\Public\Documents\Altium\kamizelka_sens\kamizelka_sens\Sheet1.SchDoc with REZYSTOR from Schlib.SchLib
Replace Part R15 REZYSTOR in C:\Users\Public\Documents\Altium\kamizelka_sens\kamizelka_sens\Sheet1.SchDoc with REZYSTOR from Schlib.SchLib
Replace Part R16 REZYSTOR in C:\Users\Public\Documents\Altium\kamizelka_sens\kamizelka_sens\Sheet1.SchDoc with REZYSTOR from Schlib.SchLib
Replace Part U1 TPS2117 in C:\Users\Public\Documents\Altium\kamizelka_sens\kamizelka_sens\Sheet1.SchDoc with TPS2117 from Schlib.SchLib
Replace Part U2 ADP160 in C:\Users\Public\Documents\Altium\kamizelka_sens\kamizelka_sens\Sheet1.SchDoc with ADP160 from Schlib.SchLib
Replace Part U3 BQ25172DSGR in C:\Users\Public\Documents\Altium\kamizelka_sens\kamizelka_sens\Sheet1.SchDoc with BQ25172DSGR from Schlib.SchLib
Replace Part U4 LIGHT_DIODE in C:\Users\Public\Documents\Altium\kamizelka_sens\kamizelka_sens\Sheet1.SchDoc with LIGHT_DIODE from Schlib.SchLib
Replace Part U5 SWITCH3PIN in C:\Users\Public\Documents\Altium\kamizelka_sens\kamizelka_sens\Sheet1.SchDoc with SWITCH3PIN from Schlib.SchLib
Replace Part U6 2_54x2 in C:\Users\Public\Documents\Altium\kamizelka_sens\kamizelka_sens\Sheet1.SchDoc with 2_54x2 from Schlib.SchLib
Replace Part U7 2_54x4 in C:\Users\Public\Documents\Altium\kamizelka_sens\kamizelka_sens\Sheet1.SchDoc with 2_54x4 from Schlib.SchLib
Replace Part U8 nRF24L01P in C:\Users\Public\Documents\Altium\kamizelka_sens\kamizelka_sens\Sheet1.SchDoc with nRF24L01P from Schlib.SchLib
Replace Part U9 2_54x2 in C:\Users\Public\Documents\Altium\kamizelka_sens\kamizelka_sens\Sheet1.SchDoc with 2_54x2 from Schlib.SchLib
Replace Part U10 2_54x4 in C:\Users\Public\Documents\Altium\kamizelka_sens\kamizelka_sens\Sheet1.SchDoc with 2_54x4 from Schlib.SchLib
Replace Part U11 2_54x2 in C:\Users\Public\Documents\Altium\kamizelka_sens\kamizelka_sens\Sheet1.SchDoc with 2_54x2 from Schlib.SchLib
Replace Part U12 STM32L071KBT6 in C:\Users\Public\Documents\Altium\kamizelka_sens\kamizelka_sens\Sheet1.SchDoc with STM32L071KBT6 from Schlib.SchLib
Replace Part U13 FSM100 in C:\Users\Public\Documents\Altium\kamizelka_sens\kamizelka_sens\Sheet1.SchDoc with FSM100 from Schlib.SchLib
Replace Part U14 OSCILATOR in C:\Users\Public\Documents\Altium\kamizelka_sens\kamizelka_sens\Sheet1.SchDoc with OSCILATOR from Schlib.SchLib
Replace Part U15 2_54x4 in C:\Users\Public\Documents\Altium\kamizelka_sens\kamizelka_sens\Sheet1.SchDoc with 2_54x4 from Schlib.SchLib
Replace Part U16 2_54x2 in C:\Users\Public\Documents\Altium\kamizelka_sens\kamizelka_sens\Sheet1.SchDoc with 2_54x2 from Schlib.SchLib
Replace Part U17 SWD2x5 in C:\Users\Public\Documents\Altium\kamizelka_sens\kamizelka_sens\Sheet1.SchDoc with SWD2x5 from Schlib.SchLib
