Replace Part C1 CAP10nF in C:\Users\Public\Documents\Altium\kamizelka_sens\kamizelka_sens\Sheet1.SchDoc with CAP10nF from Schlib.SchLib
Replace Part C2 CAP10nF in C:\Users\Public\Documents\Altium\kamizelka_sens\kamizelka_sens\Sheet1.SchDoc with CAP10nF from Schlib.SchLib
Replace Part C3 CAP10nF in C:\Users\Public\Documents\Altium\kamizelka_sens\kamizelka_sens\Sheet1.SchDoc with CAP10nF from Schlib.SchLib
Replace Part C4 CAP10nF in C:\Users\Public\Documents\Altium\kamizelka_sens\kamizelka_sens\Sheet1.SchDoc with CAP10nF from Schlib.SchLib
Replace Part C5 CAP10nF in C:\Users\Public\Documents\Altium\kamizelka_sens\kamizelka_sens\Sheet1.SchDoc with CAP10nF from Schlib.SchLib
Replace Part C6 CAP10nF in C:\Users\Public\Documents\Altium\kamizelka_sens\kamizelka_sens\Sheet1.SchDoc with CAP10nF from Schlib.SchLib
Replace Part J1 USBC in C:\Users\Public\Documents\Altium\kamizelka_sens\kamizelka_sens\Sheet1.SchDoc with USBC from Schlib.SchLib
Replace Part R1 REZYSTOR in C:\Users\Public\Documents\Altium\kamizelka_sens\kamizelka_sens\Sheet1.SchDoc with REZYSTOR from Schlib.SchLib
Replace Part R2 REZYSTOR in C:\Users\Public\Documents\Altium\kamizelka_sens\kamizelka_sens\Sheet1.SchDoc with REZYSTOR from Schlib.SchLib
Replace Part R3 REZYSTOR in C:\Users\Public\Documents\Altium\kamizelka_sens\kamizelka_sens\Sheet1.SchDoc with REZYSTOR from Schlib.SchLib
Replace Part R4 REZYSTOR in C:\Users\Public\Documents\Altium\kamizelka_sens\kamizelka_sens\Sheet1.SchDoc with REZYSTOR from Schlib.SchLib
Replace Part R5 REZYSTOR in C:\Users\Public\Documents\Altium\kamizelka_sens\kamizelka_sens\Sheet1.SchDoc with REZYSTOR from Schlib.SchLib
Replace Part R6 REZYSTOR in C:\Users\Public\Documents\Altium\kamizelka_sens\kamizelka_sens\Sheet1.SchDoc with REZYSTOR from Schlib.SchLib
Replace Part R7 REZYSTOR in C:\Users\Public\Documents\Altium\kamizelka_sens\kamizelka_sens\Sheet1.SchDoc with REZYSTOR from Schlib.SchLib
Replace Part R8 REZYSTOR in C:\Users\Public\Documents\Altium\kamizelka_sens\kamizelka_sens\Sheet1.SchDoc with REZYSTOR from Schlib.SchLib
Replace Part R9 REZYSTOR in C:\Users\Public\Documents\Altium\kamizelka_sens\kamizelka_sens\Sheet1.SchDoc with REZYSTOR from Schlib.SchLib
Replace Part R10 REZYSTOR in C:\Users\Public\Documents\Altium\kamizelka_sens\kamizelka_sens\Sheet1.SchDoc with REZYSTOR from Schlib.SchLib
Replace Part R11 REZYSTOR in C:\Users\Public\Documents\Altium\kamizelka_sens\kamizelka_sens\Sheet1.SchDoc with REZYSTOR from Schlib.SchLib
Replace Part U1 TPS2117 in C:\Users\Public\Documents\Altium\kamizelka_sens\kamizelka_sens\Sheet1.SchDoc with TPS2117 from Schlib.SchLib
Replace Part U2 ADP160 in C:\Users\Public\Documents\Altium\kamizelka_sens\kamizelka_sens\Sheet1.SchDoc with ADP160 from Schlib.SchLib
Replace Part U3 BQ25172DSGR in C:\Users\Public\Documents\Altium\kamizelka_sens\kamizelka_sens\Sheet1.SchDoc with BQ25172DSGR from Schlib.SchLib
Replace Part U4 LIGHT_DIODE in C:\Users\Public\Documents\Altium\kamizelka_sens\kamizelka_sens\Sheet1.SchDoc with LIGHT_DIODE from Schlib.SchLib
