2024-05-19 00:09:52,128 [INFO] UtilMem:75 - End SaveConfig() Used Memory: 690861216 Bytes (1073741824)
2024-05-19 00:09:52,252 [INFO] UtilMem:75 - End SaveConfig() Used Memory: 597430328 Bytes (1073741824)
2024-05-19 00:09:53,369 [INFO] UtilMem:75 - End SaveConfig() Used Memory: 655102008 Bytes (1073741824)
2024-05-19 00:09:53,895 [INFO] BlockDiagram:2759 - set Specific Code input for plugin: NVIC
2024-05-19 00:09:53,895 [INFO] BlockDiagram:2759 - set Specific Code input for plugin: USART
2024-05-19 00:09:53,895 [INFO] BlockDiagram:2759 - set Specific Code input for plugin: TIM1_8L0
2024-05-19 00:09:53,896 [INFO] BlockDiagram:2759 - set Specific Code input for plugin: SYS
2024-05-19 00:09:53,896 [INFO] BlockDiagram:2759 - set Specific Code input for plugin: GPIO
2024-05-19 00:09:53,896 [INFO] BlockDiagram:2759 - set Specific Code input for plugin: RCC
2024-05-19 00:09:53,898 [INFO] CodeGenerator:807 - code generatio: config db path: C:\ST\STM32CubeIDE_1.14.1\STM32CubeIDE\plugins\com.st.stm32cube.common.mx_6.10.0.202311202037\\db\
2024-05-19 00:09:54,112 [INFO] CodeEngine:255 - oldGeneratedFile, C:\Users\kuba\STM32CubeIDE\workspace_1.14.1\MPiMS\MXTmpFiles\license.tmp_save
2024-05-19 00:09:54,655 [INFO] CodeEngine:279 - Generated code: C:\Users\kuba\STM32CubeIDE\workspace_1.14.1\MPiMS\MXTmpFiles\license.tmp
2024-05-19 00:09:54,821 [INFO] CodeEngine:255 - oldGeneratedFile, C:\Users\kuba\STM32CubeIDE\workspace_1.14.1\MPiMS\Core\Src\gpio.c_save
2024-05-19 00:09:54,961 [INFO] CodeEngine:279 - Generated code: C:\Users\kuba\STM32CubeIDE\workspace_1.14.1\MPiMS\Core\Src\gpio.c
2024-05-19 00:09:54,983 [INFO] CodeEngine:255 - oldGeneratedFile, C:\Users\kuba\STM32CubeIDE\workspace_1.14.1\MPiMS\Core\Inc\gpio.h_save
2024-05-19 00:09:55,082 [INFO] CodeEngine:279 - Generated code: C:\Users\kuba\STM32CubeIDE\workspace_1.14.1\MPiMS\Core\Inc\gpio.h
2024-05-19 00:09:55,384 [INFO] CodeEngine:255 - oldGeneratedFile, C:\Users\kuba\STM32CubeIDE\workspace_1.14.1\MPiMS\Core\Src\tim.c_save
2024-05-19 00:09:55,568 [INFO] CodeEngine:279 - Generated code: C:\Users\kuba\STM32CubeIDE\workspace_1.14.1\MPiMS\Core\Src\tim.c
2024-05-19 00:09:55,590 [INFO] CodeEngine:255 - oldGeneratedFile, C:\Users\kuba\STM32CubeIDE\workspace_1.14.1\MPiMS\Core\Inc\tim.h_save
2024-05-19 00:09:55,678 [INFO] CodeEngine:279 - Generated code: C:\Users\kuba\STM32CubeIDE\workspace_1.14.1\MPiMS\Core\Inc\tim.h
2024-05-19 00:09:55,700 [INFO] CodeEngine:255 - oldGeneratedFile, C:\Users\kuba\STM32CubeIDE\workspace_1.14.1\MPiMS\Core\Src\usart.c_save
2024-05-19 00:09:55,827 [INFO] CodeEngine:279 - Generated code: C:\Users\kuba\STM32CubeIDE\workspace_1.14.1\MPiMS\Core\Src\usart.c
2024-05-19 00:09:55,837 [INFO] CodeEngine:255 - oldGeneratedFile, C:\Users\kuba\STM32CubeIDE\workspace_1.14.1\MPiMS\Core\Inc\usart.h_save
2024-05-19 00:09:55,932 [INFO] CodeEngine:279 - Generated code: C:\Users\kuba\STM32CubeIDE\workspace_1.14.1\MPiMS\Core\Inc\usart.h
2024-05-19 00:09:55,974 [INFO] CodeEngine:255 - oldGeneratedFile, C:\Users\kuba\STM32CubeIDE\workspace_1.14.1\MPiMS\Core\Src\stm32l0xx_it.c_save
2024-05-19 00:09:56,100 [INFO] CodeEngine:279 - Generated code: C:\Users\kuba\STM32CubeIDE\workspace_1.14.1\MPiMS\Core\Src\stm32l0xx_it.c
2024-05-19 00:09:56,122 [INFO] CodeEngine:255 - oldGeneratedFile, C:\Users\kuba\STM32CubeIDE\workspace_1.14.1\MPiMS\Core\Inc\stm32l0xx_it.h_save
2024-05-19 00:09:56,202 [INFO] CodeEngine:279 - Generated code: C:\Users\kuba\STM32CubeIDE\workspace_1.14.1\MPiMS\Core\Inc\stm32l0xx_it.h
2024-05-19 00:09:56,232 [INFO] CodeEngine:255 - oldGeneratedFile, C:\Users\kuba\STM32CubeIDE\workspace_1.14.1\MPiMS\Core\Src\stm32l0xx_hal_msp.c_save
2024-05-19 00:09:56,326 [INFO] CodeEngine:279 - Generated code: C:\Users\kuba\STM32CubeIDE\workspace_1.14.1\MPiMS\Core\Src\stm32l0xx_hal_msp.c
2024-05-19 00:09:56,339 [INFO] CodeEngine:255 - oldGeneratedFile, C:\Users\kuba\STM32CubeIDE\workspace_1.14.1\MPiMS\MXTmpFiles\system.tmp_save
2024-05-19 00:09:56,409 [INFO] CodeEngine:279 - Generated code: C:\Users\kuba\STM32CubeIDE\workspace_1.14.1\MPiMS\MXTmpFiles\system.tmp
2024-05-19 00:09:56,439 [INFO] CodeEngine:311 - oldGeneratedFile, C:\Users\kuba\STM32CubeIDE\workspace_1.14.1\MPiMS\Core\Inc\stm32l0xx_hal_conf.h_save
2024-05-19 00:09:56,539 [INFO] CodeEngine:335 - Generated code: C:\Users\kuba\STM32CubeIDE\workspace_1.14.1\MPiMS\Core\Inc\stm32l0xx_hal_conf.h
2024-05-19 00:09:56,601 [INFO] CodeEngine:255 - oldGeneratedFile, C:\Users\kuba\STM32CubeIDE\workspace_1.14.1\MPiMS\Core\Inc\main.h_save
2024-05-19 00:09:56,703 [INFO] CodeEngine:279 - Generated code: C:\Users\kuba\STM32CubeIDE\workspace_1.14.1\MPiMS\Core\Inc\main.h
2024-05-19 00:09:56,725 [INFO] CodeEngine:255 - oldGeneratedFile, C:\Users\kuba\STM32CubeIDE\workspace_1.14.1\MPiMS\Core\Src\main.c_save
2024-05-19 00:09:56,862 [INFO] CodeEngine:279 - Generated code: C:\Users\kuba\STM32CubeIDE\workspace_1.14.1\MPiMS\Core\Src\main.c
2024-05-19 00:09:57,513 [INFO] ProjectBuilder:3076 - Time for Copy HAL[1] : 292mS.
2024-05-19 00:09:57,521 [INFO] ProjectBuilder:4485 - Project Generator version: 4.2.0-B44
2024-05-19 00:09:57,772 [INFO] ConfigFileManager:1495 - The Die is : DIE417
2024-05-19 00:09:57,799 [INFO] ApiDbMcu:508 - Load IP Config File for FATFS
2024-05-19 00:09:57,812 [INFO] ApiDbMcu:508 - Load IP Config File for FREERTOS
2024-05-19 00:09:57,856 [INFO] ApiDbMcu:508 - Load IP Config File for TOUCHSENSING
2024-05-19 00:09:57,870 [INFO] ApiDbMcu:508 - Load IP Config File for USB_DEVICE
