2024-06-14 14:12:37,557 [INFO] Activator:176 - 


2024-06-14 14:12:37,564 [INFO] Activator:177 - !SESSION log4j initialized
2024-06-14 14:12:44,663 [INFO] LogOutputStream:77 - [STDOUT_REDIRECT] 
2024-06-14 14:12:48,077 [INFO] ApplicationProperties:184 - Using Application install path: C:\ST\STM32CubeIDE_1.14.1\STM32CubeIDE\plugins\com.st.stm32cube.common.mx_6.10.0.202311202037
2024-06-14 14:12:48,105 [INFO] DbMcusXml:78 - Set database path to: C:\ST\STM32CubeIDE_1.14.1\STM32CubeIDE\plugins\com.st.stm32cube.common.mx_6.10.0.202311202037\\db\/mcu/
2024-06-14 14:12:48,105 [INFO] ApiDb:274 - Set plugin database path to: C:\ST\STM32CubeIDE_1.14.1\STM32CubeIDE\plugins\com.st.stm32cube.common.mx_6.10.0.202311202037\\db\/plugins/boardmanager/
2024-06-14 14:12:48,106 [WARN] ApiDb:259 - Overriding images path with different value:  => C:\ST\STM32CubeIDE_1.14.1\STM32CubeIDE\plugins\com.st.stm32cube.common.mx_6.10.0.202311202037\\db\/plugins/mcufinder/images/
2024-06-14 14:12:48,126 [INFO] ApiDb:250 - Set database path to: C:\Users\kuba\.stmcufinder\plugins\mcufinder//mcu/
2024-06-14 14:12:48,128 [INFO] DbMcusAds:125 - Set database path to: C:\Users\kuba\.stmcufinder\plugins\mcufinder//mcu/
2024-06-14 14:12:48,130 [INFO] CrossReferenceDbSqlite:203 - Set database path to: C:\Users\kuba\.stmcufinder\plugins\mcufinder//mcu/cs/
2024-06-14 14:12:48,270 [INFO] RulesReader:64 - Compatibility file has been processed (297 Rules)
2024-06-14 14:12:48,368 [INFO] DbMcusXml:78 - Set database path to: C:\ST\STM32CubeIDE_1.14.1\STM32CubeIDE\plugins\com.st.stm32cube.common.mx_6.10.0.202311202037\\db\/mcu/
2024-06-14 14:12:48,368 [INFO] ApiDb:274 - Set plugin database path to: C:\ST\STM32CubeIDE_1.14.1\STM32CubeIDE\plugins\com.st.stm32cube.common.mx_6.10.0.202311202037\\db\/plugins/boardmanager/
2024-06-14 14:12:48,368 [INFO] ApiDb:261 - Set plugin images path to: C:\ST\STM32CubeIDE_1.14.1\STM32CubeIDE\plugins\com.st.stm32cube.common.mx_6.10.0.202311202037\\db\/plugins/mcufinder/images/
2024-06-14 14:12:48,369 [WARN] DbFile:41 - Overriding database path with different value: C:\Users\kuba\.stmcufinder\plugins\mcufinder/ => C:\Users\kuba\.stmcufinder\plugins\mcufinder
2024-06-14 14:12:48,369 [INFO] ApiDb:250 - Set database path to: C:\Users\kuba\.stmcufinder\plugins\mcufinder//mcu/
2024-06-14 14:12:48,369 [WARN] DbFile:41 - Overriding database path with different value: C:\Users\kuba\.stmcufinder\plugins\mcufinder/ => C:\Users\kuba\.stmcufinder\plugins\mcufinder
2024-06-14 14:12:48,369 [INFO] DbMcusAds:125 - Set database path to: C:\Users\kuba\.stmcufinder\plugins\mcufinder//mcu/
2024-06-14 14:12:48,369 [WARN] DbFile:41 - Overriding database path with different value: C:\Users\kuba\.stmcufinder\plugins\mcufinder/ => C:\Users\kuba\.stmcufinder\plugins\mcufinder
2024-06-14 14:12:48,369 [WARN] DbFile:41 - Overriding database path with different value: C:\Users\kuba\.stmcufinder\plugins\mcufinder/ => C:\Users\kuba\.stmcufinder\plugins\mcufinder
2024-06-14 14:12:48,369 [INFO] CrossReferenceDbSqlite:203 - Set database path to: C:\Users\kuba\.stmcufinder\plugins\mcufinder//mcu/cs/
2024-06-14 14:12:48,458 [INFO] MainPanel:264 - HeapMemory: 268435456
2024-06-14 14:12:48,569 [INFO] DbMcusXml:78 - Set database path to: C:\ST\STM32CubeIDE_1.14.1\STM32CubeIDE\plugins\com.st.stm32cube.common.mx_6.10.0.202311202037\\db\/mcu/
2024-06-14 14:12:48,569 [INFO] ApiDb:274 - Set plugin database path to: C:\ST\STM32CubeIDE_1.14.1\STM32CubeIDE\plugins\com.st.stm32cube.common.mx_6.10.0.202311202037\\db\/plugins/boardmanager/
2024-06-14 14:12:48,569 [INFO] ApiDb:261 - Set plugin images path to: C:\ST\STM32CubeIDE_1.14.1\STM32CubeIDE\plugins\com.st.stm32cube.common.mx_6.10.0.202311202037\\db\/plugins/mcufinder/images/
2024-06-14 14:12:48,570 [WARN] DbFile:41 - Overriding database path with different value: C:\Users\kuba\.stmcufinder\plugins\mcufinder/ => C:\Users\kuba\.stmcufinder\plugins\mcufinder
2024-06-14 14:12:48,570 [INFO] ApiDb:250 - Set database path to: C:\Users\kuba\.stmcufinder\plugins\mcufinder//mcu/
2024-06-14 14:12:48,570 [WARN] DbFile:41 - Overriding database path with different value: C:\Users\kuba\.stmcufinder\plugins\mcufinder/ => C:\Users\kuba\.stmcufinder\plugins\mcufinder
2024-06-14 14:12:48,570 [INFO] DbMcusAds:125 - Set database path to: C:\Users\kuba\.stmcufinder\plugins\mcufinder//mcu/
2024-06-14 14:12:48,570 [WARN] DbFile:41 - Overriding database path with different value: C:\Users\kuba\.stmcufinder\plugins\mcufinder/ => C:\Users\kuba\.stmcufinder\plugins\mcufinder
2024-06-14 14:12:48,570 [WARN] DbFile:41 - Overriding database path with different value: C:\Users\kuba\.stmcufinder\plugins\mcufinder/ => C:\Users\kuba\.stmcufinder\plugins\mcufinder
2024-06-14 14:12:48,570 [INFO] CrossReferenceDbSqlite:203 - Set database path to: C:\Users\kuba\.stmcufinder\plugins\mcufinder//mcu/cs/
2024-06-14 14:12:48,591 [INFO] ApplicationProperties:184 - Using Application install path: C:\ST\STM32CubeIDE_1.14.1\STM32CubeIDE\plugins\com.st.stm32cube.common.mx_6.10.0.202311202037
2024-06-14 14:12:48,593 [INFO] PluginManage:196 - Search for loadable plugins [exclusion list=, ]
2024-06-14 14:12:48,595 [INFO] PluginManage:310 - Check plugin analytics
2024-06-14 14:12:48,802 [INFO] AnalyticsPlugin:253 - Accepted Software Licenses: STM32CubeMX.6.11.0,STM32CubeMX.6.11.1
2024-06-14 14:12:48,802 [INFO] AnalyticsPlugin:255 - Accepted CMSIS Pack Licenses: 
2024-06-14 14:12:48,803 [INFO] AnalyticsPlugin:257 - Accepted Firmware Licenses: FW.L4.1.18.0
2024-06-14 14:12:48,807 [INFO] PluginManage:359 - Loaded plugin analytics (category:tool,tabindex:-1)
2024-06-14 14:12:48,808 [INFO] PluginManage:310 - Check plugin cadmodel
2024-06-14 14:12:48,826 [INFO] CADModel:105 - Init CAD model plugin
2024-06-14 14:12:48,827 [INFO] PluginManage:359 - Loaded plugin cadmodel (category:power,tabindex:5)
2024-06-14 14:12:48,827 [INFO] PluginManage:310 - Check plugin clock
2024-06-14 14:12:48,854 [INFO] PluginManage:359 - Loaded plugin clock (category:base,tabindex:2)
2024-06-14 14:12:48,854 [INFO] PluginManage:310 - Check plugin ddr
2024-06-14 14:12:48,856 [INFO] PluginManage:359 - Loaded plugin ddr (category:tool,tabindex:6)
2024-06-14 14:12:48,857 [INFO] PluginManage:310 - Check plugin filemanager
2024-06-14 14:12:49,014 [INFO] PluginManage:359 - Loaded plugin filemanager (category:base,tabindex:10)
2024-06-14 14:12:49,014 [INFO] PluginManage:310 - Check plugin ipmanager
2024-06-14 14:12:49,023 [INFO] PluginManage:359 - Loaded plugin ipmanager (category:base,tabindex:5)
2024-06-14 14:12:49,023 [INFO] PluginManage:310 - Check plugin lpbam
2024-06-14 14:12:49,043 [INFO] PluginManage:359 - Loaded plugin lpbam (category:base,tabindex:0)
2024-06-14 14:12:49,043 [INFO] PluginManage:310 - Check plugin memorymap
2024-06-14 14:12:49,071 [INFO] PluginManage:359 - Loaded plugin memorymap (category:base,tabindex:4)
2024-06-14 14:12:49,071 [INFO] PluginManage:310 - Check plugin pinoutandconfiguration
2024-06-14 14:12:49,091 [INFO] PluginManage:359 - Loaded plugin pinoutandconfiguration (category:base,tabindex:1)
2024-06-14 14:12:49,091 [INFO] PluginManage:310 - Check plugin pinoutconfig
2024-06-14 14:12:49,210 [WARN] SupportedApi:132 - Cannot load RTOS API schema: s4s-elt-must-match.1: The content of 'definitions' must match (annotation?, (simpleType | complexType)?, (unique | key | keyref)*)). A problem was found starting at: attribute.
2024-06-14 14:12:49,359 [INFO] PluginManage:359 - Loaded plugin pinoutconfig (category:base,tabindex:0)
2024-06-14 14:12:49,359 [INFO] PluginManage:310 - Check plugin power
2024-06-14 14:12:49,384 [INFO] PluginManage:359 - Loaded plugin power (category:power,tabindex:4)
2024-06-14 14:12:49,384 [INFO] PluginManage:310 - Check plugin projectmanager
2024-06-14 14:12:49,403 [INFO] PluginManage:359 - Loaded plugin projectmanager (category:projectmanager,tabindex:3)
2024-06-14 14:12:49,403 [INFO] PluginManage:310 - Check plugin thirdparty
2024-06-14 14:12:49,716 [INFO] PluginManage:359 - Loaded plugin thirdparty (category:base,tabindex:-1)
2024-06-14 14:12:49,716 [WARN] IntegrityCheckThread:84 - waiting for thirdparty lock release [integrity check]
2024-06-14 14:12:49,716 [INFO] PluginManage:310 - Check plugin tools
2024-06-14 14:12:49,716 [INFO] IntegrityCheckThread:86 - entering critical section [integrity check]
2024-06-14 14:12:49,717 [INFO] ThirdPartyUpdaterWithRetryManager:70 - Updater plugin not ready yet. [1/15]
2024-06-14 14:12:49,759 [INFO] PluginManage:359 - Loaded plugin tools (category:base,tabindex:7)
2024-06-14 14:12:49,759 [INFO] PluginManage:310 - Check plugin tutovideos
2024-06-14 14:12:50,009 [INFO] PluginManage:359 - Loaded plugin tutovideos (category:base,tabindex:-1)
2024-06-14 14:12:50,010 [INFO] PluginManage:310 - Check plugin updater
2024-06-14 14:12:50,024 [INFO] PluginManage:359 - Loaded plugin updater (category:base,tabindex:12)
2024-06-14 14:12:50,025 [INFO] PluginManage:310 - Check plugin userauth
2024-06-14 14:12:50,031 [INFO] UserAuth:114 - Init User Auth plugin
2024-06-14 14:12:50,031 [INFO] PluginManage:359 - Loaded plugin userauth (category:base,tabindex:14)
2024-06-14 14:12:50,032 [INFO] PluginManage:283 - PluginManage : Loaded plugins [17]
2024-06-14 14:12:50,295 [INFO] PinOutPanel:1499 - setPackage(No Configuration,No Configuration)
2024-06-14 14:12:50,398 [INFO] CADModel:165 - CPN selected for project level
2024-06-14 14:12:50,398 [INFO] CADModel:114 - Register for checkConnection events
2024-06-14 14:12:50,428 [INFO] IPUIPlugin:80 - create IPUIPlugin
2024-06-14 14:12:50,428 [INFO] PluginManager:220 - loadIPPluginJar : add adc
2024-06-14 14:12:50,471 [INFO] IPUIPlugin:80 - create IPUIPlugin
2024-06-14 14:12:50,471 [INFO] PluginManager:220 - loadIPPluginJar : add aes
2024-06-14 14:12:50,521 [INFO] IPUIPlugin:80 - create IPUIPlugin
2024-06-14 14:12:50,521 [INFO] PluginManager:220 - loadIPPluginJar : add can
2024-06-14 14:12:50,547 [INFO] IPUIPlugin:80 - create IPUIPlugin
2024-06-14 14:12:50,547 [INFO] PluginManager:220 - loadIPPluginJar : add comp
2024-06-14 14:12:50,584 [INFO] IPUIPlugin:80 - create IPUIPlugin
2024-06-14 14:12:50,584 [INFO] PluginManager:220 - loadIPPluginJar : add cryp
2024-06-14 14:12:50,619 [INFO] IPUIPlugin:80 - create IPUIPlugin
2024-06-14 14:12:50,619 [INFO] PluginManager:220 - loadIPPluginJar : add dfsdm
2024-06-14 14:12:50,635 [INFO] IPUIPlugin:80 - create IPUIPlugin
2024-06-14 14:12:50,636 [INFO] PluginManager:220 - loadIPPluginJar : add dma
2024-06-14 14:12:50,686 [INFO] IPUIPlugin:80 - create IPUIPlugin
2024-06-14 14:12:50,686 [INFO] PluginManager:220 - loadIPPluginJar : add dma3
2024-06-14 14:12:50,710 [INFO] IPUIPlugin:80 - create IPUIPlugin
2024-06-14 14:12:50,710 [INFO] PluginManager:220 - loadIPPluginJar : add fatfs
2024-06-14 14:12:50,764 [INFO] IPUIPlugin:80 - create IPUIPlugin
2024-06-14 14:12:50,764 [INFO] PluginManager:220 - loadIPPluginJar : add fmc
2024-06-14 14:12:50,779 [INFO] IPUIPlugin:80 - create IPUIPlugin
2024-06-14 14:12:50,780 [INFO] PluginManager:220 - loadIPPluginJar : add freertos
2024-06-14 14:12:50,807 [INFO] IPUIPlugin:80 - create IPUIPlugin
2024-06-14 14:12:50,807 [INFO] PluginManager:220 - loadIPPluginJar : add genericplugin
2024-06-14 14:12:50,924 [INFO] IPUIPlugin:80 - create IPUIPlugin
2024-06-14 14:12:50,924 [INFO] PluginManager:220 - loadIPPluginJar : add gfxmmu
2024-06-14 14:12:51,084 [INFO] IPUIPlugin:80 - create IPUIPlugin
2024-06-14 14:12:51,084 [INFO] PluginManager:220 - loadIPPluginJar : add gic
2024-06-14 14:12:51,100 [INFO] IPUIPlugin:80 - create IPUIPlugin
2024-06-14 14:12:51,100 [INFO] PluginManager:220 - loadIPPluginJar : add gpio
2024-06-14 14:12:51,211 [INFO] IPUIPlugin:80 - create IPUIPlugin
2024-06-14 14:12:51,211 [INFO] PluginManager:220 - loadIPPluginJar : add gtzc
2024-06-14 14:12:51,253 [INFO] IPUIPlugin:80 - create IPUIPlugin
2024-06-14 14:12:51,254 [INFO] PluginManager:220 - loadIPPluginJar : add hash
2024-06-14 14:12:51,319 [INFO] IPUIPlugin:80 - create IPUIPlugin
2024-06-14 14:12:51,319 [INFO] PluginManager:220 - loadIPPluginJar : add i2c
2024-06-14 14:12:51,367 [INFO] IPUIPlugin:80 - create IPUIPlugin
2024-06-14 14:12:51,367 [INFO] PluginManager:220 - loadIPPluginJar : add i2s
2024-06-14 14:12:51,414 [INFO] IPUIPlugin:80 - create IPUIPlugin
2024-06-14 14:12:51,415 [INFO] PluginManager:220 - loadIPPluginJar : add i3c
2024-06-14 14:12:51,532 [INFO] IPUIPlugin:80 - create IPUIPlugin
2024-06-14 14:12:51,532 [INFO] PluginManager:220 - loadIPPluginJar : add ipddr
2024-06-14 14:12:51,649 [INFO] IPUIPlugin:80 - create IPUIPlugin
2024-06-14 14:12:51,649 [INFO] PluginManager:220 - loadIPPluginJar : add linkedlist
2024-06-14 14:12:51,692 [INFO] IPUIPlugin:80 - create IPUIPlugin
2024-06-14 14:12:51,692 [INFO] PluginManager:220 - loadIPPluginJar : add lorawan
2024-06-14 14:12:51,734 [INFO] IPUIPlugin:80 - create IPUIPlugin
2024-06-14 14:12:51,734 [INFO] PluginManager:220 - loadIPPluginJar : add ltdc
2024-06-14 14:12:51,749 [INFO] IPUIPlugin:80 - create IPUIPlugin
2024-06-14 14:12:51,749 [INFO] PluginManager:220 - loadIPPluginJar : add mdma
2024-06-14 14:12:51,762 [INFO] IPUIPlugin:80 - create IPUIPlugin
2024-06-14 14:12:51,762 [INFO] PluginManager:220 - loadIPPluginJar : add nvic
2024-06-14 14:12:51,804 [INFO] IPUIPlugin:80 - create IPUIPlugin
2024-06-14 14:12:51,804 [INFO] PluginManager:220 - loadIPPluginJar : add opamp
2024-06-14 14:12:51,875 [INFO] IPUIPlugin:80 - create IPUIPlugin
2024-06-14 14:12:51,875 [INFO] PluginManager:220 - loadIPPluginJar : add openamp
2024-06-14 14:12:51,924 [INFO] IPUIPlugin:80 - create IPUIPlugin
2024-06-14 14:12:51,924 [INFO] PluginManager:220 - loadIPPluginJar : add pdm2pcm
2024-06-14 14:12:51,941 [INFO] IPUIPlugin:80 - create IPUIPlugin
2024-06-14 14:12:51,943 [INFO] PluginManager:220 - loadIPPluginJar : add plateformsettings
2024-06-14 14:12:51,968 [INFO] IPUIPlugin:80 - create IPUIPlugin
2024-06-14 14:12:51,968 [INFO] PluginManager:220 - loadIPPluginJar : add quadspi
2024-06-14 14:12:51,983 [INFO] IPUIPlugin:80 - create IPUIPlugin
2024-06-14 14:12:51,983 [INFO] PluginManager:220 - loadIPPluginJar : add resmgrutility
2024-06-14 14:12:52,036 [INFO] IPUIPlugin:80 - create IPUIPlugin
2024-06-14 14:12:52,037 [INFO] PluginManager:220 - loadIPPluginJar : add sai
2024-06-14 14:12:52,082 [INFO] IPUIPlugin:80 - create IPUIPlugin
2024-06-14 14:12:52,082 [INFO] PluginManager:220 - loadIPPluginJar : add spi
2024-06-14 14:12:52,157 [INFO] IPUIPlugin:80 - create IPUIPlugin
2024-06-14 14:12:52,157 [INFO] PluginManager:220 - loadIPPluginJar : add stm32_wpan
2024-06-14 14:12:52,185 [INFO] IPUIPlugin:80 - create IPUIPlugin
2024-06-14 14:12:52,185 [INFO] PluginManager:220 - loadIPPluginJar : add tim
2024-06-14 14:12:52,246 [INFO] IPUIPlugin:80 - create IPUIPlugin
2024-06-14 14:12:52,246 [INFO] PluginManager:220 - loadIPPluginJar : add touchsensing
2024-06-14 14:12:52,272 [INFO] IPUIPlugin:80 - create IPUIPlugin
2024-06-14 14:12:52,273 [INFO] PluginManager:220 - loadIPPluginJar : add tracer_emb
2024-06-14 14:12:52,299 [INFO] IPUIPlugin:80 - create IPUIPlugin
2024-06-14 14:12:52,300 [INFO] PluginManager:220 - loadIPPluginJar : add ts
2024-06-14 14:12:52,325 [INFO] IPUIPlugin:80 - create IPUIPlugin
2024-06-14 14:12:52,325 [INFO] PluginManager:220 - loadIPPluginJar : add tsc
2024-06-14 14:12:52,349 [INFO] IPUIPlugin:80 - create IPUIPlugin
2024-06-14 14:12:52,349 [INFO] PluginManager:220 - loadIPPluginJar : add ucpd
2024-06-14 14:12:52,398 [INFO] IPUIPlugin:80 - create IPUIPlugin
2024-06-14 14:12:52,399 [INFO] PluginManager:220 - loadIPPluginJar : add usart
2024-06-14 14:12:52,447 [INFO] IPUIPlugin:80 - create IPUIPlugin
2024-06-14 14:12:52,447 [INFO] PluginManager:220 - loadIPPluginJar : add usbx
2024-06-14 14:12:52,587 [INFO] CADModel:165 - CPN selected for project level
2024-06-14 14:12:52,587 [INFO] CADModel:114 - Register for checkConnection events
2024-06-14 14:12:52,587 [FATAL] Updater:308 - Updater called before beeing initialized
2024-06-14 14:12:52,587 [ERROR] CADModel:125 - Updater not yet initialized, retry later 
2024-06-14 14:12:52,718 [INFO] ThirdPartyUpdaterWithRetryManager:70 - Updater plugin not ready yet. [2/15]
2024-06-14 14:12:52,766 [INFO] CADModel:165 - CPN selected for project level
2024-06-14 14:12:52,766 [INFO] CADModel:114 - Register for checkConnection events
2024-06-14 14:12:52,766 [FATAL] Updater:308 - Updater called before beeing initialized
2024-06-14 14:12:52,766 [ERROR] CADModel:125 - Updater not yet initialized, retry later 
2024-06-14 14:12:52,770 [FATAL] Updater:308 - Updater called before beeing initialized
2024-06-14 14:12:52,891 [FATAL] Updater:308 - Updater called before beeing initialized
2024-06-14 14:12:52,901 [INFO] DbMcusAds:53 - JSON generation date=Thu May 16 11:22:00 CEST 2024 (1715851320852)
2024-06-14 14:12:52,901 [FATAL] Updater:308 - Updater called before beeing initialized
2024-06-14 14:12:52,982 [WARN] DetailPanel:346 - Failed to get advertising image, set to default
2024-06-14 14:12:53,074 [FATAL] Updater:308 - Updater called before beeing initialized
2024-06-14 14:12:53,076 [FATAL] Updater:308 - Updater called before beeing initialized
2024-06-14 14:12:53,076 [FATAL] Updater:308 - Updater called before beeing initialized
2024-06-14 14:12:53,077 [WARN] DetailPanel:346 - Failed to get advertising image, set to default
2024-06-14 14:12:53,077 [FATAL] Updater:308 - Updater called before beeing initialized
2024-06-14 14:12:53,155 [ERROR] Updater:1120 - MainUpdater not yet initialized. External WinMGr cannot be set.
2024-06-14 14:12:53,167 [INFO] Updater:1056 - Updater Version found : 6.10.0
2024-06-14 14:12:53,191 [INFO] ApplicationProperties:184 - Using Application install path: C:\ST\STM32CubeIDE_1.14.1\STM32CubeIDE\plugins\com.st.stm32cube.common.mx_6.10.0.202311202037
2024-06-14 14:12:54,772 [ERROR] LogOutputStream:75 - [STDERR_REDIRECT] Jun 14, 2024 2:12:54 PM java.util.prefs.WindowsPreferences <init>
2024-06-14 14:12:54,775 [ERROR] LogOutputStream:75 - [STDERR_REDIRECT] WARNING: Could not open/create prefs root node Software\JavaSoft\Prefs at root 0xffffffff80000002. Windows RegCreateKeyEx(...) returned error code 5.
2024-06-14 14:12:54,775 [ERROR] LogOutputStream:75 - [STDERR_REDIRECT] 
2024-06-14 14:12:55,251 [INFO] MainUpdater:2873 - connection check result : 10
2024-06-14 14:12:55,252 [INFO] MainUpdater:290 - Updater Check For Update Now.
2024-06-14 14:12:55,252 [INFO] MicroXplorer:498 - Change Database Version : DB.6.0.100
2024-06-14 14:12:55,271 [INFO] McuFinderGlobals:63 - Set McuFinder mode to 2 (CubeIDE integrated)
2024-06-14 14:12:55,467 [INFO] CheckServerUpdateThread:120 - End of CheckServer Thread
2024-06-14 14:12:55,624 [INFO] UserAuth:404 - Internet connection configuration mode: 1
2024-06-14 14:12:55,655 [INFO] JxBrowserEngine:152 - Initiate JxBrowser Engine with user profile folder
2024-06-14 14:12:55,963 [WARN] PackLoader:240 - Cannot read IP mode file for STMicroelectronics.FP-SNS-MOTENVWB1.1.4.0
2024-06-14 14:12:55,984 [WARN] PackLoader:240 - Cannot read IP mode file for STMicroelectronics.X-CUBE-SMBUS.2.1.0
2024-06-14 14:12:55,999 [WARN] PackLoader:240 - Cannot read IP mode file for STMicroelectronics.X-CUBE-TOUCHGFX.4.23.1
2024-06-14 14:12:56,013 [WARN] PackLoader:240 - Cannot read IP mode file for STMicroelectronics.X-CUBE-TOUCHGFX.4.23.0
2024-06-14 14:12:56,026 [WARN] PackLoader:240 - Cannot read IP mode file for STMicroelectronics.X-CUBE-TOUCHGFX.4.23.2
2024-06-14 14:12:56,075 [WARN] PackLoader:240 - Cannot read IP mode file for STMicroelectronics.X-CUBE-AZRTOS-F7.1.1.0
2024-06-14 14:12:56,098 [WARN] PackLoader:240 - Cannot read IP mode file for STMicroelectronics.FP-SNS-MOTENV1.4.3.2
2024-06-14 14:12:56,118 [WARN] PackLoader:240 - Cannot read IP mode file for STMicroelectronics.FP-SNS-FLIGHT1.5.0.2
2024-06-14 14:12:56,143 [WARN] PackLoader:240 - Cannot read IP mode file for STMicroelectronics.X-CUBE-DISPLAY.3.0.0
2024-06-14 14:12:56,167 [WARN] PackLoader:240 - Cannot read IP mode file for STMicroelectronics.X-CUBE-BLE1.7.0.0
2024-06-14 14:12:56,186 [WARN] PackLoader:240 - Cannot read IP mode file for emotas.I-CUBE-CANOPEN.1.3.0
2024-06-14 14:12:56,208 [WARN] PackLoader:240 - Cannot read IP mode file for STMicroelectronics.X-CUBE-BLEMGR.3.1.0
2024-06-14 14:12:56,226 [WARN] PackLoader:240 - Cannot read IP mode file for STMicroelectronics.FP-SNS-SMARTAG2.1.2.0
2024-06-14 14:12:56,247 [INFO] LogOutputStream:77 - [STDOUT_REDIRECT] 1 : Invalid condition id : UX_CORESTACK_Condition cause : null
2024-06-14 14:12:56,248 [INFO] LogOutputStream:77 - [STDOUT_REDIRECT] 1 : Invalid condition id : UX_CORESTACK_Condition cause : null
2024-06-14 14:12:56,250 [INFO] LogOutputStream:77 - [STDOUT_REDIRECT] 1 : Invalid condition id : UX_CORESTACK_Condition cause : null
2024-06-14 14:12:56,251 [INFO] LogOutputStream:77 - [STDOUT_REDIRECT] 1 : Invalid condition id : UX_CORESTACK_Condition cause : null
2024-06-14 14:12:56,252 [INFO] LogOutputStream:77 - [STDOUT_REDIRECT] 1 : Invalid condition id : UX_CORESTACK_Condition cause : null
2024-06-14 14:12:56,255 [WARN] PackLoader:240 - Cannot read IP mode file for STMicroelectronics.X-CUBE-AZRTOS-WL.2.0.0
2024-06-14 14:12:56,270 [WARN] PackLoader:240 - Cannot read IP mode file for STMicroelectronics.FP-SNS-MOTENV1.5.0.0
2024-06-14 14:12:56,284 [WARN] PackLoader:240 - Cannot read IP mode file for wolfSSL.I-CUBE-wolfMQTT.1.19.0
2024-06-14 14:12:56,299 [WARN] PackLoader:240 - Cannot read IP mode file for WES.I-CUBE-Cesium.1.3.0
2024-06-14 14:12:56,313 [WARN] PackLoader:240 - Cannot read IP mode file for STMicroelectronics.X-CUBE-BLE2.3.3.0
2024-06-14 14:12:56,327 [WARN] PackLoader:240 - Cannot read IP mode file for STMicroelectronics.X-CUBE-TCPP.4.1.0
2024-06-14 14:12:56,344 [WARN] PackLoader:240 - Cannot read IP mode file for STMicroelectronics.X-CUBE-ALGOBUILD.1.3.0
2024-06-14 14:12:56,370 [WARN] PackLoader:240 - Cannot read IP mode file for STMicroelectronics.X-CUBE-AZRTOS-G0.1.1.0
2024-06-14 14:12:56,387 [WARN] PackLoader:240 - Cannot read IP mode file for STMicroelectronics.X-CUBE-SAFEA1.1.2.2
2024-06-14 14:12:56,404 [WARN] PackLoader:240 - Cannot read IP mode file for STMicroelectronics.X-CUBE-NFC4.3.0.0
2024-06-14 14:12:56,418 [WARN] PackLoader:240 - Cannot read IP mode file for STMicroelectronics.FP-ATR-SIGFOX1.3.2.0
2024-06-14 14:12:56,433 [WARN] PackLoader:240 - Cannot read IP mode file for STMicroelectronics.X-CUBE-EEPRMA1.5.1.0
2024-06-14 14:12:56,472 [WARN] PackLoader:240 - Cannot read IP mode file for SEGGER.I-CUBE-embOS.1.3.1
2024-06-14 14:12:56,520 [WARN] PackLoader:240 - Cannot read IP mode file for STMicroelectronics.X-CUBE-ALGOBUILD.1.4.0
2024-06-14 14:12:56,534 [WARN] PackLoader:240 - Cannot read IP mode file for STMicroelectronics.X-CUBE-GNSS1.6.0.0
2024-06-14 14:12:56,562 [WARN] PackLoader:240 - Cannot read IP mode file for STMicroelectronics.X-CUBE-AZRTOS-F4.1.1.0
2024-06-14 14:12:56,579 [WARN] PackLoader:240 - Cannot read IP mode file for STMicroelectronics.X-CUBE-FREERTOS.1.2.0
2024-06-14 14:12:56,592 [WARN] PackLoader:240 - Cannot read IP mode file for wolfSSL.I-CUBE-wolfSSL.5.6.6
2024-06-14 14:12:56,626 [WARN] PackLoader:240 - Cannot read IP mode file for STMicroelectronics.X-CUBE-AZRTOS-L5.2.0.0
2024-06-14 14:12:56,647 [WARN] PackLoader:240 - Cannot read IP mode file for STMicroelectronics.X-CUBE-NFC6.3.1.0
2024-06-14 14:12:56,666 [WARN] PackLoader:240 - Cannot read IP mode file for ITTIA_DB.I-CUBE-ITTIADB.8.8.0
2024-06-14 14:12:56,683 [WARN] PackLoader:240 - Cannot read IP mode file for STMicroelectronics.X-CUBE-AI.9.0.0
2024-06-14 14:12:56,701 [WARN] PackLoader:240 - Cannot read IP mode file for STMicroelectronics.X-CUBE-NFC7.1.0.1
2024-06-14 14:12:56,715 [WARN] PackLoader:240 - Cannot read IP mode file for STMicroelectronics.X-CUBE-AI.8.1.0
2024-06-14 14:12:56,745 [WARN] ConditionMgr:438 - getConditionDescription Invalid condition id : LAN8742 Phy interface Condition cause : null
2024-06-14 14:12:56,746 [WARN] PackLoader:240 - Cannot read IP mode file for STMicroelectronics.X-CUBE-AZRTOS-L4.2.0.0
2024-06-14 14:12:56,748 [WARN] ConditionMgr:1039 - genDependencies : Invalid condition id : LAN8742 Phy interface Condition cause : null
2024-06-14 14:12:56,748 [WARN] ConditionMgr:1039 - genDependencies : Invalid condition id : LAN8742 Phy interface Condition cause : null
2024-06-14 14:12:56,749 [WARN] ConditionMgr:1039 - genDependencies : Invalid condition id : LAN8742 Phy interface Condition cause : null
2024-06-14 14:12:56,766 [WARN] PackLoader:240 - Cannot read IP mode file for STMicroelectronics.X-CUBE-SFXS2LP1.4.0.0
2024-06-14 14:12:56,789 [WARN] ConditionMgr:438 - getConditionDescription Invalid condition id : UX DEVICE CLASS RTOS Condition cause : null
2024-06-14 14:12:56,789 [WARN] ConditionMgr:438 - getConditionDescription Invalid condition id : UX DEVICE CLASS RTOS Condition cause : null
2024-06-14 14:12:56,791 [WARN] PackLoader:240 - Cannot read IP mode file for STMicroelectronics.X-CUBE-AZRTOS-WB.2.0.0
2024-06-14 14:12:56,791 [WARN] ConditionMgr:1039 - genDependencies : Invalid condition id : UX DEVICE CLASS RTOS Condition cause : null
2024-06-14 14:12:56,791 [WARN] ConditionMgr:1039 - genDependencies : Invalid condition id : UX DEVICE CLASS RTOS Condition cause : null
2024-06-14 14:12:56,792 [WARN] ConditionMgr:1039 - genDependencies : Invalid condition id : UX DEVICE CLASS RTOS Condition cause : null
2024-06-14 14:12:56,792 [WARN] ConditionMgr:1039 - genDependencies : Invalid condition id : UX DEVICE CLASS RTOS Condition cause : null
2024-06-14 14:12:56,792 [WARN] ConditionMgr:1039 - genDependencies : Invalid condition id : UX DEVICE CLASS RTOS Condition cause : null
2024-06-14 14:12:56,811 [WARN] PackLoader:240 - Cannot read IP mode file for STMicroelectronics.X-CUBE-SUBG2.5.0.0
2024-06-14 14:12:56,841 [WARN] PackLoader:240 - Cannot read IP mode file for STMicroelectronics.X-CUBE-AZRTOS-G4.2.0.0
2024-06-14 14:12:56,863 [WARN] PackLoader:240 - Cannot read IP mode file for Infineon.AIROC-Wi-Fi-Bluetooth-STM32.1.5.1
2024-06-14 14:12:56,879 [WARN] PackLoader:240 - Cannot read IP mode file for STMicroelectronics.FP-SNS-MOTENVWB1.1.3.1
2024-06-14 14:12:56,892 [WARN] PackLoader:240 - Cannot read IP mode file for STMicroelectronics.X-CUBE-ISPU.2.0.0
2024-06-14 14:12:56,906 [WARN] PackLoader:240 - Cannot read IP mode file for STMicroelectronics.X-CUBE-ALS.1.0.2
2024-06-14 14:12:56,949 [WARN] PackLoader:240 - Cannot read IP mode file for STMicroelectronics.X-CUBE-MEMS1.10.0.0
2024-06-14 14:12:57,045 [WARN] PackLoader:240 - Cannot read IP mode file for STMicroelectronics.X-CUBE-FREERTOS.1.1.0
2024-06-14 14:12:57,062 [WARN] PackLoader:240 - Cannot read IP mode file for portGmbH.I-Cube-SoM-uGOAL.1.1.0
2024-06-14 14:12:57,074 [WARN] PackLoader:240 - Cannot read IP mode file for STMicroelectronics.X-CUBE-ALS.1.0.1
2024-06-14 14:12:57,101 [WARN] PackLoader:240 - Cannot read IP mode file for STMicroelectronics.X-CUBE-AZRTOS-H7RS.1.0.0
2024-06-14 14:12:57,115 [WARN] PackLoader:240 - Cannot read IP mode file for STMicroelectronics.FP-ATR-ASTRA1.2.0.0
2024-06-14 14:12:57,135 [WARN] PackLoader:240 - Cannot read IP mode file for STMicroelectronics.X-CUBE-TOF1.3.4.1
2024-06-14 14:12:57,171 [WARN] PackLoader:240 - Cannot read IP mode file for STMicroelectronics.X-CUBE-AZRTOS-H7.3.2.0
2024-06-14 14:12:57,174 [INFO] ThirdParty:978 - Integrity check success = true
2024-06-14 14:12:57,174 [INFO] IntegrityCheckThread:100 - exiting critical section [integrity check]
2024-06-14 14:12:57,174 [INFO] IntegrityCheckThread:103 - End integrity checks thread
2024-06-14 14:12:58,595 [INFO] WebApp:161 - Instantiating new browser for Auth
2024-06-14 14:12:59,238 [INFO] WebApp:780 - Register for checkConnection events
2024-06-14 14:12:59,238 [INFO] WebApp:414 - Apply proxy settings
2024-06-14 14:12:59,238 [INFO] WebApp:499 - Chromium requires no authentication
2024-06-14 14:12:59,247 [INFO] WebApp:442 - Direct internet connection detected
2024-06-14 14:12:59,420 [INFO] WebApp:192 - Starting web application
2024-06-14 14:12:59,420 [INFO] WebApp:544 - Web application path used C:\ST\STM32CubeIDE_1.14.1\STM32CubeIDE\plugins\com.st.stm32cube.common.mx_6.10.0.202311202037\db\plugins\mcufinder\reactClient1\index.html
2024-06-14 14:13:20,401 [ERROR] LogOutputStream:75 - [STDERR_REDIRECT] SLF4J: Failed to load class "org.slf4j.impl.StaticLoggerBinder".
2024-06-14 14:13:20,403 [ERROR] LogOutputStream:75 - [STDERR_REDIRECT] SLF4J: Defaulting to no-operation (NOP) logger implementation
2024-06-14 14:13:20,404 [ERROR] LogOutputStream:75 - [STDERR_REDIRECT] SLF4J: See http://www.slf4j.org/codes.html#StaticLoggerBinder for further details.
2024-06-14 14:28:37,959 [ERROR] LogOutputStream:75 - [STDERR_REDIRECT] 
2024-06-14 14:28:37,960 [ERROR] LogOutputStream:75 - [STDERR_REDIRECT] 
