2024-04-04 18:21:36,509 [INFO] Activator:176 - 


2024-04-04 18:21:36,516 [INFO] Activator:177 - !SESSION log4j initialized
2024-04-04 18:21:43,411 [INFO] LogOutputStream:77 - [STDOUT_REDIRECT] 
2024-04-04 18:21:50,232 [INFO] ApplicationProperties:184 - Using Application install path: C:\ST\STM32CubeIDE_1.14.1\STM32CubeIDE\plugins\com.st.stm32cube.common.mx_6.10.0.202311202037
2024-04-04 18:21:50,257 [INFO] DbMcusXml:78 - Set database path to: C:\ST\STM32CubeIDE_1.14.1\STM32CubeIDE\plugins\com.st.stm32cube.common.mx_6.10.0.202311202037\\db\/mcu/
2024-04-04 18:21:50,257 [INFO] ApiDb:274 - Set plugin database path to: C:\ST\STM32CubeIDE_1.14.1\STM32CubeIDE\plugins\com.st.stm32cube.common.mx_6.10.0.202311202037\\db\/plugins/boardmanager/
2024-04-04 18:21:50,258 [WARN] ApiDb:259 - Overriding images path with different value:  => C:\ST\STM32CubeIDE_1.14.1\STM32CubeIDE\plugins\com.st.stm32cube.common.mx_6.10.0.202311202037\\db\/plugins/mcufinder/images/
2024-04-04 18:21:50,273 [INFO] ApiDb:250 - Set database path to: C:\Users\kuba\.stmcufinder\plugins\mcufinder//mcu/
2024-04-04 18:21:50,274 [INFO] DbMcusAds:125 - Set database path to: C:\Users\kuba\.stmcufinder\plugins\mcufinder//mcu/
2024-04-04 18:21:50,277 [INFO] CrossReferenceDbSqlite:203 - Set database path to: C:\Users\kuba\.stmcufinder\plugins\mcufinder//mcu/cs/
2024-04-04 18:21:50,414 [INFO] RulesReader:64 - Compatibility file has been processed (297 Rules)
2024-04-04 18:21:50,524 [INFO] DbMcusXml:78 - Set database path to: C:\ST\STM32CubeIDE_1.14.1\STM32CubeIDE\plugins\com.st.stm32cube.common.mx_6.10.0.202311202037\\db\/mcu/
2024-04-04 18:21:50,525 [INFO] ApiDb:274 - Set plugin database path to: C:\ST\STM32CubeIDE_1.14.1\STM32CubeIDE\plugins\com.st.stm32cube.common.mx_6.10.0.202311202037\\db\/plugins/boardmanager/
2024-04-04 18:21:50,525 [INFO] ApiDb:261 - Set plugin images path to: C:\ST\STM32CubeIDE_1.14.1\STM32CubeIDE\plugins\com.st.stm32cube.common.mx_6.10.0.202311202037\\db\/plugins/mcufinder/images/
2024-04-04 18:21:50,525 [WARN] DbFile:41 - Overriding database path with different value: C:\Users\kuba\.stmcufinder\plugins\mcufinder/ => C:\Users\kuba\.stmcufinder\plugins\mcufinder
2024-04-04 18:21:50,525 [INFO] ApiDb:250 - Set database path to: C:\Users\kuba\.stmcufinder\plugins\mcufinder//mcu/
2024-04-04 18:21:50,525 [WARN] DbFile:41 - Overriding database path with different value: C:\Users\kuba\.stmcufinder\plugins\mcufinder/ => C:\Users\kuba\.stmcufinder\plugins\mcufinder
2024-04-04 18:21:50,526 [INFO] DbMcusAds:125 - Set database path to: C:\Users\kuba\.stmcufinder\plugins\mcufinder//mcu/
2024-04-04 18:21:50,526 [WARN] DbFile:41 - Overriding database path with different value: C:\Users\kuba\.stmcufinder\plugins\mcufinder/ => C:\Users\kuba\.stmcufinder\plugins\mcufinder
2024-04-04 18:21:50,526 [WARN] DbFile:41 - Overriding database path with different value: C:\Users\kuba\.stmcufinder\plugins\mcufinder/ => C:\Users\kuba\.stmcufinder\plugins\mcufinder
2024-04-04 18:21:50,526 [INFO] CrossReferenceDbSqlite:203 - Set database path to: C:\Users\kuba\.stmcufinder\plugins\mcufinder//mcu/cs/
2024-04-04 18:21:50,632 [INFO] MainPanel:264 - HeapMemory: 268435456
2024-04-04 18:21:50,778 [INFO] DbMcusXml:78 - Set database path to: C:\ST\STM32CubeIDE_1.14.1\STM32CubeIDE\plugins\com.st.stm32cube.common.mx_6.10.0.202311202037\\db\/mcu/
2024-04-04 18:21:50,779 [INFO] ApiDb:274 - Set plugin database path to: C:\ST\STM32CubeIDE_1.14.1\STM32CubeIDE\plugins\com.st.stm32cube.common.mx_6.10.0.202311202037\\db\/plugins/boardmanager/
2024-04-04 18:21:50,779 [INFO] ApiDb:261 - Set plugin images path to: C:\ST\STM32CubeIDE_1.14.1\STM32CubeIDE\plugins\com.st.stm32cube.common.mx_6.10.0.202311202037\\db\/plugins/mcufinder/images/
2024-04-04 18:21:50,780 [WARN] DbFile:41 - Overriding database path with different value: C:\Users\kuba\.stmcufinder\plugins\mcufinder/ => C:\Users\kuba\.stmcufinder\plugins\mcufinder
2024-04-04 18:21:50,780 [INFO] ApiDb:250 - Set database path to: C:\Users\kuba\.stmcufinder\plugins\mcufinder//mcu/
2024-04-04 18:21:50,780 [WARN] DbFile:41 - Overriding database path with different value: C:\Users\kuba\.stmcufinder\plugins\mcufinder/ => C:\Users\kuba\.stmcufinder\plugins\mcufinder
2024-04-04 18:21:50,780 [INFO] DbMcusAds:125 - Set database path to: C:\Users\kuba\.stmcufinder\plugins\mcufinder//mcu/
2024-04-04 18:21:50,780 [WARN] DbFile:41 - Overriding database path with different value: C:\Users\kuba\.stmcufinder\plugins\mcufinder/ => C:\Users\kuba\.stmcufinder\plugins\mcufinder
2024-04-04 18:21:50,780 [WARN] DbFile:41 - Overriding database path with different value: C:\Users\kuba\.stmcufinder\plugins\mcufinder/ => C:\Users\kuba\.stmcufinder\plugins\mcufinder
2024-04-04 18:21:50,780 [INFO] CrossReferenceDbSqlite:203 - Set database path to: C:\Users\kuba\.stmcufinder\plugins\mcufinder//mcu/cs/
2024-04-04 18:21:50,811 [INFO] ApplicationProperties:184 - Using Application install path: C:\ST\STM32CubeIDE_1.14.1\STM32CubeIDE\plugins\com.st.stm32cube.common.mx_6.10.0.202311202037
2024-04-04 18:21:50,813 [INFO] PluginManage:196 - Search for loadable plugins [exclusion list=, ]
2024-04-04 18:21:50,816 [INFO] PluginManage:310 - Check plugin analytics
2024-04-04 18:21:55,578 [INFO] AnalyticsPlugin:253 - Accepted Software Licenses: 
2024-04-04 18:21:55,578 [INFO] AnalyticsPlugin:255 - Accepted CMSIS Pack Licenses: 
2024-04-04 18:21:55,579 [INFO] AnalyticsPlugin:257 - Accepted Firmware Licenses: 
2024-04-04 18:21:55,583 [INFO] PluginManage:359 - Loaded plugin analytics (category:tool,tabindex:-1)
2024-04-04 18:21:55,583 [INFO] PluginManage:310 - Check plugin cadmodel
2024-04-04 18:21:55,600 [INFO] CADModel:105 - Init CAD model plugin
2024-04-04 18:21:55,601 [INFO] PluginManage:359 - Loaded plugin cadmodel (category:power,tabindex:5)
2024-04-04 18:21:55,601 [INFO] PluginManage:310 - Check plugin clock
2024-04-04 18:21:55,625 [INFO] PluginManage:359 - Loaded plugin clock (category:base,tabindex:2)
2024-04-04 18:21:55,626 [INFO] PluginManage:310 - Check plugin ddr
2024-04-04 18:21:55,629 [INFO] PluginManage:359 - Loaded plugin ddr (category:tool,tabindex:6)
2024-04-04 18:21:55,630 [INFO] PluginManage:310 - Check plugin filemanager
2024-04-04 18:21:55,810 [INFO] PluginManage:359 - Loaded plugin filemanager (category:base,tabindex:10)
2024-04-04 18:21:55,811 [INFO] PluginManage:310 - Check plugin ipmanager
2024-04-04 18:21:55,819 [INFO] PluginManage:359 - Loaded plugin ipmanager (category:base,tabindex:5)
2024-04-04 18:21:55,819 [INFO] PluginManage:310 - Check plugin lpbam
2024-04-04 18:21:55,841 [INFO] PluginManage:359 - Loaded plugin lpbam (category:base,tabindex:0)
2024-04-04 18:21:55,841 [INFO] PluginManage:310 - Check plugin memorymap
2024-04-04 18:21:55,870 [INFO] PluginManage:359 - Loaded plugin memorymap (category:base,tabindex:4)
2024-04-04 18:21:55,870 [INFO] PluginManage:310 - Check plugin pinoutandconfiguration
2024-04-04 18:21:55,890 [INFO] PluginManage:359 - Loaded plugin pinoutandconfiguration (category:base,tabindex:1)
2024-04-04 18:21:55,890 [INFO] PluginManage:310 - Check plugin pinoutconfig
2024-04-04 18:21:56,009 [WARN] SupportedApi:132 - Cannot load RTOS API schema: s4s-elt-must-match.1: The content of 'definitions' must match (annotation?, (simpleType | complexType)?, (unique | key | keyref)*)). A problem was found starting at: attribute.
2024-04-04 18:21:56,173 [INFO] PluginManage:359 - Loaded plugin pinoutconfig (category:base,tabindex:0)
2024-04-04 18:21:56,174 [INFO] PluginManage:310 - Check plugin power
2024-04-04 18:21:56,196 [INFO] PluginManage:359 - Loaded plugin power (category:power,tabindex:4)
2024-04-04 18:21:56,196 [INFO] PluginManage:310 - Check plugin projectmanager
2024-04-04 18:21:56,215 [INFO] PluginManage:359 - Loaded plugin projectmanager (category:projectmanager,tabindex:3)
2024-04-04 18:21:56,215 [INFO] PluginManage:310 - Check plugin thirdparty
2024-04-04 18:21:56,546 [WARN] IntegrityCheckThread:84 - waiting for thirdparty lock release [integrity check]
2024-04-04 18:21:56,547 [INFO] PluginManage:359 - Loaded plugin thirdparty (category:base,tabindex:-1)
2024-04-04 18:21:56,547 [INFO] IntegrityCheckThread:86 - entering critical section [integrity check]
2024-04-04 18:21:56,547 [INFO] PluginManage:310 - Check plugin tools
2024-04-04 18:21:56,547 [INFO] ThirdPartyUpdaterWithRetryManager:70 - Updater plugin not ready yet. [1/15]
2024-04-04 18:21:56,583 [INFO] PluginManage:359 - Loaded plugin tools (category:base,tabindex:7)
2024-04-04 18:21:56,583 [INFO] PluginManage:310 - Check plugin tutovideos
2024-04-04 18:21:56,832 [INFO] PluginManage:359 - Loaded plugin tutovideos (category:base,tabindex:-1)
2024-04-04 18:21:56,832 [INFO] PluginManage:310 - Check plugin updater
2024-04-04 18:21:56,848 [INFO] PluginManage:359 - Loaded plugin updater (category:base,tabindex:12)
2024-04-04 18:21:56,848 [INFO] PluginManage:310 - Check plugin userauth
2024-04-04 18:21:56,856 [INFO] UserAuth:114 - Init User Auth plugin
2024-04-04 18:21:56,856 [INFO] PluginManage:359 - Loaded plugin userauth (category:base,tabindex:14)
2024-04-04 18:21:56,856 [INFO] PluginManage:283 - PluginManage : Loaded plugins [17]
2024-04-04 18:21:57,139 [INFO] PinOutPanel:1499 - setPackage(No Configuration,No Configuration)
2024-04-04 18:21:57,237 [INFO] CADModel:165 - CPN selected for project level
2024-04-04 18:21:57,237 [INFO] CADModel:114 - Register for checkConnection events
2024-04-04 18:21:57,271 [INFO] IPUIPlugin:80 - create IPUIPlugin
2024-04-04 18:21:57,271 [INFO] PluginManager:220 - loadIPPluginJar : add adc
2024-04-04 18:21:57,317 [INFO] IPUIPlugin:80 - create IPUIPlugin
2024-04-04 18:21:57,317 [INFO] PluginManager:220 - loadIPPluginJar : add aes
2024-04-04 18:21:57,368 [INFO] IPUIPlugin:80 - create IPUIPlugin
2024-04-04 18:21:57,368 [INFO] PluginManager:220 - loadIPPluginJar : add can
2024-04-04 18:21:57,393 [INFO] IPUIPlugin:80 - create IPUIPlugin
2024-04-04 18:21:57,394 [INFO] PluginManager:220 - loadIPPluginJar : add comp
2024-04-04 18:21:57,430 [INFO] IPUIPlugin:80 - create IPUIPlugin
2024-04-04 18:21:57,430 [INFO] PluginManager:220 - loadIPPluginJar : add cryp
2024-04-04 18:21:57,464 [INFO] IPUIPlugin:80 - create IPUIPlugin
2024-04-04 18:21:57,464 [INFO] PluginManager:220 - loadIPPluginJar : add dfsdm
2024-04-04 18:21:57,480 [INFO] IPUIPlugin:80 - create IPUIPlugin
2024-04-04 18:21:57,481 [INFO] PluginManager:220 - loadIPPluginJar : add dma
2024-04-04 18:21:57,526 [INFO] IPUIPlugin:80 - create IPUIPlugin
2024-04-04 18:21:57,526 [INFO] PluginManager:220 - loadIPPluginJar : add dma3
2024-04-04 18:21:57,548 [INFO] IPUIPlugin:80 - create IPUIPlugin
2024-04-04 18:21:57,549 [INFO] PluginManager:220 - loadIPPluginJar : add fatfs
2024-04-04 18:21:57,601 [INFO] IPUIPlugin:80 - create IPUIPlugin
2024-04-04 18:21:57,601 [INFO] PluginManager:220 - loadIPPluginJar : add fmc
2024-04-04 18:21:57,618 [INFO] IPUIPlugin:80 - create IPUIPlugin
2024-04-04 18:21:57,618 [INFO] PluginManager:220 - loadIPPluginJar : add freertos
2024-04-04 18:21:57,640 [INFO] IPUIPlugin:80 - create IPUIPlugin
2024-04-04 18:21:57,640 [INFO] PluginManager:220 - loadIPPluginJar : add genericplugin
2024-04-04 18:21:57,739 [INFO] IPUIPlugin:80 - create IPUIPlugin
2024-04-04 18:21:57,739 [INFO] PluginManager:220 - loadIPPluginJar : add gfxmmu
2024-04-04 18:21:57,883 [INFO] IPUIPlugin:80 - create IPUIPlugin
2024-04-04 18:21:57,883 [INFO] PluginManager:220 - loadIPPluginJar : add gic
2024-04-04 18:21:57,898 [INFO] IPUIPlugin:80 - create IPUIPlugin
2024-04-04 18:21:57,898 [INFO] PluginManager:220 - loadIPPluginJar : add gpio
2024-04-04 18:21:57,996 [INFO] IPUIPlugin:80 - create IPUIPlugin
2024-04-04 18:21:57,996 [INFO] PluginManager:220 - loadIPPluginJar : add gtzc
2024-04-04 18:21:58,032 [INFO] IPUIPlugin:80 - create IPUIPlugin
2024-04-04 18:21:58,032 [INFO] PluginManager:220 - loadIPPluginJar : add hash
2024-04-04 18:21:58,090 [INFO] IPUIPlugin:80 - create IPUIPlugin
2024-04-04 18:21:58,090 [INFO] PluginManager:220 - loadIPPluginJar : add i2c
2024-04-04 18:21:58,138 [INFO] IPUIPlugin:80 - create IPUIPlugin
2024-04-04 18:21:58,138 [INFO] PluginManager:220 - loadIPPluginJar : add i2s
2024-04-04 18:21:58,184 [INFO] IPUIPlugin:80 - create IPUIPlugin
2024-04-04 18:21:58,185 [INFO] PluginManager:220 - loadIPPluginJar : add i3c
2024-04-04 18:21:58,291 [INFO] IPUIPlugin:80 - create IPUIPlugin
2024-04-04 18:21:58,291 [INFO] PluginManager:220 - loadIPPluginJar : add ipddr
2024-04-04 18:21:58,393 [INFO] IPUIPlugin:80 - create IPUIPlugin
2024-04-04 18:21:58,393 [INFO] PluginManager:220 - loadIPPluginJar : add linkedlist
2024-04-04 18:21:58,431 [INFO] IPUIPlugin:80 - create IPUIPlugin
2024-04-04 18:21:58,431 [INFO] PluginManager:220 - loadIPPluginJar : add lorawan
2024-04-04 18:21:58,475 [INFO] IPUIPlugin:80 - create IPUIPlugin
2024-04-04 18:21:58,476 [INFO] PluginManager:220 - loadIPPluginJar : add ltdc
2024-04-04 18:21:58,494 [INFO] IPUIPlugin:80 - create IPUIPlugin
2024-04-04 18:21:58,495 [INFO] PluginManager:220 - loadIPPluginJar : add mdma
2024-04-04 18:21:58,509 [INFO] IPUIPlugin:80 - create IPUIPlugin
2024-04-04 18:21:58,509 [INFO] PluginManager:220 - loadIPPluginJar : add nvic
2024-04-04 18:21:58,550 [INFO] IPUIPlugin:80 - create IPUIPlugin
2024-04-04 18:21:58,550 [INFO] PluginManager:220 - loadIPPluginJar : add opamp
2024-04-04 18:21:58,621 [INFO] IPUIPlugin:80 - create IPUIPlugin
2024-04-04 18:21:58,621 [INFO] PluginManager:220 - loadIPPluginJar : add openamp
2024-04-04 18:21:58,667 [INFO] IPUIPlugin:80 - create IPUIPlugin
2024-04-04 18:21:58,667 [INFO] PluginManager:220 - loadIPPluginJar : add pdm2pcm
2024-04-04 18:21:58,685 [INFO] IPUIPlugin:80 - create IPUIPlugin
2024-04-04 18:21:58,688 [INFO] PluginManager:220 - loadIPPluginJar : add plateformsettings
2024-04-04 18:21:58,713 [INFO] IPUIPlugin:80 - create IPUIPlugin
2024-04-04 18:21:58,713 [INFO] PluginManager:220 - loadIPPluginJar : add quadspi
2024-04-04 18:21:58,726 [INFO] IPUIPlugin:80 - create IPUIPlugin
2024-04-04 18:21:58,726 [INFO] PluginManager:220 - loadIPPluginJar : add resmgrutility
2024-04-04 18:21:58,777 [INFO] IPUIPlugin:80 - create IPUIPlugin
2024-04-04 18:21:58,777 [INFO] PluginManager:220 - loadIPPluginJar : add sai
2024-04-04 18:21:58,819 [INFO] IPUIPlugin:80 - create IPUIPlugin
2024-04-04 18:21:58,819 [INFO] PluginManager:220 - loadIPPluginJar : add spi
2024-04-04 18:21:58,895 [INFO] IPUIPlugin:80 - create IPUIPlugin
2024-04-04 18:21:58,895 [INFO] PluginManager:220 - loadIPPluginJar : add stm32_wpan
2024-04-04 18:21:58,921 [INFO] IPUIPlugin:80 - create IPUIPlugin
2024-04-04 18:21:58,921 [INFO] PluginManager:220 - loadIPPluginJar : add tim
2024-04-04 18:21:58,984 [INFO] IPUIPlugin:80 - create IPUIPlugin
2024-04-04 18:21:58,984 [INFO] PluginManager:220 - loadIPPluginJar : add touchsensing
2024-04-04 18:21:59,009 [INFO] IPUIPlugin:80 - create IPUIPlugin
2024-04-04 18:21:59,009 [INFO] PluginManager:220 - loadIPPluginJar : add tracer_emb
2024-04-04 18:21:59,034 [INFO] IPUIPlugin:80 - create IPUIPlugin
2024-04-04 18:21:59,034 [INFO] PluginManager:220 - loadIPPluginJar : add ts
2024-04-04 18:21:59,060 [INFO] IPUIPlugin:80 - create IPUIPlugin
2024-04-04 18:21:59,061 [INFO] PluginManager:220 - loadIPPluginJar : add tsc
2024-04-04 18:21:59,088 [INFO] IPUIPlugin:80 - create IPUIPlugin
2024-04-04 18:21:59,088 [INFO] PluginManager:220 - loadIPPluginJar : add ucpd
2024-04-04 18:21:59,132 [INFO] IPUIPlugin:80 - create IPUIPlugin
2024-04-04 18:21:59,132 [INFO] PluginManager:220 - loadIPPluginJar : add usart
2024-04-04 18:21:59,181 [INFO] IPUIPlugin:80 - create IPUIPlugin
2024-04-04 18:21:59,181 [INFO] PluginManager:220 - loadIPPluginJar : add usbx
2024-04-04 18:21:59,325 [INFO] CADModel:165 - CPN selected for project level
2024-04-04 18:21:59,325 [INFO] CADModel:114 - Register for checkConnection events
2024-04-04 18:21:59,325 [FATAL] Updater:308 - Updater called before beeing initialized
2024-04-04 18:21:59,325 [ERROR] CADModel:125 - Updater not yet initialized, retry later 
2024-04-04 18:21:59,522 [INFO] CADModel:165 - CPN selected for project level
2024-04-04 18:21:59,522 [INFO] CADModel:114 - Register for checkConnection events
2024-04-04 18:21:59,522 [FATAL] Updater:308 - Updater called before beeing initialized
2024-04-04 18:21:59,522 [ERROR] CADModel:125 - Updater not yet initialized, retry later 
2024-04-04 18:21:59,526 [FATAL] Updater:308 - Updater called before beeing initialized
2024-04-04 18:21:59,549 [INFO] ThirdPartyUpdaterWithRetryManager:70 - Updater plugin not ready yet. [2/15]
2024-04-04 18:21:59,652 [FATAL] Updater:308 - Updater called before beeing initialized
2024-04-04 18:21:59,662 [INFO] DbMcusAds:53 - JSON generation date=Wed Nov 29 11:52:27 CET 2023 (1701255147349)
2024-04-04 18:21:59,662 [FATAL] Updater:308 - Updater called before beeing initialized
2024-04-04 18:21:59,757 [WARN] DetailPanel:346 - Failed to get advertising image, set to default
2024-04-04 18:21:59,849 [FATAL] Updater:308 - Updater called before beeing initialized
2024-04-04 18:21:59,852 [FATAL] Updater:308 - Updater called before beeing initialized
2024-04-04 18:21:59,852 [FATAL] Updater:308 - Updater called before beeing initialized
2024-04-04 18:21:59,853 [WARN] DetailPanel:346 - Failed to get advertising image, set to default
2024-04-04 18:21:59,853 [FATAL] Updater:308 - Updater called before beeing initialized
2024-04-04 18:21:59,927 [ERROR] Updater:1120 - MainUpdater not yet initialized. External WinMGr cannot be set.
2024-04-04 18:21:59,939 [INFO] Updater:1056 - Updater Version found : 6.10.0
2024-04-04 18:21:59,965 [INFO] ApplicationProperties:184 - Using Application install path: C:\ST\STM32CubeIDE_1.14.1\STM32CubeIDE\plugins\com.st.stm32cube.common.mx_6.10.0.202311202037
2024-04-04 18:22:01,558 [ERROR] LogOutputStream:75 - [STDERR_REDIRECT] Apr 04, 2024 6:22:01 PM java.util.prefs.WindowsPreferences <init>
2024-04-04 18:22:01,561 [ERROR] LogOutputStream:75 - [STDERR_REDIRECT] WARNING: Could not open/create prefs root node Software\JavaSoft\Prefs at root 0xffffffff80000002. Windows RegCreateKeyEx(...) returned error code 5.
2024-04-04 18:22:01,562 [ERROR] LogOutputStream:75 - [STDERR_REDIRECT] 
2024-04-04 18:22:01,959 [INFO] MainUpdater:2873 - connection check result : 10
2024-04-04 18:22:01,960 [INFO] MainUpdater:290 - Updater Check For Update Now.
2024-04-04 18:22:01,960 [INFO] MicroXplorer:498 - Change Database Version : DB.6.0.100
2024-04-04 18:22:01,984 [INFO] McuFinderGlobals:63 - Set McuFinder mode to 2 (CubeIDE integrated)
2024-04-04 18:22:02,188 [INFO] CheckServerUpdateThread:120 - End of CheckServer Thread
2024-04-04 18:22:02,426 [INFO] UserAuth:404 - Internet connection configuration mode: 1
2024-04-04 18:22:02,456 [INFO] JxBrowserEngine:152 - Initiate JxBrowser Engine with user profile folder
2024-04-04 18:22:02,780 [WARN] PackLoader:240 - Cannot read IP mode file for STMicroelectronics.X-CUBE-SMBUS.2.1.0
2024-04-04 18:22:02,799 [WARN] PackLoader:240 - Cannot read IP mode file for STMicroelectronics.X-CUBE-TOUCHGFX.4.23.1
2024-04-04 18:22:02,811 [WARN] PackLoader:240 - Cannot read IP mode file for STMicroelectronics.X-CUBE-TOUCHGFX.4.23.0
2024-04-04 18:22:02,855 [WARN] PackLoader:240 - Cannot read IP mode file for STMicroelectronics.X-CUBE-AZRTOS-F7.1.1.0
2024-04-04 18:22:02,876 [WARN] PackLoader:240 - Cannot read IP mode file for STMicroelectronics.FP-SNS-MOTENV1.4.3.2
2024-04-04 18:22:02,896 [WARN] PackLoader:240 - Cannot read IP mode file for STMicroelectronics.FP-SNS-FLIGHT1.5.0.2
2024-04-04 18:22:02,917 [WARN] PackLoader:240 - Cannot read IP mode file for STMicroelectronics.X-CUBE-DISPLAY.3.0.0
2024-04-04 18:22:02,942 [WARN] PackLoader:240 - Cannot read IP mode file for STMicroelectronics.X-CUBE-BLE1.7.0.0
2024-04-04 18:22:02,959 [WARN] PackLoader:240 - Cannot read IP mode file for emotas.I-CUBE-CANOPEN.1.3.0
2024-04-04 18:22:02,982 [WARN] PackLoader:240 - Cannot read IP mode file for STMicroelectronics.X-CUBE-BLEMGR.3.1.0
2024-04-04 18:22:03,001 [WARN] PackLoader:240 - Cannot read IP mode file for STMicroelectronics.FP-SNS-SMARTAG2.1.2.0
2024-04-04 18:22:03,024 [INFO] LogOutputStream:77 - [STDOUT_REDIRECT] 1 : Invalid condition id : UX_CORESTACK_Condition cause : null
2024-04-04 18:22:03,025 [INFO] LogOutputStream:77 - [STDOUT_REDIRECT] 1 : Invalid condition id : UX_CORESTACK_Condition cause : null
2024-04-04 18:22:03,026 [INFO] LogOutputStream:77 - [STDOUT_REDIRECT] 1 : Invalid condition id : UX_CORESTACK_Condition cause : null
2024-04-04 18:22:03,028 [INFO] LogOutputStream:77 - [STDOUT_REDIRECT] 1 : Invalid condition id : UX_CORESTACK_Condition cause : null
2024-04-04 18:22:03,029 [INFO] LogOutputStream:77 - [STDOUT_REDIRECT] 1 : Invalid condition id : UX_CORESTACK_Condition cause : null
2024-04-04 18:22:03,032 [WARN] PackLoader:240 - Cannot read IP mode file for STMicroelectronics.X-CUBE-AZRTOS-WL.2.0.0
2024-04-04 18:22:03,047 [WARN] PackLoader:240 - Cannot read IP mode file for STMicroelectronics.FP-SNS-MOTENV1.5.0.0
2024-04-04 18:22:03,065 [WARN] PackLoader:240 - Cannot read IP mode file for WES.I-CUBE-Cesium.1.3.0
2024-04-04 18:22:03,079 [WARN] PackLoader:240 - Cannot read IP mode file for STMicroelectronics.X-CUBE-BLE2.3.3.0
2024-04-04 18:22:03,093 [WARN] PackLoader:240 - Cannot read IP mode file for STMicroelectronics.X-CUBE-ALGOBUILD.1.3.0
2024-04-04 18:22:03,121 [WARN] PackLoader:240 - Cannot read IP mode file for STMicroelectronics.X-CUBE-AZRTOS-G0.1.1.0
2024-04-04 18:22:03,141 [WARN] PackLoader:240 - Cannot read IP mode file for STMicroelectronics.X-CUBE-SAFEA1.1.2.2
2024-04-04 18:22:03,167 [WARN] PackLoader:240 - Cannot read IP mode file for STMicroelectronics.X-CUBE-NFC4.3.0.0
2024-04-04 18:22:03,188 [WARN] PackLoader:240 - Cannot read IP mode file for STMicroelectronics.FP-ATR-SIGFOX1.3.2.0
2024-04-04 18:22:03,224 [WARN] PackLoader:240 - Cannot read IP mode file for STMicroelectronics.X-CUBE-EEPRMA1.5.1.0
2024-04-04 18:22:03,281 [WARN] PackLoader:240 - Cannot read IP mode file for SEGGER.I-CUBE-embOS.1.3.1
2024-04-04 18:22:03,339 [WARN] PackLoader:240 - Cannot read IP mode file for STMicroelectronics.X-CUBE-GNSS1.6.0.0
2024-04-04 18:22:03,374 [WARN] PackLoader:240 - Cannot read IP mode file for STMicroelectronics.X-CUBE-AZRTOS-F4.1.1.0
2024-04-04 18:22:03,391 [WARN] PackLoader:240 - Cannot read IP mode file for wolfSSL.I-CUBE-wolfSSL.5.6.6
2024-04-04 18:22:03,424 [WARN] PackLoader:240 - Cannot read IP mode file for STMicroelectronics.X-CUBE-AZRTOS-L5.2.0.0
2024-04-04 18:22:03,446 [WARN] PackLoader:240 - Cannot read IP mode file for STMicroelectronics.X-CUBE-NFC6.3.1.0
2024-04-04 18:22:03,499 [WARN] PackLoader:240 - Cannot read IP mode file for ITTIA_DB.I-CUBE-ITTIADB.8.8.0
2024-04-04 18:22:03,516 [WARN] PackLoader:240 - Cannot read IP mode file for STMicroelectronics.X-CUBE-NFC7.1.0.1
2024-04-04 18:22:03,533 [WARN] PackLoader:240 - Cannot read IP mode file for STMicroelectronics.X-CUBE-AI.8.1.0
2024-04-04 18:22:03,564 [WARN] ConditionMgr:438 - getConditionDescription Invalid condition id : LAN8742 Phy interface Condition cause : null
2024-04-04 18:22:03,565 [WARN] PackLoader:240 - Cannot read IP mode file for STMicroelectronics.X-CUBE-AZRTOS-L4.2.0.0
2024-04-04 18:22:03,567 [WARN] ConditionMgr:1039 - genDependencies : Invalid condition id : LAN8742 Phy interface Condition cause : null
2024-04-04 18:22:03,567 [WARN] ConditionMgr:1039 - genDependencies : Invalid condition id : LAN8742 Phy interface Condition cause : null
2024-04-04 18:22:03,568 [WARN] ConditionMgr:1039 - genDependencies : Invalid condition id : LAN8742 Phy interface Condition cause : null
2024-04-04 18:22:03,589 [WARN] PackLoader:240 - Cannot read IP mode file for STMicroelectronics.X-CUBE-SFXS2LP1.4.0.0
2024-04-04 18:22:03,617 [WARN] ConditionMgr:438 - getConditionDescription Invalid condition id : UX DEVICE CLASS RTOS Condition cause : null
2024-04-04 18:22:03,617 [WARN] ConditionMgr:438 - getConditionDescription Invalid condition id : UX DEVICE CLASS RTOS Condition cause : null
2024-04-04 18:22:03,619 [WARN] PackLoader:240 - Cannot read IP mode file for STMicroelectronics.X-CUBE-AZRTOS-WB.2.0.0
2024-04-04 18:22:03,620 [WARN] ConditionMgr:1039 - genDependencies : Invalid condition id : UX DEVICE CLASS RTOS Condition cause : null
2024-04-04 18:22:03,620 [WARN] ConditionMgr:1039 - genDependencies : Invalid condition id : UX DEVICE CLASS RTOS Condition cause : null
2024-04-04 18:22:03,620 [WARN] ConditionMgr:1039 - genDependencies : Invalid condition id : UX DEVICE CLASS RTOS Condition cause : null
2024-04-04 18:22:03,621 [WARN] ConditionMgr:1039 - genDependencies : Invalid condition id : UX DEVICE CLASS RTOS Condition cause : null
2024-04-04 18:22:03,621 [WARN] ConditionMgr:1039 - genDependencies : Invalid condition id : UX DEVICE CLASS RTOS Condition cause : null
2024-04-04 18:22:03,653 [WARN] PackLoader:240 - Cannot read IP mode file for STMicroelectronics.X-CUBE-SUBG2.5.0.0
2024-04-04 18:22:03,692 [WARN] PackLoader:240 - Cannot read IP mode file for STMicroelectronics.X-CUBE-AZRTOS-G4.2.0.0
2024-04-04 18:22:03,716 [WARN] PackLoader:240 - Cannot read IP mode file for Infineon.AIROC-Wi-Fi-Bluetooth-STM32.1.5.1
2024-04-04 18:22:03,735 [WARN] PackLoader:240 - Cannot read IP mode file for STMicroelectronics.FP-SNS-MOTENVWB1.1.3.1
2024-04-04 18:22:03,751 [WARN] PackLoader:240 - Cannot read IP mode file for STMicroelectronics.X-CUBE-ISPU.2.0.0
2024-04-04 18:22:03,803 [WARN] PackLoader:240 - Cannot read IP mode file for STMicroelectronics.X-CUBE-MEMS1.10.0.0
2024-04-04 18:22:03,905 [WARN] PackLoader:240 - Cannot read IP mode file for STMicroelectronics.X-CUBE-FREERTOS.1.1.0
2024-04-04 18:22:03,923 [WARN] PackLoader:240 - Cannot read IP mode file for portGmbH.I-Cube-SoM-uGOAL.1.1.0
2024-04-04 18:22:03,941 [WARN] PackLoader:240 - Cannot read IP mode file for STMicroelectronics.X-CUBE-ALS.1.0.1
2024-04-04 18:22:03,960 [WARN] PackLoader:240 - Cannot read IP mode file for STMicroelectronics.FP-ATR-ASTRA1.2.0.0
2024-04-04 18:22:03,996 [WARN] PackLoader:240 - Cannot read IP mode file for STMicroelectronics.X-CUBE-TOF1.3.4.1
2024-04-04 18:22:04,042 [WARN] PackLoader:240 - Cannot read IP mode file for STMicroelectronics.X-CUBE-AZRTOS-H7.3.2.0
2024-04-04 18:22:04,045 [INFO] ThirdParty:978 - Integrity check success = true
2024-04-04 18:22:04,045 [INFO] IntegrityCheckThread:100 - exiting critical section [integrity check]
2024-04-04 18:22:04,045 [INFO] IntegrityCheckThread:103 - End integrity checks thread
2024-04-04 18:22:06,009 [INFO] WebApp:161 - Instantiating new browser for Auth
2024-04-04 18:22:06,727 [INFO] WebApp:780 - Register for checkConnection events
2024-04-04 18:22:06,727 [INFO] WebApp:414 - Apply proxy settings
2024-04-04 18:22:06,728 [INFO] WebApp:499 - Chromium requires no authentication
2024-04-04 18:22:06,737 [INFO] WebApp:442 - Direct internet connection detected
2024-04-04 18:22:06,984 [INFO] WebApp:192 - Starting web application
2024-04-04 18:22:06,985 [INFO] WebApp:544 - Web application path used C:\ST\STM32CubeIDE_1.14.1\STM32CubeIDE\plugins\com.st.stm32cube.common.mx_6.10.0.202311202037\db\plugins\mcufinder\reactClient1\index.html
2024-04-04 18:22:27,957 [ERROR] LogOutputStream:75 - [STDERR_REDIRECT] SLF4J: Failed to load class "org.slf4j.impl.StaticLoggerBinder".
2024-04-04 18:22:27,959 [ERROR] LogOutputStream:75 - [STDERR_REDIRECT] SLF4J: Defaulting to no-operation (NOP) logger implementation
2024-04-04 18:22:27,960 [ERROR] LogOutputStream:75 - [STDERR_REDIRECT] SLF4J: See http://www.slf4j.org/codes.html#StaticLoggerBinder for further details.
2024-04-04 22:37:39,551 [ERROR] LogOutputStream:75 - [STDERR_REDIRECT] 
2024-04-04 22:37:39,553 [ERROR] LogOutputStream:75 - [STDERR_REDIRECT] 
