2024-04-09 21:18:04,651 [INFO] Activator:176 - 


2024-04-09 21:18:04,659 [INFO] Activator:177 - !SESSION log4j initialized
2024-04-09 21:18:11,473 [INFO] LogOutputStream:77 - [STDOUT_REDIRECT] 
2024-04-09 21:18:18,385 [INFO] ApplicationProperties:184 - Using Application install path: C:\ST\STM32CubeIDE_1.14.1\STM32CubeIDE\plugins\com.st.stm32cube.common.mx_6.10.0.202311202037
2024-04-09 21:18:18,408 [INFO] DbMcusXml:78 - Set database path to: C:\ST\STM32CubeIDE_1.14.1\STM32CubeIDE\plugins\com.st.stm32cube.common.mx_6.10.0.202311202037\\db\/mcu/
2024-04-09 21:18:18,409 [INFO] ApiDb:274 - Set plugin database path to: C:\ST\STM32CubeIDE_1.14.1\STM32CubeIDE\plugins\com.st.stm32cube.common.mx_6.10.0.202311202037\\db\/plugins/boardmanager/
2024-04-09 21:18:18,410 [WARN] ApiDb:259 - Overriding images path with different value:  => C:\ST\STM32CubeIDE_1.14.1\STM32CubeIDE\plugins\com.st.stm32cube.common.mx_6.10.0.202311202037\\db\/plugins/mcufinder/images/
2024-04-09 21:18:18,424 [INFO] ApiDb:250 - Set database path to: C:\Users\kuba\.stmcufinder\plugins\mcufinder//mcu/
2024-04-09 21:18:18,426 [INFO] DbMcusAds:125 - Set database path to: C:\Users\kuba\.stmcufinder\plugins\mcufinder//mcu/
2024-04-09 21:18:18,428 [INFO] CrossReferenceDbSqlite:203 - Set database path to: C:\Users\kuba\.stmcufinder\plugins\mcufinder//mcu/cs/
2024-04-09 21:18:18,570 [INFO] RulesReader:64 - Compatibility file has been processed (297 Rules)
2024-04-09 21:18:18,679 [INFO] DbMcusXml:78 - Set database path to: C:\ST\STM32CubeIDE_1.14.1\STM32CubeIDE\plugins\com.st.stm32cube.common.mx_6.10.0.202311202037\\db\/mcu/
2024-04-09 21:18:18,679 [INFO] ApiDb:274 - Set plugin database path to: C:\ST\STM32CubeIDE_1.14.1\STM32CubeIDE\plugins\com.st.stm32cube.common.mx_6.10.0.202311202037\\db\/plugins/boardmanager/
2024-04-09 21:18:18,679 [INFO] ApiDb:261 - Set plugin images path to: C:\ST\STM32CubeIDE_1.14.1\STM32CubeIDE\plugins\com.st.stm32cube.common.mx_6.10.0.202311202037\\db\/plugins/mcufinder/images/
2024-04-09 21:18:18,680 [WARN] DbFile:41 - Overriding database path with different value: C:\Users\kuba\.stmcufinder\plugins\mcufinder/ => C:\Users\kuba\.stmcufinder\plugins\mcufinder
2024-04-09 21:18:18,680 [INFO] ApiDb:250 - Set database path to: C:\Users\kuba\.stmcufinder\plugins\mcufinder//mcu/
2024-04-09 21:18:18,680 [WARN] DbFile:41 - Overriding database path with different value: C:\Users\kuba\.stmcufinder\plugins\mcufinder/ => C:\Users\kuba\.stmcufinder\plugins\mcufinder
2024-04-09 21:18:18,680 [INFO] DbMcusAds:125 - Set database path to: C:\Users\kuba\.stmcufinder\plugins\mcufinder//mcu/
2024-04-09 21:18:18,681 [WARN] DbFile:41 - Overriding database path with different value: C:\Users\kuba\.stmcufinder\plugins\mcufinder/ => C:\Users\kuba\.stmcufinder\plugins\mcufinder
2024-04-09 21:18:18,681 [WARN] DbFile:41 - Overriding database path with different value: C:\Users\kuba\.stmcufinder\plugins\mcufinder/ => C:\Users\kuba\.stmcufinder\plugins\mcufinder
2024-04-09 21:18:18,681 [INFO] CrossReferenceDbSqlite:203 - Set database path to: C:\Users\kuba\.stmcufinder\plugins\mcufinder//mcu/cs/
2024-04-09 21:18:18,772 [INFO] MainPanel:264 - HeapMemory: 268435456
2024-04-09 21:18:18,888 [INFO] DbMcusXml:78 - Set database path to: C:\ST\STM32CubeIDE_1.14.1\STM32CubeIDE\plugins\com.st.stm32cube.common.mx_6.10.0.202311202037\\db\/mcu/
2024-04-09 21:18:18,888 [INFO] ApiDb:274 - Set plugin database path to: C:\ST\STM32CubeIDE_1.14.1\STM32CubeIDE\plugins\com.st.stm32cube.common.mx_6.10.0.202311202037\\db\/plugins/boardmanager/
2024-04-09 21:18:18,888 [INFO] ApiDb:261 - Set plugin images path to: C:\ST\STM32CubeIDE_1.14.1\STM32CubeIDE\plugins\com.st.stm32cube.common.mx_6.10.0.202311202037\\db\/plugins/mcufinder/images/
2024-04-09 21:18:18,889 [WARN] DbFile:41 - Overriding database path with different value: C:\Users\kuba\.stmcufinder\plugins\mcufinder/ => C:\Users\kuba\.stmcufinder\plugins\mcufinder
2024-04-09 21:18:18,889 [INFO] ApiDb:250 - Set database path to: C:\Users\kuba\.stmcufinder\plugins\mcufinder//mcu/
2024-04-09 21:18:18,889 [WARN] DbFile:41 - Overriding database path with different value: C:\Users\kuba\.stmcufinder\plugins\mcufinder/ => C:\Users\kuba\.stmcufinder\plugins\mcufinder
2024-04-09 21:18:18,890 [INFO] DbMcusAds:125 - Set database path to: C:\Users\kuba\.stmcufinder\plugins\mcufinder//mcu/
2024-04-09 21:18:18,890 [WARN] DbFile:41 - Overriding database path with different value: C:\Users\kuba\.stmcufinder\plugins\mcufinder/ => C:\Users\kuba\.stmcufinder\plugins\mcufinder
2024-04-09 21:18:18,890 [WARN] DbFile:41 - Overriding database path with different value: C:\Users\kuba\.stmcufinder\plugins\mcufinder/ => C:\Users\kuba\.stmcufinder\plugins\mcufinder
2024-04-09 21:18:18,890 [INFO] CrossReferenceDbSqlite:203 - Set database path to: C:\Users\kuba\.stmcufinder\plugins\mcufinder//mcu/cs/
2024-04-09 21:18:18,915 [INFO] ApplicationProperties:184 - Using Application install path: C:\ST\STM32CubeIDE_1.14.1\STM32CubeIDE\plugins\com.st.stm32cube.common.mx_6.10.0.202311202037
2024-04-09 21:18:18,917 [INFO] PluginManage:196 - Search for loadable plugins [exclusion list=, ]
2024-04-09 21:18:18,919 [INFO] PluginManage:310 - Check plugin analytics
2024-04-09 21:18:23,683 [INFO] AnalyticsPlugin:253 - Accepted Software Licenses: 
2024-04-09 21:18:23,684 [INFO] AnalyticsPlugin:255 - Accepted CMSIS Pack Licenses: 
2024-04-09 21:18:23,684 [INFO] AnalyticsPlugin:257 - Accepted Firmware Licenses: 
2024-04-09 21:18:23,688 [INFO] PluginManage:359 - Loaded plugin analytics (category:tool,tabindex:-1)
2024-04-09 21:18:23,689 [INFO] PluginManage:310 - Check plugin cadmodel
2024-04-09 21:18:23,705 [INFO] CADModel:105 - Init CAD model plugin
2024-04-09 21:18:23,705 [INFO] PluginManage:359 - Loaded plugin cadmodel (category:power,tabindex:5)
2024-04-09 21:18:23,705 [INFO] PluginManage:310 - Check plugin clock
2024-04-09 21:18:23,730 [INFO] PluginManage:359 - Loaded plugin clock (category:base,tabindex:2)
2024-04-09 21:18:23,731 [INFO] PluginManage:310 - Check plugin ddr
2024-04-09 21:18:23,733 [INFO] PluginManage:359 - Loaded plugin ddr (category:tool,tabindex:6)
2024-04-09 21:18:23,734 [INFO] PluginManage:310 - Check plugin filemanager
2024-04-09 21:18:23,897 [INFO] PluginManage:359 - Loaded plugin filemanager (category:base,tabindex:10)
2024-04-09 21:18:23,898 [INFO] PluginManage:310 - Check plugin ipmanager
2024-04-09 21:18:23,905 [INFO] PluginManage:359 - Loaded plugin ipmanager (category:base,tabindex:5)
2024-04-09 21:18:23,905 [INFO] PluginManage:310 - Check plugin lpbam
2024-04-09 21:18:23,924 [INFO] PluginManage:359 - Loaded plugin lpbam (category:base,tabindex:0)
2024-04-09 21:18:23,924 [INFO] PluginManage:310 - Check plugin memorymap
2024-04-09 21:18:23,950 [INFO] PluginManage:359 - Loaded plugin memorymap (category:base,tabindex:4)
2024-04-09 21:18:23,950 [INFO] PluginManage:310 - Check plugin pinoutandconfiguration
2024-04-09 21:18:23,968 [INFO] PluginManage:359 - Loaded plugin pinoutandconfiguration (category:base,tabindex:1)
2024-04-09 21:18:23,968 [INFO] PluginManage:310 - Check plugin pinoutconfig
2024-04-09 21:18:24,086 [WARN] SupportedApi:132 - Cannot load RTOS API schema: s4s-elt-must-match.1: The content of 'definitions' must match (annotation?, (simpleType | complexType)?, (unique | key | keyref)*)). A problem was found starting at: attribute.
2024-04-09 21:18:24,250 [INFO] PluginManage:359 - Loaded plugin pinoutconfig (category:base,tabindex:0)
2024-04-09 21:18:24,250 [INFO] PluginManage:310 - Check plugin power
2024-04-09 21:18:24,271 [INFO] PluginManage:359 - Loaded plugin power (category:power,tabindex:4)
2024-04-09 21:18:24,272 [INFO] PluginManage:310 - Check plugin projectmanager
2024-04-09 21:18:24,288 [INFO] PluginManage:359 - Loaded plugin projectmanager (category:projectmanager,tabindex:3)
2024-04-09 21:18:24,288 [INFO] PluginManage:310 - Check plugin thirdparty
2024-04-09 21:18:24,599 [INFO] PluginManage:359 - Loaded plugin thirdparty (category:base,tabindex:-1)
2024-04-09 21:18:24,599 [INFO] PluginManage:310 - Check plugin tools
2024-04-09 21:18:24,599 [WARN] IntegrityCheckThread:84 - waiting for thirdparty lock release [integrity check]
2024-04-09 21:18:24,600 [INFO] IntegrityCheckThread:86 - entering critical section [integrity check]
2024-04-09 21:18:24,600 [INFO] ThirdPartyUpdaterWithRetryManager:70 - Updater plugin not ready yet. [1/15]
2024-04-09 21:18:24,635 [INFO] PluginManage:359 - Loaded plugin tools (category:base,tabindex:7)
2024-04-09 21:18:24,635 [INFO] PluginManage:310 - Check plugin tutovideos
2024-04-09 21:18:24,879 [INFO] PluginManage:359 - Loaded plugin tutovideos (category:base,tabindex:-1)
2024-04-09 21:18:24,879 [INFO] PluginManage:310 - Check plugin updater
2024-04-09 21:18:24,894 [INFO] PluginManage:359 - Loaded plugin updater (category:base,tabindex:12)
2024-04-09 21:18:24,894 [INFO] PluginManage:310 - Check plugin userauth
2024-04-09 21:18:24,901 [INFO] UserAuth:114 - Init User Auth plugin
2024-04-09 21:18:24,902 [INFO] PluginManage:359 - Loaded plugin userauth (category:base,tabindex:14)
2024-04-09 21:18:24,903 [INFO] PluginManage:283 - PluginManage : Loaded plugins [17]
2024-04-09 21:18:25,168 [INFO] PinOutPanel:1499 - setPackage(No Configuration,No Configuration)
2024-04-09 21:18:25,256 [INFO] CADModel:165 - CPN selected for project level
2024-04-09 21:18:25,256 [INFO] CADModel:114 - Register for checkConnection events
2024-04-09 21:18:25,286 [INFO] IPUIPlugin:80 - create IPUIPlugin
2024-04-09 21:18:25,287 [INFO] PluginManager:220 - loadIPPluginJar : add adc
2024-04-09 21:18:25,329 [INFO] IPUIPlugin:80 - create IPUIPlugin
2024-04-09 21:18:25,329 [INFO] PluginManager:220 - loadIPPluginJar : add aes
2024-04-09 21:18:25,378 [INFO] IPUIPlugin:80 - create IPUIPlugin
2024-04-09 21:18:25,378 [INFO] PluginManager:220 - loadIPPluginJar : add can
2024-04-09 21:18:25,404 [INFO] IPUIPlugin:80 - create IPUIPlugin
2024-04-09 21:18:25,404 [INFO] PluginManager:220 - loadIPPluginJar : add comp
2024-04-09 21:18:25,440 [INFO] IPUIPlugin:80 - create IPUIPlugin
2024-04-09 21:18:25,441 [INFO] PluginManager:220 - loadIPPluginJar : add cryp
2024-04-09 21:18:25,476 [INFO] IPUIPlugin:80 - create IPUIPlugin
2024-04-09 21:18:25,476 [INFO] PluginManager:220 - loadIPPluginJar : add dfsdm
2024-04-09 21:18:25,491 [INFO] IPUIPlugin:80 - create IPUIPlugin
2024-04-09 21:18:25,492 [INFO] PluginManager:220 - loadIPPluginJar : add dma
2024-04-09 21:18:25,541 [INFO] IPUIPlugin:80 - create IPUIPlugin
2024-04-09 21:18:25,541 [INFO] PluginManager:220 - loadIPPluginJar : add dma3
2024-04-09 21:18:25,561 [INFO] IPUIPlugin:80 - create IPUIPlugin
2024-04-09 21:18:25,561 [INFO] PluginManager:220 - loadIPPluginJar : add fatfs
2024-04-09 21:18:25,609 [INFO] IPUIPlugin:80 - create IPUIPlugin
2024-04-09 21:18:25,609 [INFO] PluginManager:220 - loadIPPluginJar : add fmc
2024-04-09 21:18:25,627 [INFO] IPUIPlugin:80 - create IPUIPlugin
2024-04-09 21:18:25,627 [INFO] PluginManager:220 - loadIPPluginJar : add freertos
2024-04-09 21:18:25,649 [INFO] IPUIPlugin:80 - create IPUIPlugin
2024-04-09 21:18:25,649 [INFO] PluginManager:220 - loadIPPluginJar : add genericplugin
2024-04-09 21:18:25,749 [INFO] IPUIPlugin:80 - create IPUIPlugin
2024-04-09 21:18:25,749 [INFO] PluginManager:220 - loadIPPluginJar : add gfxmmu
2024-04-09 21:18:25,905 [INFO] IPUIPlugin:80 - create IPUIPlugin
2024-04-09 21:18:25,905 [INFO] PluginManager:220 - loadIPPluginJar : add gic
2024-04-09 21:18:25,919 [INFO] IPUIPlugin:80 - create IPUIPlugin
2024-04-09 21:18:25,919 [INFO] PluginManager:220 - loadIPPluginJar : add gpio
2024-04-09 21:18:26,019 [INFO] IPUIPlugin:80 - create IPUIPlugin
2024-04-09 21:18:26,019 [INFO] PluginManager:220 - loadIPPluginJar : add gtzc
2024-04-09 21:18:26,057 [INFO] IPUIPlugin:80 - create IPUIPlugin
2024-04-09 21:18:26,057 [INFO] PluginManager:220 - loadIPPluginJar : add hash
2024-04-09 21:18:26,115 [INFO] IPUIPlugin:80 - create IPUIPlugin
2024-04-09 21:18:26,115 [INFO] PluginManager:220 - loadIPPluginJar : add i2c
2024-04-09 21:18:26,155 [INFO] IPUIPlugin:80 - create IPUIPlugin
2024-04-09 21:18:26,155 [INFO] PluginManager:220 - loadIPPluginJar : add i2s
2024-04-09 21:18:26,200 [INFO] IPUIPlugin:80 - create IPUIPlugin
2024-04-09 21:18:26,200 [INFO] PluginManager:220 - loadIPPluginJar : add i3c
2024-04-09 21:18:26,308 [INFO] IPUIPlugin:80 - create IPUIPlugin
2024-04-09 21:18:26,308 [INFO] PluginManager:220 - loadIPPluginJar : add ipddr
2024-04-09 21:18:26,412 [INFO] IPUIPlugin:80 - create IPUIPlugin
2024-04-09 21:18:26,412 [INFO] PluginManager:220 - loadIPPluginJar : add linkedlist
2024-04-09 21:18:26,453 [INFO] IPUIPlugin:80 - create IPUIPlugin
2024-04-09 21:18:26,453 [INFO] PluginManager:220 - loadIPPluginJar : add lorawan
2024-04-09 21:18:26,495 [INFO] IPUIPlugin:80 - create IPUIPlugin
2024-04-09 21:18:26,495 [INFO] PluginManager:220 - loadIPPluginJar : add ltdc
2024-04-09 21:18:26,510 [INFO] IPUIPlugin:80 - create IPUIPlugin
2024-04-09 21:18:26,511 [INFO] PluginManager:220 - loadIPPluginJar : add mdma
2024-04-09 21:18:26,523 [INFO] IPUIPlugin:80 - create IPUIPlugin
2024-04-09 21:18:26,523 [INFO] PluginManager:220 - loadIPPluginJar : add nvic
2024-04-09 21:18:26,564 [INFO] IPUIPlugin:80 - create IPUIPlugin
2024-04-09 21:18:26,565 [INFO] PluginManager:220 - loadIPPluginJar : add opamp
2024-04-09 21:18:26,630 [INFO] IPUIPlugin:80 - create IPUIPlugin
2024-04-09 21:18:26,630 [INFO] PluginManager:220 - loadIPPluginJar : add openamp
2024-04-09 21:18:26,681 [INFO] IPUIPlugin:80 - create IPUIPlugin
2024-04-09 21:18:26,681 [INFO] PluginManager:220 - loadIPPluginJar : add pdm2pcm
2024-04-09 21:18:26,697 [INFO] IPUIPlugin:80 - create IPUIPlugin
2024-04-09 21:18:26,700 [INFO] PluginManager:220 - loadIPPluginJar : add plateformsettings
2024-04-09 21:18:26,724 [INFO] IPUIPlugin:80 - create IPUIPlugin
2024-04-09 21:18:26,724 [INFO] PluginManager:220 - loadIPPluginJar : add quadspi
2024-04-09 21:18:26,737 [INFO] IPUIPlugin:80 - create IPUIPlugin
2024-04-09 21:18:26,737 [INFO] PluginManager:220 - loadIPPluginJar : add resmgrutility
2024-04-09 21:18:26,786 [INFO] IPUIPlugin:80 - create IPUIPlugin
2024-04-09 21:18:26,786 [INFO] PluginManager:220 - loadIPPluginJar : add sai
2024-04-09 21:18:26,827 [INFO] IPUIPlugin:80 - create IPUIPlugin
2024-04-09 21:18:26,827 [INFO] PluginManager:220 - loadIPPluginJar : add spi
2024-04-09 21:18:26,905 [INFO] IPUIPlugin:80 - create IPUIPlugin
2024-04-09 21:18:26,905 [INFO] PluginManager:220 - loadIPPluginJar : add stm32_wpan
2024-04-09 21:18:26,930 [INFO] IPUIPlugin:80 - create IPUIPlugin
2024-04-09 21:18:26,930 [INFO] PluginManager:220 - loadIPPluginJar : add tim
2024-04-09 21:18:26,988 [INFO] IPUIPlugin:80 - create IPUIPlugin
2024-04-09 21:18:26,988 [INFO] PluginManager:220 - loadIPPluginJar : add touchsensing
2024-04-09 21:18:27,012 [INFO] IPUIPlugin:80 - create IPUIPlugin
2024-04-09 21:18:27,012 [INFO] PluginManager:220 - loadIPPluginJar : add tracer_emb
2024-04-09 21:18:27,035 [INFO] IPUIPlugin:80 - create IPUIPlugin
2024-04-09 21:18:27,035 [INFO] PluginManager:220 - loadIPPluginJar : add ts
2024-04-09 21:18:27,059 [INFO] IPUIPlugin:80 - create IPUIPlugin
2024-04-09 21:18:27,060 [INFO] PluginManager:220 - loadIPPluginJar : add tsc
2024-04-09 21:18:27,082 [INFO] IPUIPlugin:80 - create IPUIPlugin
2024-04-09 21:18:27,082 [INFO] PluginManager:220 - loadIPPluginJar : add ucpd
2024-04-09 21:18:27,127 [INFO] IPUIPlugin:80 - create IPUIPlugin
2024-04-09 21:18:27,127 [INFO] PluginManager:220 - loadIPPluginJar : add usart
2024-04-09 21:18:27,175 [INFO] IPUIPlugin:80 - create IPUIPlugin
2024-04-09 21:18:27,175 [INFO] PluginManager:220 - loadIPPluginJar : add usbx
2024-04-09 21:18:27,314 [INFO] CADModel:165 - CPN selected for project level
2024-04-09 21:18:27,314 [INFO] CADModel:114 - Register for checkConnection events
2024-04-09 21:18:27,315 [FATAL] Updater:308 - Updater called before beeing initialized
2024-04-09 21:18:27,315 [ERROR] CADModel:125 - Updater not yet initialized, retry later 
2024-04-09 21:18:27,482 [INFO] CADModel:165 - CPN selected for project level
2024-04-09 21:18:27,482 [INFO] CADModel:114 - Register for checkConnection events
2024-04-09 21:18:27,482 [FATAL] Updater:308 - Updater called before beeing initialized
2024-04-09 21:18:27,482 [ERROR] CADModel:125 - Updater not yet initialized, retry later 
2024-04-09 21:18:27,486 [FATAL] Updater:308 - Updater called before beeing initialized
2024-04-09 21:18:27,601 [INFO] ThirdPartyUpdaterWithRetryManager:70 - Updater plugin not ready yet. [2/15]
2024-04-09 21:18:27,613 [FATAL] Updater:308 - Updater called before beeing initialized
2024-04-09 21:18:27,624 [INFO] DbMcusAds:53 - JSON generation date=Wed Nov 29 11:52:27 CET 2023 (1701255147349)
2024-04-09 21:18:27,625 [FATAL] Updater:308 - Updater called before beeing initialized
2024-04-09 21:18:27,702 [WARN] DetailPanel:346 - Failed to get advertising image, set to default
2024-04-09 21:18:27,794 [FATAL] Updater:308 - Updater called before beeing initialized
2024-04-09 21:18:27,796 [FATAL] Updater:308 - Updater called before beeing initialized
2024-04-09 21:18:27,796 [FATAL] Updater:308 - Updater called before beeing initialized
2024-04-09 21:18:27,796 [WARN] DetailPanel:346 - Failed to get advertising image, set to default
2024-04-09 21:18:27,797 [FATAL] Updater:308 - Updater called before beeing initialized
2024-04-09 21:18:27,868 [ERROR] Updater:1120 - MainUpdater not yet initialized. External WinMGr cannot be set.
2024-04-09 21:18:27,881 [INFO] Updater:1056 - Updater Version found : 6.10.0
2024-04-09 21:18:27,902 [INFO] ApplicationProperties:184 - Using Application install path: C:\ST\STM32CubeIDE_1.14.1\STM32CubeIDE\plugins\com.st.stm32cube.common.mx_6.10.0.202311202037
2024-04-09 21:18:29,498 [ERROR] LogOutputStream:75 - [STDERR_REDIRECT] Apr 09, 2024 9:18:29 PM java.util.prefs.WindowsPreferences <init>
2024-04-09 21:18:29,501 [ERROR] LogOutputStream:75 - [STDERR_REDIRECT] WARNING: Could not open/create prefs root node Software\JavaSoft\Prefs at root 0xffffffff80000002. Windows RegCreateKeyEx(...) returned error code 5.
2024-04-09 21:18:29,501 [ERROR] LogOutputStream:75 - [STDERR_REDIRECT] 
2024-04-09 21:18:29,881 [INFO] MainUpdater:2873 - connection check result : 10
2024-04-09 21:18:29,882 [INFO] MainUpdater:290 - Updater Check For Update Now.
2024-04-09 21:18:29,883 [INFO] MicroXplorer:498 - Change Database Version : DB.6.0.100
2024-04-09 21:18:29,900 [INFO] McuFinderGlobals:63 - Set McuFinder mode to 2 (CubeIDE integrated)
2024-04-09 21:18:30,091 [INFO] CheckServerUpdateThread:120 - End of CheckServer Thread
2024-04-09 21:18:30,295 [INFO] UserAuth:404 - Internet connection configuration mode: 1
2024-04-09 21:18:30,326 [INFO] JxBrowserEngine:152 - Initiate JxBrowser Engine with user profile folder
2024-04-09 21:18:30,808 [WARN] PackLoader:240 - Cannot read IP mode file for STMicroelectronics.X-CUBE-SMBUS.2.1.0
2024-04-09 21:18:30,824 [WARN] PackLoader:240 - Cannot read IP mode file for STMicroelectronics.X-CUBE-TOUCHGFX.4.23.1
2024-04-09 21:18:30,836 [WARN] PackLoader:240 - Cannot read IP mode file for STMicroelectronics.X-CUBE-TOUCHGFX.4.23.0
2024-04-09 21:18:30,848 [WARN] PackLoader:240 - Cannot read IP mode file for STMicroelectronics.X-CUBE-TOUCHGFX.4.23.2
2024-04-09 21:18:30,892 [WARN] PackLoader:240 - Cannot read IP mode file for STMicroelectronics.X-CUBE-AZRTOS-F7.1.1.0
2024-04-09 21:18:30,913 [WARN] PackLoader:240 - Cannot read IP mode file for STMicroelectronics.FP-SNS-MOTENV1.4.3.2
2024-04-09 21:18:30,930 [WARN] PackLoader:240 - Cannot read IP mode file for STMicroelectronics.FP-SNS-FLIGHT1.5.0.2
2024-04-09 21:18:30,948 [WARN] PackLoader:240 - Cannot read IP mode file for STMicroelectronics.X-CUBE-DISPLAY.3.0.0
2024-04-09 21:18:30,968 [WARN] PackLoader:240 - Cannot read IP mode file for STMicroelectronics.X-CUBE-BLE1.7.0.0
2024-04-09 21:18:30,983 [WARN] PackLoader:240 - Cannot read IP mode file for emotas.I-CUBE-CANOPEN.1.3.0
2024-04-09 21:18:31,002 [WARN] PackLoader:240 - Cannot read IP mode file for STMicroelectronics.X-CUBE-BLEMGR.3.1.0
2024-04-09 21:18:31,018 [WARN] PackLoader:240 - Cannot read IP mode file for STMicroelectronics.FP-SNS-SMARTAG2.1.2.0
2024-04-09 21:18:31,042 [INFO] LogOutputStream:77 - [STDOUT_REDIRECT] 1 : Invalid condition id : UX_CORESTACK_Condition cause : null
2024-04-09 21:18:31,042 [INFO] LogOutputStream:77 - [STDOUT_REDIRECT] 1 : Invalid condition id : UX_CORESTACK_Condition cause : null
2024-04-09 21:18:31,044 [INFO] LogOutputStream:77 - [STDOUT_REDIRECT] 1 : Invalid condition id : UX_CORESTACK_Condition cause : null
2024-04-09 21:18:31,045 [INFO] LogOutputStream:77 - [STDOUT_REDIRECT] 1 : Invalid condition id : UX_CORESTACK_Condition cause : null
2024-04-09 21:18:31,046 [INFO] LogOutputStream:77 - [STDOUT_REDIRECT] 1 : Invalid condition id : UX_CORESTACK_Condition cause : null
2024-04-09 21:18:31,051 [WARN] PackLoader:240 - Cannot read IP mode file for STMicroelectronics.X-CUBE-AZRTOS-WL.2.0.0
2024-04-09 21:18:31,066 [WARN] PackLoader:240 - Cannot read IP mode file for STMicroelectronics.FP-SNS-MOTENV1.5.0.0
2024-04-09 21:18:31,080 [WARN] PackLoader:240 - Cannot read IP mode file for WES.I-CUBE-Cesium.1.3.0
2024-04-09 21:18:31,093 [WARN] PackLoader:240 - Cannot read IP mode file for STMicroelectronics.X-CUBE-BLE2.3.3.0
2024-04-09 21:18:31,107 [WARN] PackLoader:240 - Cannot read IP mode file for STMicroelectronics.X-CUBE-ALGOBUILD.1.3.0
2024-04-09 21:18:31,134 [WARN] PackLoader:240 - Cannot read IP mode file for STMicroelectronics.X-CUBE-AZRTOS-G0.1.1.0
2024-04-09 21:18:31,158 [WARN] PackLoader:240 - Cannot read IP mode file for STMicroelectronics.X-CUBE-SAFEA1.1.2.2
2024-04-09 21:18:31,172 [WARN] PackLoader:240 - Cannot read IP mode file for STMicroelectronics.X-CUBE-NFC4.3.0.0
2024-04-09 21:18:31,185 [WARN] PackLoader:240 - Cannot read IP mode file for STMicroelectronics.FP-ATR-SIGFOX1.3.2.0
2024-04-09 21:18:31,202 [WARN] PackLoader:240 - Cannot read IP mode file for STMicroelectronics.X-CUBE-EEPRMA1.5.1.0
2024-04-09 21:18:31,248 [WARN] PackLoader:240 - Cannot read IP mode file for SEGGER.I-CUBE-embOS.1.3.1
2024-04-09 21:18:31,301 [WARN] PackLoader:240 - Cannot read IP mode file for STMicroelectronics.X-CUBE-GNSS1.6.0.0
2024-04-09 21:18:31,331 [WARN] PackLoader:240 - Cannot read IP mode file for STMicroelectronics.X-CUBE-AZRTOS-F4.1.1.0
2024-04-09 21:18:31,349 [WARN] PackLoader:240 - Cannot read IP mode file for wolfSSL.I-CUBE-wolfSSL.5.6.6
2024-04-09 21:18:31,381 [WARN] PackLoader:240 - Cannot read IP mode file for STMicroelectronics.X-CUBE-AZRTOS-L5.2.0.0
2024-04-09 21:18:31,401 [WARN] PackLoader:240 - Cannot read IP mode file for STMicroelectronics.X-CUBE-NFC6.3.1.0
2024-04-09 21:18:31,417 [WARN] PackLoader:240 - Cannot read IP mode file for ITTIA_DB.I-CUBE-ITTIADB.8.8.0
2024-04-09 21:18:31,431 [WARN] PackLoader:240 - Cannot read IP mode file for STMicroelectronics.X-CUBE-NFC7.1.0.1
2024-04-09 21:18:31,444 [WARN] PackLoader:240 - Cannot read IP mode file for STMicroelectronics.X-CUBE-AI.8.1.0
2024-04-09 21:18:31,473 [WARN] ConditionMgr:438 - getConditionDescription Invalid condition id : LAN8742 Phy interface Condition cause : null
2024-04-09 21:18:31,473 [WARN] PackLoader:240 - Cannot read IP mode file for STMicroelectronics.X-CUBE-AZRTOS-L4.2.0.0
2024-04-09 21:18:31,475 [WARN] ConditionMgr:1039 - genDependencies : Invalid condition id : LAN8742 Phy interface Condition cause : null
2024-04-09 21:18:31,475 [WARN] ConditionMgr:1039 - genDependencies : Invalid condition id : LAN8742 Phy interface Condition cause : null
2024-04-09 21:18:31,476 [WARN] ConditionMgr:1039 - genDependencies : Invalid condition id : LAN8742 Phy interface Condition cause : null
2024-04-09 21:18:31,491 [WARN] PackLoader:240 - Cannot read IP mode file for STMicroelectronics.X-CUBE-SFXS2LP1.4.0.0
2024-04-09 21:18:31,517 [WARN] ConditionMgr:438 - getConditionDescription Invalid condition id : UX DEVICE CLASS RTOS Condition cause : null
2024-04-09 21:18:31,517 [WARN] ConditionMgr:438 - getConditionDescription Invalid condition id : UX DEVICE CLASS RTOS Condition cause : null
2024-04-09 21:18:31,520 [WARN] PackLoader:240 - Cannot read IP mode file for STMicroelectronics.X-CUBE-AZRTOS-WB.2.0.0
2024-04-09 21:18:31,520 [WARN] ConditionMgr:1039 - genDependencies : Invalid condition id : UX DEVICE CLASS RTOS Condition cause : null
2024-04-09 21:18:31,521 [WARN] ConditionMgr:1039 - genDependencies : Invalid condition id : UX DEVICE CLASS RTOS Condition cause : null
2024-04-09 21:18:31,521 [WARN] ConditionMgr:1039 - genDependencies : Invalid condition id : UX DEVICE CLASS RTOS Condition cause : null
2024-04-09 21:18:31,521 [WARN] ConditionMgr:1039 - genDependencies : Invalid condition id : UX DEVICE CLASS RTOS Condition cause : null
2024-04-09 21:18:31,522 [WARN] ConditionMgr:1039 - genDependencies : Invalid condition id : UX DEVICE CLASS RTOS Condition cause : null
2024-04-09 21:18:31,542 [WARN] PackLoader:240 - Cannot read IP mode file for STMicroelectronics.X-CUBE-SUBG2.5.0.0
2024-04-09 21:18:31,572 [WARN] PackLoader:240 - Cannot read IP mode file for STMicroelectronics.X-CUBE-AZRTOS-G4.2.0.0
2024-04-09 21:18:31,597 [WARN] PackLoader:240 - Cannot read IP mode file for Infineon.AIROC-Wi-Fi-Bluetooth-STM32.1.5.1
2024-04-09 21:18:31,614 [WARN] PackLoader:240 - Cannot read IP mode file for STMicroelectronics.FP-SNS-MOTENVWB1.1.3.1
2024-04-09 21:18:31,632 [WARN] PackLoader:240 - Cannot read IP mode file for STMicroelectronics.X-CUBE-ISPU.2.0.0
2024-04-09 21:18:31,697 [WARN] PackLoader:240 - Cannot read IP mode file for STMicroelectronics.X-CUBE-MEMS1.10.0.0
2024-04-09 21:18:31,803 [WARN] PackLoader:240 - Cannot read IP mode file for STMicroelectronics.X-CUBE-FREERTOS.1.1.0
2024-04-09 21:18:31,820 [WARN] PackLoader:240 - Cannot read IP mode file for portGmbH.I-Cube-SoM-uGOAL.1.1.0
2024-04-09 21:18:31,833 [WARN] PackLoader:240 - Cannot read IP mode file for STMicroelectronics.X-CUBE-ALS.1.0.1
2024-04-09 21:18:31,847 [WARN] PackLoader:240 - Cannot read IP mode file for STMicroelectronics.FP-ATR-ASTRA1.2.0.0
2024-04-09 21:18:31,865 [WARN] PackLoader:240 - Cannot read IP mode file for STMicroelectronics.X-CUBE-TOF1.3.4.1
2024-04-09 21:18:31,899 [WARN] PackLoader:240 - Cannot read IP mode file for STMicroelectronics.X-CUBE-AZRTOS-H7.3.2.0
2024-04-09 21:18:31,902 [INFO] ThirdParty:978 - Integrity check success = true
2024-04-09 21:18:31,902 [INFO] IntegrityCheckThread:100 - exiting critical section [integrity check]
2024-04-09 21:18:31,902 [INFO] IntegrityCheckThread:103 - End integrity checks thread
2024-04-09 21:18:33,507 [INFO] WebApp:161 - Instantiating new browser for Auth
2024-04-09 21:18:34,114 [INFO] WebApp:780 - Register for checkConnection events
2024-04-09 21:18:34,115 [INFO] WebApp:414 - Apply proxy settings
2024-04-09 21:18:34,115 [INFO] WebApp:499 - Chromium requires no authentication
2024-04-09 21:18:34,124 [INFO] WebApp:442 - Direct internet connection detected
2024-04-09 21:18:34,314 [INFO] WebApp:192 - Starting web application
2024-04-09 21:18:34,314 [INFO] WebApp:544 - Web application path used C:\ST\STM32CubeIDE_1.14.1\STM32CubeIDE\plugins\com.st.stm32cube.common.mx_6.10.0.202311202037\db\plugins\mcufinder\reactClient1\index.html
2024-04-09 21:18:45,831 [INFO] McuFinderGlobals:63 - Set McuFinder mode to 2 (CubeIDE integrated)
2024-04-09 21:18:45,862 [INFO] MainUpdater:2873 - connection check result : 10
2024-04-09 21:18:45,870 [INFO] MainUpdater:2873 - connection check result : 10
2024-04-09 21:18:46,061 [INFO] MicroXplorer:468 - Change Database Path : 
2024-04-09 21:18:46,062 [INFO] MicroXplorer:498 - Change Database Version : DB.6.0.100
2024-04-09 21:18:46,065 [WARN] ThirdParty:871 - waiting for thirdparty lock release [close project]
2024-04-09 21:18:46,066 [INFO] ThirdParty:873 - entering critical section [close project]
2024-04-09 21:18:46,066 [INFO] ThirdParty:883 - exiting critical section [close project]
2024-04-09 21:18:46,067 [INFO] PinOutPanel:1499 - setPackage(No Configuration,No Configuration)
2024-04-09 21:18:46,071 [INFO] UtilMem:75 - Begin LoadConfig() Used Memory: 155381728 Bytes (300941312)
2024-04-09 21:18:46,072 [INFO] MicroXplorer:468 - Change Database Path : 
2024-04-09 21:18:46,072 [INFO] MicroXplorer:498 - Change Database Version : DB.6.0.100
2024-04-09 21:18:46,072 [INFO] OpenFileManager:312 - Change cursor
2024-04-09 21:18:46,107 [INFO] Mcu:2016 - Initializing MCU STM32L053R(6-8)Tx STM32L053R8Tx STM32L053R8T3
2024-04-09 21:18:47,759 [INFO] Context:659 - Trying to add GPIOservice into a context  which must be forbidden
2024-04-09 21:18:48,128 [INFO] RtosManager:555 - Registered RTOS mode: class=CMSIS, group=RTOS, mode=CMSIS_V1, owner=FREERTOS
2024-04-09 21:18:48,129 [INFO] RtosManager:555 - Registered RTOS mode: class=CMSIS, group=RTOS2, mode=CMSIS_V2, owner=FREERTOS
2024-04-09 21:18:48,129 [INFO] RtosManager:555 - Registered RTOS mode: class=RTOS, group=Core, mode=CMSIS_V1, owner=FREERTOS
2024-04-09 21:18:48,129 [INFO] RtosManager:555 - Registered RTOS mode: class=RTOS, group=Core, mode=CMSIS_V2, owner=FREERTOS
2024-04-09 21:18:48,129 [WARN] ModelIntegratedComponent:184 - Missing modes for component STMicroelectronics:FreeRTOS:0.0.1:STMicroelectronics:RTOS:FreeRTOS:Core:::10.2.0:
2024-04-09 21:18:48,144 [WARN] ModelIntegratedComponent:63 - No mode defined for component null
2024-04-09 21:18:48,145 [WARN] ModelIntegratedComponent:63 - No mode defined for component null
2024-04-09 21:18:48,145 [WARN] ModelIntegratedComponent:63 - No mode defined for component null
2024-04-09 21:18:48,145 [WARN] ModelIntegratedComponent:63 - No mode defined for component null
2024-04-09 21:18:48,145 [WARN] ModelIntegratedComponent:63 - No mode defined for component null
2024-04-09 21:18:48,145 [WARN] ModelIntegratedComponent:63 - No mode defined for component null
2024-04-09 21:18:48,145 [WARN] ModelIntegratedComponent:63 - No mode defined for component null
2024-04-09 21:18:48,145 [WARN] ModelIntegratedComponent:63 - No mode defined for component null
2024-04-09 21:18:48,145 [WARN] ModelIntegratedComponent:63 - No mode defined for component null
2024-04-09 21:18:48,145 [WARN] ModelIntegratedComponent:63 - No mode defined for component null
2024-04-09 21:18:48,145 [WARN] ModelIntegratedComponent:63 - No mode defined for component null
2024-04-09 21:18:48,145 [WARN] ModelIntegratedComponent:63 - No mode defined for component null
2024-04-09 21:18:48,145 [WARN] ModelIntegratedComponent:63 - No mode defined for component null
2024-04-09 21:18:48,145 [WARN] ModelIntegratedComponent:63 - No mode defined for component null
2024-04-09 21:18:48,145 [WARN] ModelIntegratedComponent:63 - No mode defined for component null
2024-04-09 21:18:48,145 [WARN] ModelIntegratedComponent:63 - No mode defined for component null
2024-04-09 21:18:48,145 [WARN] ModelIntegratedComponent:63 - No mode defined for component null
2024-04-09 21:18:48,146 [WARN] ModelIntegratedComponent:63 - No mode defined for component null
2024-04-09 21:18:48,146 [WARN] ModelIntegratedComponent:63 - No mode defined for component null
2024-04-09 21:18:48,146 [WARN] ModelIntegratedComponent:63 - No mode defined for component null
2024-04-09 21:18:48,146 [WARN] ModelIntegratedComponent:63 - No mode defined for component null
2024-04-09 21:18:48,146 [WARN] ModelIntegratedComponent:63 - No mode defined for component null
2024-04-09 21:18:48,146 [WARN] ModelIntegratedComponent:63 - No mode defined for component null
2024-04-09 21:18:48,146 [WARN] ModelIntegratedComponent:63 - No mode defined for component null
2024-04-09 21:18:48,146 [WARN] ModelIntegratedComponent:63 - No mode defined for component null
2024-04-09 21:18:48,146 [WARN] ModelIntegratedComponent:63 - No mode defined for component null
2024-04-09 21:18:48,146 [WARN] ModelIntegratedComponent:63 - No mode defined for component null
2024-04-09 21:18:48,146 [WARN] ModelIntegratedComponent:63 - No mode defined for component null
2024-04-09 21:18:48,146 [WARN] ModelIntegratedComponent:63 - No mode defined for component null
2024-04-09 21:18:48,146 [WARN] ModelIntegratedComponent:63 - No mode defined for component null
2024-04-09 21:18:48,146 [WARN] ModelIntegratedComponent:63 - No mode defined for component null
2024-04-09 21:18:48,146 [WARN] ModelIntegratedComponent:63 - No mode defined for component null
2024-04-09 21:18:48,146 [WARN] ModelIntegratedComponent:63 - No mode defined for component null
2024-04-09 21:18:48,230 [INFO] ThirdPartyModel:298 - Start build external matchings
2024-04-09 21:18:48,416 [INFO] ThirdPartyModel:316 - End build external matchings
2024-04-09 21:18:48,433 [INFO] ImportTextPane:194 - (OptionalMessage_ERROR) IP (RCC) : Parameter (48USBFreq_Value) has invalid value (32000000)
2024-04-09 21:18:48,433 [INFO] ImportTextPane:194 - (OptionalMessage_ERROR) IP (RCC) : Invalid parameter (FamilyName)
2024-04-09 21:18:48,441 [INFO] ImportTextPane:194 - (OptionalMessage_ERROR) IP (RCC) : Invalid parameter (PWRFreq_Value)
2024-04-09 21:18:48,441 [INFO] ImportTextPane:194 - (OptionalMessage_ERROR) IP (RCC) : Parameter (RTCHSEDivFreq_Value) has invalid value (4000000)
2024-04-09 21:18:48,441 [INFO] ImportTextPane:194 - (OptionalMessage_ERROR) IP (RCC) : Invalid parameter (TIMFreq_Value)
2024-04-09 21:18:48,742 [INFO] UtilMem:75 - End LoadConfig() Used Memory: 152558560 Bytes (300941312)
2024-04-09 21:18:49,300 [INFO] ApiDb:581 - Connected to CubeFinder SQLite database (C:\Users\kuba\.stmcufinder\plugins\mcufinder\mcu\cube-finder-db.db)
2024-04-09 21:18:49,383 [INFO] ApiDb:668 - CubeFinder database Data Model version=2.1
2024-04-09 21:18:49,383 [INFO] ApiDb:669 - CubeFinder database Configuration version=3.0.39
2024-04-09 21:18:49,383 [INFO] ApiDb:670 - CubeFinder database generation date=2024-03-01 (1709305525)
2024-04-09 21:18:49,383 [INFO] ApiDb:671 - CubeFinder database FW Pack versions=[FP-ATR-ASTRA1_V2.0.0, FP-SNS-FLIGHT1_V5.0.1, FP-SNS-FLIGHT1_V5.0.2, FP-SNS-MOTENV1_V4.3.1, FP-SNS-MOTENV1_V4.3.2, FP-SNS-MOTENVWB1_V1.3.1, FP-SNS-SMARTAG2_V1.2.0, STM32Cube_FW_C0_V1.1.0, STM32Cube_FW_F4_V1.28.0, STM32Cube_FW_F7_V1.17.0, STM32Cube_FW_G0_V1.6.2, STM32Cube_FW_G4_V1.5.2, STM32Cube_FW_H5_V0.5.1, STM32Cube_FW_H5_V1.1.1, STM32Cube_FW_H5_V1.2.0, STM32Cube_FW_H5_V1.2.0RC4, STM32Cube_FW_H7RS_V1.0.0, STM32Cube_FW_H7RS_V1.0.0RC4, STM32Cube_FW_H7_V1.11.0, STM32Cube_FW_L0_V1.12.2, STM32Cube_FW_L5_V1.5.1, STM32Cube_FW_U0_V1.0.0, STM32Cube_FW_U0_V1.0.0RC1, STM32Cube_FW_U5_V1.3.0RC4, STM32Cube_FW_U5_V1.5.0, STM32Cube_FW_U5_V1.5.0RC1, STM32Cube_FW_WBA_V1.0.0RC1, STM32Cube_FW_WBA_V1.2.0, STM32Cube_FW_WBA_V1.2.0RC2, STM32Cube_FW_WBA_V1.3.0, STM32Cube_FW_WBA_V1.3.0RC1, STM32Cube_FW_WB_V1.15.0RC1, STM32Cube_FW_WB_V1.16.0, STM32Cube_FW_WB_V1.16.0RC2, STM32Cube_FW_WB_V1.18.0, STM32Cube_FW_WB_V1.19.0, STM32Cube_FW_WL_V1.3.0, X-CUBE-ALGOBUILD_V1.3.0, X-CUBE-ALS_V1.0.1, X-CUBE-AZRTOS-F4_V1.1.0, X-CUBE-AZRTOS-F7_V1.1.0, X-CUBE-AZRTOS-G0_V1.1.0, X-CUBE-AZRTOS-G4_V2.0.0, X-CUBE-AZRTOS-H7_V3.2.0, X-CUBE-AZRTOS-L4_V1.0.0, X-CUBE-AZRTOS-L4_V2.0.0, X-CUBE-AZRTOS-L5_V1.1.0, X-CUBE-AZRTOS-WB_V2.0.0, X-CUBE-AZRTOS-WL_V2.0.0, X-CUBE-BLE1_V7.0.0, X-CUBE-BLE2_V3.3.0, X-CUBE-BLEMGR_V3.1.0, X-CUBE-EEPRMA1_V4.1.0, X-CUBE-EEPRMA1_V5.1.0, X-CUBE-FREERTOS_V1.1.0, X-CUBE-GNSS1_V6.0.0, X-CUBE-MEMS1_V10.0.0, X-CUBE-MEMS1_V9.1.0, X-CUBE-MEMS1_V9.4.0, X-CUBE-MEMS1_V9.6.0, X-CUBE-NFC4_V3.0.0, X-CUBE-NFC7_V1.0.1, X-CUBE-SFXS2LP1_V4.0.0, X-CUBE-SUBG2_V5.0.0, X-CUBE-TOF1_V3.4.0]
2024-04-09 21:18:52,221 [INFO] ApiDb:240 - Found 371 in-development CPN: [B-G473E-ZEST1S, B-WB1M-WPAN1, B-WL5M-SUBG1, NUCLEO-C031C6, NUCLEO-H503RB, NUCLEO-H563ZI, NUCLEO-U545RE-Q, NUCLEO-U5A5ZJ-Q, NUCLEO-WBA52CG, NUCLEO-WBA55CG, STEVAL-MKBOXPRO, STEVAL-PROTEUS1, STEVAL-STWINBX1, STM320518-EVAL, STM32C0116-DK, STM32C011D6Y3TR, STM32C011D6Y6TR, STM32C011F4P3, STM32C011F4P6, STM32C011F4U3, STM32C011F4U6TR, STM32C011F6P3, STM32C011F6P6, STM32C011F6U3, STM32C011F6U6TR, STM32C011J4M3, STM32C011J4M6, STM32C011J6M3, STM32C011J6M6, STM32C0316-DK, STM32C031C4T3, STM32C031C4T6, STM32C031C4U3, STM32C031C4U6, STM32C031C6T3, STM32C031C6T6, STM32C031C6U3, STM32C031C6U6, STM32C031F4P3, STM32C031F4P6, STM32C031F6P3, STM32C031F6P6, STM32C031G4U3, STM32C031G4U6, STM32C031G6U3, STM32C031G6U6, STM32C031K4T3, STM32C031K4T6, STM32C031K4U3, STM32C031K4U6, STM32C031K6T3, STM32C031K6T6, STM32C031K6U3, STM32C031K6U6, STM32G071K8TXN, STM32G071K8UXN, STM32G081GBU6N, STM32G081KBT6N, STM32G081KBUXN, STM32G0B1CCT6N, STM32G0B1KCT6, STM32G0B1NEY6TR, STM32G0B1RCT6N, STM32G0C1CCT6, STM32G0C1CCT6N, STM32G0C1CCU6N, STM32G0C1CET6N, STM32G0C1CEU6N, STM32G0C1KCT6, STM32G0C1NEY6TR, STM32G0C1RCI6N, STM32G0C1RCT6N, STM32G0C1REI6N, STM32G0C1RET6N, STM32G0C1VCI6, STM32G0C1VEI6, STM32G471CCT6, STM32G471CCU6, STM32G471CET3, STM32G471CET6, STM32G471CEU3, STM32G471CEU6, STM32G471MCT6, STM32G471MET3, STM32G471MET6, STM32G471MEY6TR, STM32G471QCT6, STM32G471QET3, STM32G471RCT6, STM32G471RET3, STM32G471RET6, STM32G471VCH6, STM32G471VCI6, STM32G471VCT6, STM32G471VEH3, STM32G471VEH6, STM32G471VEI3, STM32G471VEI6, STM32G471VET3, STM32G471VET6, STM32G474CCT6, STM32H503CBT6, STM32H503CBU6, STM32H503EBY6TR, STM32H503KBU6, STM32H503RBT6, STM32H562AGI6, STM32H562AII6, STM32H562IGK6, STM32H562IGT6, STM32H562IIK6, STM32H562IIT6, STM32H562RGT6, STM32H562RGV6, STM32H562RIT6, STM32H562RIV6, STM32H562VGT6, STM32H562VIT6, STM32H562ZGT6, STM32H562ZIT6, STM32H563AGI6, STM32H563AII3Q, STM32H563AII6, STM32H563IGK6, STM32H563IGT6, STM32H563IIK3Q, STM32H563IIK6, STM32H563IIT3Q, STM32H563IIT6, STM32H563MIY3QTR, STM32H563RGT6, STM32H563RGV6, STM32H563RIT6, STM32H563RIV6, STM32H563VGT6, STM32H563VIT3Q, STM32H563VIT6, STM32H563ZGT6, STM32H563ZIT3Q, STM32H563ZIT6, STM32H573AII3Q, STM32H573AII6, STM32H573I-DK, STM32H573IIK3Q, STM32H573IIK6, STM32H573IIT3Q, STM32H573IIT6, STM32H573MIY3QTR, STM32H573RIT6, STM32H573RIV6, STM32H573VIT3Q, STM32H573VIT6, STM32H573ZIT3Q, STM32H573ZIT6, STM32L4R5QGI6STR, STM32MP131AAE3, STM32MP131AAF3, STM32MP131AAG3, STM32MP131CAE3, STM32MP131CAF3, STM32MP131CAG3, STM32MP131DAE7, STM32MP131DAF7, STM32MP131DAG7, STM32MP131FAE7, STM32MP131FAF7, STM32MP131FAG7, STM32MP133AAE3, STM32MP133AAF3, STM32MP133AAG3, STM32MP133CAE3, STM32MP133CAF3, STM32MP133CAG3, STM32MP133DAE7, STM32MP133DAF7, STM32MP133DAG7, STM32MP133FAE7, STM32MP133FAF7, STM32MP133FAG7, STM32MP135AAE3, STM32MP135AAF3, STM32MP135AAG3, STM32MP135CAE3, STM32MP135CAF3, STM32MP135CAG3, STM32MP135DAE7, STM32MP135DAF7, STM32MP135DAG7, STM32MP135F-DK, STM32MP135FAE7, STM32MP135FAF7, STM32MP135FAF7T, STM32MP135FAF7U, STM32MP135FAG7, STM32U535CBT6, STM32U535CBT6Q, STM32U535CBU6, STM32U535CBU6Q, STM32U535CCT6, STM32U535CCT6Q, STM32U535CCU6, STM32U535CCU6Q, STM32U535CET6, STM32U535CET6Q, STM32U535CEU6, STM32U535CEU6Q, STM32U535JEY6QTR, STM32U535NCY6QTR, STM32U535NEY6QTR, STM32U535RBI6, STM32U535RBI6Q, STM32U535RBT6, STM32U535RBT6Q, STM32U535RCI6, STM32U535RCI6Q, STM32U535RCT6, STM32U535RCT6Q, STM32U535REI6, STM32U535REI6Q, STM32U535RET6, STM32U535RET6Q, STM32U535VCI6, STM32U535VCI6Q, STM32U535VCT6, STM32U535VCT6Q, STM32U535VEI6, STM32U535VEI6Q, STM32U535VET6, STM32U535VET6Q, STM32U545CET6, STM32U545CET6Q, STM32U545CEU6, STM32U545CEU6Q, STM32U545JEY6QTR, STM32U545NEY6QTR, STM32U545REI6, STM32U545REI6Q, STM32U545RET6, STM32U545RET6Q, STM32U545VEI6, STM32U545VEI6Q, STM32U545VET6, STM32U545VET6Q, STM32U595AIH6, STM32U595AIH6Q, STM32U595AJH6, STM32U595AJH6Q, STM32U595QII6, STM32U595QII6Q, STM32U595QJI6, STM32U595QJI6Q, STM32U595RIT6, STM32U595RIT6Q, STM32U595RJT6, STM32U595RJT6Q, STM32U595VIT6, STM32U595VIT6Q, STM32U595VJT6, STM32U595VJT6Q, STM32U595ZIT6, STM32U595ZIT6Q, STM32U595ZIY6QTR, STM32U595ZJT6, STM32U595ZJT6Q, STM32U595ZJY6QTR, STM32U599BJY6QTR, STM32U599NIH6Q, STM32U599NJH6Q, STM32U599VIT6Q, STM32U599VJT6, STM32U599VJT6Q, STM32U599ZIT6Q, STM32U599ZIY6QTR, STM32U599ZJT6Q, STM32U599ZJY6QTR, STM32U5A5AJH6, STM32U5A5AJH6Q, STM32U5A5QJI6, STM32U5A5QJI6Q, STM32U5A5RJT6, STM32U5A5RJT6Q, STM32U5A5VJT6, STM32U5A5VJT6Q, STM32U5A5ZJT6, STM32U5A5ZJT6Q, STM32U5A5ZJY6QTR, STM32U5A9BJY6QTR, STM32U5A9J-DK, STM32U5A9NJH6Q, STM32U5A9VJT6Q, STM32U5A9ZJT6Q, STM32U5A9ZJY6QTR, STM32U5F7VIT6, STM32U5F7VIT6Q, STM32U5F7VJT6, STM32U5F7VJT6Q, STM32U5F9BJY6QTR, STM32U5F9NJH6Q, STM32U5F9VIT6Q, STM32U5F9VJT6Q, STM32U5F9ZIJ6QTR, STM32U5F9ZIT6Q, STM32U5F9ZJJ6QTR, STM32U5F9ZJT6Q, STM32U5G7VJT6, STM32U5G7VJT6Q, STM32U5G9BJY6QTR, STM32U5G9J-DK1, STM32U5G9J-DK2, STM32U5G9NJH6Q, STM32U5G9VJT6Q, STM32U5G9ZJJ6QTR, STM32U5G9ZJT6Q, STM32WB1MMCH6, STM32WBA50KEU6, STM32WBA50KEU6TR, STM32WBA50KGU6, STM32WBA50KGU6TR, STM32WBA52CEU6, STM32WBA52CEU6TR, STM32WBA52CEU7, STM32WBA52CEU7TR, STM32WBA52CGU6, STM32WBA52CGU6TR, STM32WBA52CGU6U, STM32WBA52CGU7, STM32WBA52CGU7TR, STM32WBA52KEU6, STM32WBA52KEU6TR, STM32WBA52KGU6, STM32WBA52KGU6TR, STM32WBA54CEU6, STM32WBA54CEU6TR, STM32WBA54CEU7, STM32WBA54CEU7TR, STM32WBA54CGU6, STM32WBA54CGU6TR, STM32WBA54CGU7, STM32WBA54CGU7TR, STM32WBA54KEU6, STM32WBA54KEU6TR, STM32WBA54KEU7, STM32WBA54KEU7TR, STM32WBA54KGU6, STM32WBA54KGU6TR, STM32WBA54KGU7, STM32WBA54KGU7TR, STM32WBA55CEU6, STM32WBA55CEU6TR, STM32WBA55CEU7, STM32WBA55CEU7TR, STM32WBA55CGU6, STM32WBA55CGU6TR, STM32WBA55CGU6U, STM32WBA55CGU7, STM32WBA55CGU7TR, STM32WBA55G-DK1, STM32WBA55HEF6, STM32WBA55HEF7, STM32WBA55HGF6, STM32WBA55HGF7, STM32WBA55UEI6, STM32WBA55UEI6TR, STM32WBA55UEI7, STM32WBA55UEI7TR, STM32WBA55UGI6, STM32WBA55UGI6TR, STM32WBA55UGI7, STM32WBA55UGI7TR, STM32WL5MOCH6, STM32WL5MOCH6TR]
2024-04-09 21:18:52,226 [INFO] DbMcus:218 - Found 3986 MCUs, 3986 are supported
2024-04-09 21:18:52,228 [INFO] ApiDb:423 - Load user favorites file C:\Users\kuba/.stm32cubeide/favorites.mcus.txt: 0 item(s)
2024-04-09 21:18:52,228 [INFO] ApiDb:427 - User favorites MCUs=[]
2024-04-09 21:18:52,228 [INFO] DbMcus:224 - Set 0 / 0 favorites MCUs
2024-04-09 21:18:52,877 [INFO] MicroXplorer:468 - Change Database Path : 
2024-04-09 21:18:52,878 [INFO] MicroXplorer:498 - Change Database Version : DB.6.0.100
2024-04-09 21:18:52,878 [WARN] ThirdParty:833 - waiting for thirdparty lock release [change project]
2024-04-09 21:18:52,878 [INFO] ThirdParty:835 - entering critical section [change project]
2024-04-09 21:18:52,878 [INFO] ThirdParty:1030 - CMSIS Pack Vendor :STMicroelectronics USBPD 4.1
2024-04-09 21:18:52,878 [INFO] ThirdParty:1030 - CMSIS Pack Vendor :STMicroelectronics X-CUBE-GNSS1 6.0.0
2024-04-09 21:18:52,878 [INFO] ThirdParty:1030 - CMSIS Pack Vendor :STMicroelectronics USB_HOST 2.0.0
2024-04-09 21:18:52,878 [INFO] ThirdParty:1030 - CMSIS Pack Vendor :STMicroelectronics X-CUBE-AZRTOS-F4 1.1.0
2024-04-09 21:18:52,878 [INFO] ThirdParty:1030 - CMSIS Pack Vendor :STMicroelectronics LIBJPEG 8.0.0
2024-04-09 21:18:52,879 [INFO] ThirdParty:1030 - CMSIS Pack Vendor :STMicroelectronics X-CUBE-SMBUS 2.1.0
2024-04-09 21:18:52,879 [INFO] ThirdParty:1030 - CMSIS Pack Vendor :STMicroelectronics USB_DEVICE 3.0.0
2024-04-09 21:18:52,879 [INFO] ThirdParty:1030 - CMSIS Pack Vendor :STMicroelectronics X-CUBE-AZRTOS-WB 2.0.0
2024-04-09 21:18:52,879 [INFO] ThirdParty:1030 - CMSIS Pack Vendor :wolfSSL I-CUBE-wolfSSL 5.6.6
2024-04-09 21:18:52,879 [INFO] ThirdParty:1030 - CMSIS Pack Vendor :STMicroelectronics X-CUBE-TOUCHGFX 4.23.1
2024-04-09 21:18:52,879 [INFO] ThirdParty:1030 - CMSIS Pack Vendor :STMicroelectronics X-CUBE-TOUCHGFX 4.23.0
2024-04-09 21:18:52,879 [INFO] ThirdParty:1030 - CMSIS Pack Vendor :STMicroelectronics X-CUBE-TOUCHGFX 4.23.2
2024-04-09 21:18:52,879 [INFO] ThirdParty:1030 - CMSIS Pack Vendor :STMicroelectronics X-CUBE-AZRTOS-F7 1.1.0
2024-04-09 21:18:52,879 [INFO] ThirdParty:1030 - CMSIS Pack Vendor :STMicroelectronics X-CUBE-AZRTOS-L5 2.0.0
2024-04-09 21:18:52,879 [INFO] ThirdParty:1030 - CMSIS Pack Vendor :STMicroelectronics USB_DEVICE 2.0.0
2024-04-09 21:18:52,879 [INFO] ThirdParty:1030 - CMSIS Pack Vendor :STMicroelectronics X-CUBE-NFC6 3.1.0
2024-04-09 21:18:52,879 [INFO] ThirdParty:1030 - CMSIS Pack Vendor :ITTIA_DB I-CUBE-ITTIADB 8.8.0
2024-04-09 21:18:52,879 [INFO] ThirdParty:1030 - CMSIS Pack Vendor :STMicroelectronics FP-SNS-MOTENV1 4.3.2
2024-04-09 21:18:52,879 [INFO] ThirdParty:1030 - CMSIS Pack Vendor :STMicroelectronics X-CUBE-ALGOBUILD 1.3.0
2024-04-09 21:18:52,879 [INFO] ThirdParty:1030 - CMSIS Pack Vendor :STMicroelectronics FreeRTOS 0.0.1
2024-04-09 21:18:52,879 [INFO] ThirdParty:1030 - CMSIS Pack Vendor :STMicroelectronics X-CUBE-AZRTOS-G0 1.1.0
2024-04-09 21:18:52,879 [INFO] ThirdParty:1030 - CMSIS Pack Vendor :STMicroelectronics X-CUBE-SAFEA1 1.2.2
2024-04-09 21:18:52,879 [INFO] ThirdParty:1030 - CMSIS Pack Vendor :STMicroelectronics X-CUBE-NFC4 3.0.0
2024-04-09 21:18:52,880 [INFO] ThirdParty:1030 - CMSIS Pack Vendor :STMicroelectronics X-CUBE-SUBG2 5.0.0
2024-04-09 21:18:52,880 [INFO] ThirdParty:1030 - CMSIS Pack Vendor :STMicroelectronics STM32_WPAN 1.0.0
2024-04-09 21:18:52,880 [INFO] ThirdParty:1030 - CMSIS Pack Vendor :STMicroelectronics lwIP 2.0.3
2024-04-09 21:18:52,880 [INFO] ThirdParty:1030 - CMSIS Pack Vendor :STMicroelectronics FP-SNS-FLIGHT1 5.0.2
2024-04-09 21:18:52,880 [INFO] ThirdParty:1030 - CMSIS Pack Vendor :STMicroelectronics USB_HOST 1.0.0
2024-04-09 21:18:52,880 [INFO] ThirdParty:1030 - CMSIS Pack Vendor :STMicroelectronics X-CUBE-AZRTOS-G4 2.0.0
2024-04-09 21:18:52,880 [INFO] ThirdParty:1030 - CMSIS Pack Vendor :STMicroelectronics PDM2PCM 3.1.0
2024-04-09 21:18:52,880 [INFO] ThirdParty:1030 - CMSIS Pack Vendor :Infineon AIROC-Wi-Fi-Bluetooth-STM32 1.5.1
2024-04-09 21:18:52,880 [INFO] ThirdParty:1030 - CMSIS Pack Vendor :STMicroelectronics PDM2PCM 3.3.0
2024-04-09 21:18:52,880 [INFO] ThirdParty:1030 - CMSIS Pack Vendor :STMicroelectronics X-CUBE-DISPLAY 3.0.0
2024-04-09 21:18:52,880 [INFO] ThirdParty:1030 - CMSIS Pack Vendor :STMicroelectronics FP-SNS-MOTENVWB1 1.3.1
2024-04-09 21:18:52,880 [INFO] ThirdParty:1030 - CMSIS Pack Vendor :STMicroelectronics X-CUBE-BLE1 7.0.0
2024-04-09 21:18:52,880 [INFO] ThirdParty:1030 - CMSIS Pack Vendor :STMicroelectronics FP-ATR-SIGFOX1 3.2.0
2024-04-09 21:18:52,880 [INFO] ThirdParty:1030 - CMSIS Pack Vendor :STMicroelectronics X-CUBE-ISPU 2.0.0
2024-04-09 21:18:52,880 [INFO] ThirdParty:1030 - CMSIS Pack Vendor :STMicroelectronics X-CUBE-EEPRMA1 5.1.0
2024-04-09 21:18:52,880 [INFO] ThirdParty:1030 - CMSIS Pack Vendor :STMicroelectronics HAL Drivers 0.0.0
2024-04-09 21:18:52,881 [INFO] ThirdParty:1030 - CMSIS Pack Vendor :STMicroelectronics MBEDTLS 2.16.2
2024-04-09 21:18:52,881 [INFO] ThirdParty:1030 - CMSIS Pack Vendor :emotas I-CUBE-CANOPEN 1.3.0
2024-04-09 21:18:52,881 [INFO] ThirdParty:1030 - CMSIS Pack Vendor :STMicroelectronics X-CUBE-MEMS1 10.0.0
2024-04-09 21:18:52,881 [INFO] ThirdParty:1030 - CMSIS Pack Vendor :STMicroelectronics X-CUBE-FREERTOS 1.1.0
2024-04-09 21:18:52,881 [INFO] ThirdParty:1030 - CMSIS Pack Vendor :STMicroelectronics X-CUBE-NFC7 1.0.1
2024-04-09 21:18:52,881 [INFO] ThirdParty:1030 - CMSIS Pack Vendor :STMicroelectronics MBEDTLS 2.14.1
2024-04-09 21:18:52,881 [INFO] ThirdParty:1030 - CMSIS Pack Vendor :portGmbH I-Cube-SoM-uGOAL 1.1.0
2024-04-09 21:18:52,881 [INFO] ThirdParty:1030 - CMSIS Pack Vendor :STMicroelectronics X-CUBE-ALS 1.0.1
2024-04-09 21:18:52,881 [INFO] ThirdParty:1030 - CMSIS Pack Vendor :STMicroelectronics X-CUBE-BLEMGR 3.1.0
2024-04-09 21:18:52,881 [INFO] ThirdParty:1030 - CMSIS Pack Vendor :STMicroelectronics ThreadX 1.0.0
2024-04-09 21:18:52,881 [INFO] ThirdParty:1030 - CMSIS Pack Vendor :STMicroelectronics FP-SNS-SMARTAG2 1.2.0
2024-04-09 21:18:52,881 [INFO] ThirdParty:1030 - CMSIS Pack Vendor :STMicroelectronics X-CUBE-AZRTOS-WL 2.0.0
2024-04-09 21:18:52,881 [INFO] ThirdParty:1030 - CMSIS Pack Vendor :SEGGER I-CUBE-embOS 1.3.1
2024-04-09 21:18:52,882 [INFO] ThirdParty:1030 - CMSIS Pack Vendor :STMicroelectronics FP-SNS-MOTENV1 5.0.0
2024-04-09 21:18:52,882 [INFO] ThirdParty:1030 - CMSIS Pack Vendor :STMicroelectronics USB_DEVICE 1.0.0
2024-04-09 21:18:52,882 [INFO] ThirdParty:1030 - CMSIS Pack Vendor :STMicroelectronics X-CUBE-AI 8.1.0
2024-04-09 21:18:52,882 [INFO] ThirdParty:1030 - CMSIS Pack Vendor :STMicroelectronics X-CUBE-AZRTOS-L4 2.0.0
2024-04-09 21:18:52,882 [INFO] ThirdParty:1030 - CMSIS Pack Vendor :STMicroelectronics ThreadX 0.0.2
2024-04-09 21:18:52,882 [INFO] ThirdParty:1030 - CMSIS Pack Vendor :WES I-CUBE-Cesium 1.3.0
2024-04-09 21:18:52,882 [INFO] ThirdParty:1030 - CMSIS Pack Vendor :STMicroelectronics FP-ATR-ASTRA1 2.0.0
2024-04-09 21:18:52,882 [INFO] ThirdParty:1030 - CMSIS Pack Vendor :STMicroelectronics lwIP 2.1.2
2024-04-09 21:18:52,882 [INFO] ThirdParty:1030 - CMSIS Pack Vendor :STMicroelectronics X-CUBE-SFXS2LP1 4.0.0
2024-04-09 21:18:52,882 [INFO] ThirdParty:1030 - CMSIS Pack Vendor :STMicroelectronics X-CUBE-BLE2 3.3.0
2024-04-09 21:18:52,882 [INFO] ThirdParty:1030 - CMSIS Pack Vendor :STMicroelectronics X-CUBE-TOF1 3.4.1
2024-04-09 21:18:52,882 [INFO] ThirdParty:1030 - CMSIS Pack Vendor :STMicroelectronics X-CUBE-AZRTOS-H7 3.2.0
2024-04-09 21:18:52,882 [INFO] ThirdParty:1030 - CMSIS Pack Vendor :STMicroelectronics PDM2PCM 3.2.0
2024-04-09 21:18:52,882 [INFO] ThirdParty:841 - exiting critical section [change project]
2024-04-09 21:18:53,310 [INFO] PinOutPanel:1499 - setPackage(No Configuration,No Configuration)
2024-04-09 21:18:53,312 [INFO] PinOutPanel:1499 - setPackage(STM32L053R8Tx,LQFP64)
2024-04-09 21:18:54,094 [INFO] UtilMem:75 - Before build in PCC Used Memory: 187825616 Bytes (329252864)
2024-04-09 21:18:55,322 [INFO] UtilMem:75 - After build in PCC Used Memory: 226923048 Bytes (329252864)
2024-04-09 21:18:55,362 [INFO] IPUIPlugin:80 - create IPUIPlugin
2024-04-09 21:18:55,363 [INFO] IPUIPlugin:80 - create IPUIPlugin
2024-04-09 21:18:55,363 [INFO] IPUIPlugin:80 - create IPUIPlugin
2024-04-09 21:18:55,363 [INFO] IPUIPlugin:80 - create IPUIPlugin
2024-04-09 21:18:55,364 [INFO] IPUIPlugin:80 - create IPUIPlugin
2024-04-09 21:18:55,364 [INFO] IPUIPlugin:80 - create IPUIPlugin
2024-04-09 21:18:55,364 [INFO] IPUIPlugin:80 - create IPUIPlugin
2024-04-09 21:18:55,365 [INFO] IPUIPlugin:80 - create IPUIPlugin
2024-04-09 21:18:55,365 [INFO] IPUIPlugin:80 - create IPUIPlugin
2024-04-09 21:18:55,365 [INFO] IPUIPlugin:80 - create IPUIPlugin
2024-04-09 21:18:55,366 [INFO] IPUIPlugin:80 - create IPUIPlugin
2024-04-09 21:18:55,366 [INFO] IPUIPlugin:80 - create IPUIPlugin
2024-04-09 21:18:55,366 [INFO] IPUIPlugin:80 - create IPUIPlugin
2024-04-09 21:18:55,366 [INFO] IPUIPlugin:80 - create IPUIPlugin
2024-04-09 21:18:55,366 [INFO] IPUIPlugin:80 - create IPUIPlugin
2024-04-09 21:18:55,367 [INFO] IPUIPlugin:80 - create IPUIPlugin
2024-04-09 21:18:55,367 [INFO] IPUIPlugin:80 - create IPUIPlugin
2024-04-09 21:18:55,368 [INFO] IPUIPlugin:80 - create IPUIPlugin
2024-04-09 21:18:55,368 [INFO] IPUIPlugin:80 - create IPUIPlugin
2024-04-09 21:18:55,369 [INFO] IPUIPlugin:80 - create IPUIPlugin
2024-04-09 21:18:55,369 [INFO] IPUIPlugin:80 - create IPUIPlugin
2024-04-09 21:18:55,369 [INFO] IPUIPlugin:80 - create IPUIPlugin
2024-04-09 21:18:55,370 [INFO] IPUIPlugin:80 - create IPUIPlugin
2024-04-09 21:18:55,370 [INFO] IPUIPlugin:80 - create IPUIPlugin
2024-04-09 21:18:55,371 [INFO] IPUIPlugin:80 - create IPUIPlugin
2024-04-09 21:18:55,371 [INFO] IPUIPlugin:80 - create IPUIPlugin
2024-04-09 21:18:55,372 [INFO] IPUIPlugin:80 - create IPUIPlugin
2024-04-09 21:18:55,372 [INFO] IPUIPlugin:80 - create IPUIPlugin
2024-04-09 21:18:55,373 [INFO] IPUIPlugin:80 - create IPUIPlugin
2024-04-09 21:18:55,373 [INFO] IPUIPlugin:80 - create IPUIPlugin
2024-04-09 21:18:55,374 [INFO] IPUIPlugin:80 - create IPUIPlugin
2024-04-09 21:18:55,374 [INFO] IPUIPlugin:80 - create IPUIPlugin
2024-04-09 21:18:55,375 [INFO] IPUIPlugin:80 - create IPUIPlugin
2024-04-09 21:18:55,375 [INFO] IPUIPlugin:80 - create IPUIPlugin
2024-04-09 21:18:55,646 [INFO] CADModel:165 - CPN selected for project levelSTM32L053R8T3
2024-04-09 21:18:55,646 [INFO] CADModel:114 - Register for checkConnection events
2024-04-09 21:18:55,666 [ERROR] LogOutputStream:75 - [STDERR_REDIRECT] SLF4J: Failed to load class "org.slf4j.impl.StaticLoggerBinder".
2024-04-09 21:18:55,667 [ERROR] LogOutputStream:75 - [STDERR_REDIRECT] SLF4J: Defaulting to no-operation (NOP) logger implementation
2024-04-09 21:18:55,668 [ERROR] LogOutputStream:75 - [STDERR_REDIRECT] SLF4J: See http://www.slf4j.org/codes.html#StaticLoggerBinder for further details.
2024-04-09 21:18:55,735 [INFO] OpenFileManager:343 - Restore cursor
2024-04-09 21:20:33,745 [INFO] NvicIntPanel:101 - NVIC parent = com.st.microxplorer.plugins.ip.nvic.MultiNvicIntPanel[,0,0,552x264,layout=javax.swing.BoxLayout,alignmentX=0.0,alignmentY=0.0,border=,flags=9,maximumSize=,minimumSize=,preferredSize=]
2024-04-09 21:20:39,456 [INFO] I2cTimingTraitement:330 - 0x00707CBB
2024-04-09 21:20:41,355 [INFO] NvicIntPanel:101 - NVIC parent = com.st.microxplorer.plugins.ip.nvic.MultiNvicIntPanel[,0,0,552x264,layout=javax.swing.BoxLayout,alignmentX=0.0,alignmentY=0.0,border=,flags=9,maximumSize=,minimumSize=,preferredSize=]
2024-04-09 21:20:43,193 [INFO] I2cTimingTraitement:330 - 0x00707CBB
2024-04-09 21:20:43,241 [INFO] NvicIntPanel:101 - NVIC parent = com.st.microxplorer.plugins.ip.nvic.MultiNvicIntPanel[,0,0,0x0,invalid,layout=javax.swing.BoxLayout,alignmentX=0.0,alignmentY=0.0,border=,flags=9,maximumSize=,minimumSize=,preferredSize=]
2024-04-09 21:20:44,050 [INFO] I2cTimingTraitement:330 - 0x00707CBB
2024-04-09 21:20:44,085 [INFO] NvicIntPanel:101 - NVIC parent = com.st.microxplorer.plugins.ip.nvic.MultiNvicIntPanel[,0,0,0x0,invalid,layout=javax.swing.BoxLayout,alignmentX=0.0,alignmentY=0.0,border=,flags=9,maximumSize=,minimumSize=,preferredSize=]
2024-04-09 21:20:50,281 [INFO] I2cTimingTraitement:330 - 0x00707CBB
2024-04-09 21:20:50,313 [INFO] NvicIntPanel:101 - NVIC parent = com.st.microxplorer.plugins.ip.nvic.MultiNvicIntPanel[,0,0,0x0,invalid,layout=javax.swing.BoxLayout,alignmentX=0.0,alignmentY=0.0,border=,flags=9,maximumSize=,minimumSize=,preferredSize=]
2024-04-09 21:21:08,272 [INFO] I2cTimingTraitement:330 - 0x00707CBB
2024-04-09 21:21:09,647 [INFO] NvicIntPanel:101 - NVIC parent = com.st.microxplorer.plugins.ip.nvic.MultiNvicIntPanel[,0,0,552x264,layout=javax.swing.BoxLayout,alignmentX=0.0,alignmentY=0.0,border=,flags=9,maximumSize=,minimumSize=,preferredSize=]
2024-04-09 21:21:34,064 [INFO] NvicIntPanel:101 - NVIC parent = com.st.microxplorer.plugins.ip.nvic.MultiNvicIntPanel[,0,0,0x0,invalid,layout=javax.swing.BoxLayout,alignmentX=0.0,alignmentY=0.0,border=,flags=9,maximumSize=,minimumSize=,preferredSize=]
2024-04-09 21:21:48,153 [INFO] I2cTimingTraitement:330 - 0x00707CBB
2024-04-09 21:21:48,186 [INFO] NvicIntPanel:101 - NVIC parent = com.st.microxplorer.plugins.ip.nvic.MultiNvicIntPanel[,0,0,0x0,invalid,layout=javax.swing.BoxLayout,alignmentX=0.0,alignmentY=0.0,border=,flags=9,maximumSize=,minimumSize=,preferredSize=]
2024-04-09 21:21:49,598 [INFO] NvicIntPanel:101 - NVIC parent = com.st.microxplorer.plugins.ip.nvic.MultiNvicIntPanel[,0,0,0x0,invalid,layout=javax.swing.BoxLayout,alignmentX=0.0,alignmentY=0.0,border=,flags=9,maximumSize=,minimumSize=,preferredSize=]
2024-04-09 21:21:50,627 [INFO] NvicIntPanel:101 - NVIC parent = com.st.microxplorer.plugins.ip.nvic.MultiNvicIntPanel[,0,0,0x0,invalid,layout=javax.swing.BoxLayout,alignmentX=0.0,alignmentY=0.0,border=,flags=9,maximumSize=,minimumSize=,preferredSize=]
2024-04-09 21:21:53,457 [INFO] UtilMem:75 - End SaveConfig() Used Memory: 779557624 Bytes (1073741824)
2024-04-09 21:21:54,684 [INFO] UtilMem:75 - End SaveConfig() Used Memory: 807869176 Bytes (1073741824)
2024-04-09 21:21:55,513 [INFO] UtilMem:75 - End SaveConfig() Used Memory: 837755640 Bytes (1073741824)
2024-04-09 21:21:55,952 [INFO] BlockDiagram:2759 - set Specific Code input for plugin: SPI
2024-04-09 21:21:55,952 [INFO] BlockDiagram:2759 - set Specific Code input for plugin: NVIC
2024-04-09 21:21:55,952 [INFO] BlockDiagram:2759 - set Specific Code input for plugin: USART
2024-04-09 21:21:55,952 [INFO] BlockDiagram:2759 - set Specific Code input for plugin: USART
2024-04-09 21:21:55,952 [INFO] BlockDiagram:2759 - set Specific Code input for plugin: SYS
2024-04-09 21:21:55,952 [INFO] BlockDiagram:2759 - set Specific Code input for plugin: GPIO
2024-04-09 21:21:55,952 [INFO] BlockDiagram:2759 - set Specific Code input for plugin: RCC
2024-04-09 21:21:55,952 [INFO] BlockDiagram:2759 - set Specific Code input for plugin: I2C
2024-04-09 21:21:55,954 [INFO] CodeGenerator:807 - code generatio: config db path: C:\ST\STM32CubeIDE_1.14.1\STM32CubeIDE\plugins\com.st.stm32cube.common.mx_6.10.0.202311202037\\db\
2024-04-09 21:21:56,300 [INFO] CodeEngine:255 - oldGeneratedFile, C:\Users\kuba\STM32CubeIDE\workspace_1.14.1\sensory\MXTmpFiles\license.tmp_save
2024-04-09 21:21:56,693 [INFO] CodeEngine:279 - Generated code: C:\Users\kuba\STM32CubeIDE\workspace_1.14.1\sensory\MXTmpFiles\license.tmp
2024-04-09 21:21:56,862 [INFO] CodeEngine:255 - oldGeneratedFile, C:\Users\kuba\STM32CubeIDE\workspace_1.14.1\sensory\Core\Src\gpio.c_save
2024-04-09 21:21:57,030 [INFO] CodeEngine:279 - Generated code: C:\Users\kuba\STM32CubeIDE\workspace_1.14.1\sensory\Core\Src\gpio.c
2024-04-09 21:21:57,052 [INFO] CodeEngine:255 - oldGeneratedFile, C:\Users\kuba\STM32CubeIDE\workspace_1.14.1\sensory\Core\Inc\gpio.h_save
2024-04-09 21:21:57,156 [INFO] CodeEngine:279 - Generated code: C:\Users\kuba\STM32CubeIDE\workspace_1.14.1\sensory\Core\Inc\gpio.h
2024-04-09 21:21:57,572 [INFO] CodeEngine:255 - oldGeneratedFile, C:\Users\kuba\STM32CubeIDE\workspace_1.14.1\sensory\Core\Src\i2c.c_save
2024-04-09 21:21:57,750 [INFO] CodeEngine:279 - Generated code: C:\Users\kuba\STM32CubeIDE\workspace_1.14.1\sensory\Core\Src\i2c.c
2024-04-09 21:21:57,775 [INFO] CodeEngine:255 - oldGeneratedFile, C:\Users\kuba\STM32CubeIDE\workspace_1.14.1\sensory\Core\Inc\i2c.h_save
2024-04-09 21:21:57,884 [INFO] CodeEngine:279 - Generated code: C:\Users\kuba\STM32CubeIDE\workspace_1.14.1\sensory\Core\Inc\i2c.h
2024-04-09 21:21:57,896 [INFO] CodeEngine:255 - oldGeneratedFile, C:\Users\kuba\STM32CubeIDE\workspace_1.14.1\sensory\Core\Src\spi.c_save
2024-04-09 21:21:58,023 [INFO] CodeEngine:279 - Generated code: C:\Users\kuba\STM32CubeIDE\workspace_1.14.1\sensory\Core\Src\spi.c
2024-04-09 21:21:58,029 [INFO] CodeEngine:255 - oldGeneratedFile, C:\Users\kuba\STM32CubeIDE\workspace_1.14.1\sensory\Core\Inc\spi.h_save
2024-04-09 21:21:58,126 [INFO] CodeEngine:279 - Generated code: C:\Users\kuba\STM32CubeIDE\workspace_1.14.1\sensory\Core\Inc\spi.h
2024-04-09 21:21:58,149 [INFO] CodeEngine:255 - oldGeneratedFile, C:\Users\kuba\STM32CubeIDE\workspace_1.14.1\sensory\Core\Src\usart.c_save
2024-04-09 21:21:58,270 [INFO] CodeEngine:279 - Generated code: C:\Users\kuba\STM32CubeIDE\workspace_1.14.1\sensory\Core\Src\usart.c
2024-04-09 21:21:58,278 [INFO] CodeEngine:255 - oldGeneratedFile, C:\Users\kuba\STM32CubeIDE\workspace_1.14.1\sensory\Core\Inc\usart.h_save
2024-04-09 21:21:58,370 [INFO] CodeEngine:279 - Generated code: C:\Users\kuba\STM32CubeIDE\workspace_1.14.1\sensory\Core\Inc\usart.h
2024-04-09 21:21:58,399 [INFO] CodeEngine:255 - oldGeneratedFile, C:\Users\kuba\STM32CubeIDE\workspace_1.14.1\sensory\Core\Src\stm32l0xx_it.c_save
2024-04-09 21:21:58,521 [INFO] CodeEngine:279 - Generated code: C:\Users\kuba\STM32CubeIDE\workspace_1.14.1\sensory\Core\Src\stm32l0xx_it.c
2024-04-09 21:21:58,540 [INFO] CodeEngine:255 - oldGeneratedFile, C:\Users\kuba\STM32CubeIDE\workspace_1.14.1\sensory\Core\Inc\stm32l0xx_it.h_save
2024-04-09 21:21:58,630 [INFO] CodeEngine:279 - Generated code: C:\Users\kuba\STM32CubeIDE\workspace_1.14.1\sensory\Core\Inc\stm32l0xx_it.h
2024-04-09 21:21:58,664 [INFO] CodeEngine:255 - oldGeneratedFile, C:\Users\kuba\STM32CubeIDE\workspace_1.14.1\sensory\Core\Src\stm32l0xx_hal_msp.c_save
2024-04-09 21:21:58,765 [INFO] CodeEngine:279 - Generated code: C:\Users\kuba\STM32CubeIDE\workspace_1.14.1\sensory\Core\Src\stm32l0xx_hal_msp.c
2024-04-09 21:21:58,776 [INFO] CodeEngine:255 - oldGeneratedFile, C:\Users\kuba\STM32CubeIDE\workspace_1.14.1\sensory\MXTmpFiles\system.tmp_save
2024-04-09 21:21:58,844 [INFO] CodeEngine:279 - Generated code: C:\Users\kuba\STM32CubeIDE\workspace_1.14.1\sensory\MXTmpFiles\system.tmp
2024-04-09 21:21:58,872 [INFO] CodeEngine:311 - oldGeneratedFile, C:\Users\kuba\STM32CubeIDE\workspace_1.14.1\sensory\Core\Inc\stm32l0xx_hal_conf.h_save
2024-04-09 21:21:58,967 [INFO] CodeEngine:335 - Generated code: C:\Users\kuba\STM32CubeIDE\workspace_1.14.1\sensory\Core\Inc\stm32l0xx_hal_conf.h
2024-04-09 21:21:59,040 [INFO] CodeEngine:255 - oldGeneratedFile, C:\Users\kuba\STM32CubeIDE\workspace_1.14.1\sensory\Core\Inc\main.h_save
2024-04-09 21:21:59,144 [INFO] CodeEngine:279 - Generated code: C:\Users\kuba\STM32CubeIDE\workspace_1.14.1\sensory\Core\Inc\main.h
2024-04-09 21:21:59,165 [INFO] CodeEngine:255 - oldGeneratedFile, C:\Users\kuba\STM32CubeIDE\workspace_1.14.1\sensory\Core\Src\main.c_save
2024-04-09 21:21:59,313 [INFO] CodeEngine:279 - Generated code: C:\Users\kuba\STM32CubeIDE\workspace_1.14.1\sensory\Core\Src\main.c
2024-04-09 21:21:59,988 [INFO] ProjectBuilder:3076 - Time for Copy HAL[1] : 298mS.
2024-04-09 21:21:59,995 [INFO] ProjectBuilder:4485 - Project Generator version: 4.2.0-B44
2024-04-09 21:22:00,238 [INFO] ConfigFileManager:1495 - The Die is : DIE417
2024-04-09 21:22:00,256 [INFO] ApiDbMcu:508 - Load IP Config File for FATFS
2024-04-09 21:22:00,269 [INFO] ApiDbMcu:508 - Load IP Config File for FREERTOS
2024-04-09 21:22:00,291 [INFO] ApiDbMcu:508 - Load IP Config File for TOUCHSENSING
2024-04-09 21:22:00,304 [INFO] ApiDbMcu:508 - Load IP Config File for USB_DEVICE
2024-04-09 21:22:01,325 [INFO] LogOutputStream:77 - [STDOUT_REDIRECT] 
2024-04-09 21:22:03,120 [INFO] ProjectBuilder:4747 - Time for Generating toolchain IDE Files: 3125mS.
2024-04-09 21:22:03,121 [INFO] ProjectBuilder:2947 - Time for Copy CMSIS : 0mS.
2024-04-09 21:22:03,125 [INFO] ProjectBuilder:2947 - Time for Copy CMSIS : 0mS.
2024-04-09 21:40:29,113 [INFO] NvicIntPanel:101 - NVIC parent = com.st.microxplorer.plugins.ip.nvic.MultiNvicIntPanel[,0,0,0x0,invalid,layout=javax.swing.BoxLayout,alignmentX=0.0,alignmentY=0.0,border=,flags=9,maximumSize=,minimumSize=,preferredSize=]
2024-04-09 21:40:30,096 [INFO] NvicIntPanel:101 - NVIC parent = com.st.microxplorer.plugins.ip.nvic.MultiNvicIntPanel[,0,0,0x0,invalid,layout=javax.swing.BoxLayout,alignmentX=0.0,alignmentY=0.0,border=,flags=9,maximumSize=,minimumSize=,preferredSize=]
2024-04-09 21:40:35,820 [INFO] NvicIntPanel:101 - NVIC parent = com.st.microxplorer.plugins.ip.nvic.MultiNvicIntPanel[,0,0,0x0,invalid,layout=javax.swing.BoxLayout,alignmentX=0.0,alignmentY=0.0,border=,flags=9,maximumSize=,minimumSize=,preferredSize=]
2024-04-09 21:40:36,985 [INFO] NvicIntPanel:101 - NVIC parent = com.st.microxplorer.plugins.ip.nvic.MultiNvicIntPanel[,0,0,0x0,invalid,layout=javax.swing.BoxLayout,alignmentX=0.0,alignmentY=0.0,border=,flags=9,maximumSize=,minimumSize=,preferredSize=]
2024-04-09 22:04:07,523 [INFO] I2cTimingTraitement:330 - 0x00707CBB
2024-04-09 22:04:07,556 [INFO] NvicIntPanel:101 - NVIC parent = com.st.microxplorer.plugins.ip.nvic.MultiNvicIntPanel[,0,0,0x0,invalid,layout=javax.swing.BoxLayout,alignmentX=0.0,alignmentY=0.0,border=,flags=9,maximumSize=,minimumSize=,preferredSize=]
2024-04-09 22:04:08,948 [INFO] NvicIntPanel:101 - NVIC parent = com.st.microxplorer.plugins.ip.nvic.MultiNvicIntPanel[,0,0,0x0,invalid,layout=javax.swing.BoxLayout,alignmentX=0.0,alignmentY=0.0,border=,flags=9,maximumSize=,minimumSize=,preferredSize=]
2024-04-09 22:04:12,636 [INFO] UtilMem:75 - End SaveConfig() Used Memory: 627085832 Bytes (1073741824)
2024-04-09 22:04:14,191 [INFO] UtilMem:75 - End SaveConfig() Used Memory: 648951912 Bytes (1073741824)
2024-04-09 22:06:55,484 [INFO] NvicIntPanel:101 - NVIC parent = com.st.microxplorer.plugins.ip.nvic.MultiNvicIntPanel[,0,0,529x283,layout=javax.swing.BoxLayout,alignmentX=0.0,alignmentY=0.0,border=,flags=9,maximumSize=,minimumSize=,preferredSize=]
2024-04-09 22:06:59,102 [INFO] NvicIntPanel:101 - NVIC parent = com.st.microxplorer.plugins.ip.nvic.MultiNvicIntPanel[,0,0,0x0,invalid,layout=javax.swing.BoxLayout,alignmentX=0.0,alignmentY=0.0,border=,flags=9,maximumSize=,minimumSize=,preferredSize=]
2024-04-09 22:07:07,380 [INFO] I2cTimingTraitement:330 - 0x00707CBB
2024-04-09 22:07:14,830 [INFO] NvicIntPanel:101 - NVIC parent = com.st.microxplorer.plugins.ip.nvic.MultiNvicIntPanel[,0,0,0x0,invalid,layout=javax.swing.BoxLayout,alignmentX=0.0,alignmentY=0.0,border=,flags=9,maximumSize=,minimumSize=,preferredSize=]
2024-04-09 22:07:39,662 [INFO] I2cTimingTraitement:330 - 0x00707CBB
2024-04-09 22:08:10,283 [INFO] NvicIntPanel:101 - NVIC parent = com.st.microxplorer.plugins.ip.nvic.MultiNvicIntPanel[,0,0,0x0,invalid,layout=javax.swing.BoxLayout,alignmentX=0.0,alignmentY=0.0,border=,flags=9,maximumSize=,minimumSize=,preferredSize=]
2024-04-09 22:08:13,522 [INFO] NvicIntPanel:101 - NVIC parent = com.st.microxplorer.plugins.ip.nvic.MultiNvicIntPanel[,0,0,0x0,invalid,layout=javax.swing.BoxLayout,alignmentX=0.0,alignmentY=0.0,border=,flags=9,maximumSize=,minimumSize=,preferredSize=]
2024-04-09 22:10:38,524 [INFO] UtilMem:75 - End SaveConfig() Used Memory: 753425832 Bytes (1073741824)
2024-04-09 22:10:39,536 [INFO] UtilMem:75 - End SaveConfig() Used Memory: 779640232 Bytes (1073741824)
2024-04-09 22:10:41,468 [INFO] UtilMem:75 - End SaveConfig() Used Memory: 869295528 Bytes (1073741824)
2024-04-09 22:10:41,709 [INFO] BlockDiagram:2759 - set Specific Code input for plugin: SPI
2024-04-09 22:10:41,709 [INFO] BlockDiagram:2759 - set Specific Code input for plugin: NVIC
2024-04-09 22:10:41,709 [INFO] BlockDiagram:2759 - set Specific Code input for plugin: USART
2024-04-09 22:10:41,709 [INFO] BlockDiagram:2759 - set Specific Code input for plugin: USART
2024-04-09 22:10:41,709 [INFO] BlockDiagram:2759 - set Specific Code input for plugin: TIM6_7L0
2024-04-09 22:10:41,709 [INFO] BlockDiagram:2759 - set Specific Code input for plugin: SYS
2024-04-09 22:10:41,710 [INFO] BlockDiagram:2759 - set Specific Code input for plugin: GPIO
2024-04-09 22:10:41,710 [INFO] BlockDiagram:2759 - set Specific Code input for plugin: RCC
2024-04-09 22:10:41,710 [INFO] BlockDiagram:2759 - set Specific Code input for plugin: I2C
2024-04-09 22:10:41,711 [INFO] CodeGenerator:807 - code generatio: config db path: C:\ST\STM32CubeIDE_1.14.1\STM32CubeIDE\plugins\com.st.stm32cube.common.mx_6.10.0.202311202037\\db\
2024-04-09 22:10:41,884 [INFO] CodeEngine:255 - oldGeneratedFile, C:\Users\kuba\STM32CubeIDE\workspace_1.14.1\sensory\MXTmpFiles\license.tmp_save
2024-04-09 22:10:42,024 [INFO] CodeEngine:279 - Generated code: C:\Users\kuba\STM32CubeIDE\workspace_1.14.1\sensory\MXTmpFiles\license.tmp
2024-04-09 22:10:42,091 [INFO] CodeEngine:255 - oldGeneratedFile, C:\Users\kuba\STM32CubeIDE\workspace_1.14.1\sensory\Core\Src\gpio.c_save
2024-04-09 22:10:42,238 [INFO] CodeEngine:279 - Generated code: C:\Users\kuba\STM32CubeIDE\workspace_1.14.1\sensory\Core\Src\gpio.c
2024-04-09 22:10:42,248 [INFO] CodeEngine:255 - oldGeneratedFile, C:\Users\kuba\STM32CubeIDE\workspace_1.14.1\sensory\Core\Inc\gpio.h_save
2024-04-09 22:10:42,323 [INFO] CodeEngine:279 - Generated code: C:\Users\kuba\STM32CubeIDE\workspace_1.14.1\sensory\Core\Inc\gpio.h
2024-04-09 22:10:42,603 [INFO] CodeEngine:255 - oldGeneratedFile, C:\Users\kuba\STM32CubeIDE\workspace_1.14.1\sensory\Core\Src\i2c.c_save
2024-04-09 22:10:42,744 [INFO] CodeEngine:279 - Generated code: C:\Users\kuba\STM32CubeIDE\workspace_1.14.1\sensory\Core\Src\i2c.c
2024-04-09 22:10:42,752 [INFO] CodeEngine:255 - oldGeneratedFile, C:\Users\kuba\STM32CubeIDE\workspace_1.14.1\sensory\Core\Inc\i2c.h_save
2024-04-09 22:10:42,836 [INFO] CodeEngine:279 - Generated code: C:\Users\kuba\STM32CubeIDE\workspace_1.14.1\sensory\Core\Inc\i2c.h
2024-04-09 22:10:42,853 [INFO] CodeEngine:255 - oldGeneratedFile, C:\Users\kuba\STM32CubeIDE\workspace_1.14.1\sensory\Core\Src\spi.c_save
2024-04-09 22:10:42,953 [INFO] CodeEngine:279 - Generated code: C:\Users\kuba\STM32CubeIDE\workspace_1.14.1\sensory\Core\Src\spi.c
2024-04-09 22:10:42,962 [INFO] CodeEngine:255 - oldGeneratedFile, C:\Users\kuba\STM32CubeIDE\workspace_1.14.1\sensory\Core\Inc\spi.h_save
2024-04-09 22:10:43,032 [INFO] CodeEngine:279 - Generated code: C:\Users\kuba\STM32CubeIDE\workspace_1.14.1\sensory\Core\Inc\spi.h
2024-04-09 22:10:43,043 [INFO] CodeEngine:255 - oldGeneratedFile, C:\Users\kuba\STM32CubeIDE\workspace_1.14.1\sensory\Core\Src\tim.c_save
2024-04-09 22:10:43,145 [INFO] CodeEngine:279 - Generated code: C:\Users\kuba\STM32CubeIDE\workspace_1.14.1\sensory\Core\Src\tim.c
2024-04-09 22:10:43,150 [INFO] CodeEngine:255 - oldGeneratedFile, C:\Users\kuba\STM32CubeIDE\workspace_1.14.1\sensory\Core\Inc\tim.h_save
2024-04-09 22:10:43,236 [INFO] CodeEngine:279 - Generated code: C:\Users\kuba\STM32CubeIDE\workspace_1.14.1\sensory\Core\Inc\tim.h
2024-04-09 22:10:43,258 [INFO] CodeEngine:255 - oldGeneratedFile, C:\Users\kuba\STM32CubeIDE\workspace_1.14.1\sensory\Core\Src\usart.c_save
2024-04-09 22:10:43,345 [INFO] CodeEngine:279 - Generated code: C:\Users\kuba\STM32CubeIDE\workspace_1.14.1\sensory\Core\Src\usart.c
2024-04-09 22:10:43,351 [INFO] CodeEngine:255 - oldGeneratedFile, C:\Users\kuba\STM32CubeIDE\workspace_1.14.1\sensory\Core\Inc\usart.h_save
2024-04-09 22:10:43,428 [INFO] CodeEngine:279 - Generated code: C:\Users\kuba\STM32CubeIDE\workspace_1.14.1\sensory\Core\Inc\usart.h
2024-04-09 22:10:43,452 [INFO] CodeEngine:255 - oldGeneratedFile, C:\Users\kuba\STM32CubeIDE\workspace_1.14.1\sensory\Core\Src\stm32l0xx_it.c_save
2024-04-09 22:10:43,642 [INFO] CodeEngine:279 - Generated code: C:\Users\kuba\STM32CubeIDE\workspace_1.14.1\sensory\Core\Src\stm32l0xx_it.c
2024-04-09 22:10:43,659 [INFO] CodeEngine:255 - oldGeneratedFile, C:\Users\kuba\STM32CubeIDE\workspace_1.14.1\sensory\Core\Inc\stm32l0xx_it.h_save
2024-04-09 22:10:43,749 [INFO] CodeEngine:279 - Generated code: C:\Users\kuba\STM32CubeIDE\workspace_1.14.1\sensory\Core\Inc\stm32l0xx_it.h
2024-04-09 22:10:43,775 [INFO] CodeEngine:255 - oldGeneratedFile, C:\Users\kuba\STM32CubeIDE\workspace_1.14.1\sensory\Core\Src\stm32l0xx_hal_msp.c_save
2024-04-09 22:10:43,882 [INFO] CodeEngine:279 - Generated code: C:\Users\kuba\STM32CubeIDE\workspace_1.14.1\sensory\Core\Src\stm32l0xx_hal_msp.c
2024-04-09 22:10:43,903 [INFO] CodeEngine:255 - oldGeneratedFile, C:\Users\kuba\STM32CubeIDE\workspace_1.14.1\sensory\MXTmpFiles\system.tmp_save
2024-04-09 22:10:43,968 [INFO] CodeEngine:279 - Generated code: C:\Users\kuba\STM32CubeIDE\workspace_1.14.1\sensory\MXTmpFiles\system.tmp
2024-04-09 22:10:43,987 [INFO] CodeEngine:311 - oldGeneratedFile, C:\Users\kuba\STM32CubeIDE\workspace_1.14.1\sensory\Core\Inc\stm32l0xx_hal_conf.h_save
2024-04-09 22:10:44,073 [INFO] CodeEngine:335 - Generated code: C:\Users\kuba\STM32CubeIDE\workspace_1.14.1\sensory\Core\Inc\stm32l0xx_hal_conf.h
2024-04-09 22:10:44,117 [INFO] CodeEngine:255 - oldGeneratedFile, C:\Users\kuba\STM32CubeIDE\workspace_1.14.1\sensory\Core\Inc\main.h_save
2024-04-09 22:10:44,204 [INFO] CodeEngine:279 - Generated code: C:\Users\kuba\STM32CubeIDE\workspace_1.14.1\sensory\Core\Inc\main.h
2024-04-09 22:10:44,218 [INFO] CodeEngine:255 - oldGeneratedFile, C:\Users\kuba\STM32CubeIDE\workspace_1.14.1\sensory\Core\Src\main.c_save
2024-04-09 22:10:44,319 [INFO] CodeEngine:279 - Generated code: C:\Users\kuba\STM32CubeIDE\workspace_1.14.1\sensory\Core\Src\main.c
2024-04-09 22:10:44,892 [INFO] ProjectBuilder:3076 - Time for Copy HAL[1] : 205mS.
2024-04-09 22:10:44,897 [INFO] ProjectBuilder:4485 - Project Generator version: 4.2.0-B44
2024-04-09 22:10:45,118 [INFO] ConfigFileManager:1495 - The Die is : DIE417
2024-04-09 22:10:46,415 [INFO] ProjectBuilder:4747 - Time for Generating toolchain IDE Files: 1517mS.
2024-04-09 22:10:46,416 [INFO] ProjectBuilder:2947 - Time for Copy CMSIS : 0mS.
2024-04-09 22:10:46,421 [INFO] ProjectBuilder:2947 - Time for Copy CMSIS : 0mS.
2024-04-09 22:17:09,902 [INFO] NvicIntPanel:101 - NVIC parent = com.st.microxplorer.plugins.ip.nvic.MultiNvicIntPanel[,0,0,621x283,layout=javax.swing.BoxLayout,alignmentX=0.0,alignmentY=0.0,border=,flags=9,maximumSize=,minimumSize=,preferredSize=]
2024-04-09 22:46:36,248 [ERROR] LogOutputStream:75 - [STDERR_REDIRECT] 
