2024-05-05 10:39:48,650 [INFO] Activator:176 - 


2024-05-05 10:39:48,658 [INFO] Activator:177 - !SESSION log4j initialized
2024-05-05 10:39:55,155 [INFO] LogOutputStream:77 - [STDOUT_REDIRECT] 
2024-05-05 10:40:02,162 [INFO] ApplicationProperties:184 - Using Application install path: C:\ST\STM32CubeIDE_1.14.1\STM32CubeIDE\plugins\com.st.stm32cube.common.mx_6.10.0.202311202037
2024-05-05 10:40:02,182 [INFO] DbMcusXml:78 - Set database path to: C:\ST\STM32CubeIDE_1.14.1\STM32CubeIDE\plugins\com.st.stm32cube.common.mx_6.10.0.202311202037\\db\/mcu/
2024-05-05 10:40:02,182 [INFO] ApiDb:274 - Set plugin database path to: C:\ST\STM32CubeIDE_1.14.1\STM32CubeIDE\plugins\com.st.stm32cube.common.mx_6.10.0.202311202037\\db\/plugins/boardmanager/
2024-05-05 10:40:02,183 [WARN] ApiDb:259 - Overriding images path with different value:  => C:\ST\STM32CubeIDE_1.14.1\STM32CubeIDE\plugins\com.st.stm32cube.common.mx_6.10.0.202311202037\\db\/plugins/mcufinder/images/
2024-05-05 10:40:02,201 [INFO] ApiDb:250 - Set database path to: C:\Users\kuba\.stmcufinder\plugins\mcufinder//mcu/
2024-05-05 10:40:02,202 [INFO] DbMcusAds:125 - Set database path to: C:\Users\kuba\.stmcufinder\plugins\mcufinder//mcu/
2024-05-05 10:40:02,204 [INFO] CrossReferenceDbSqlite:203 - Set database path to: C:\Users\kuba\.stmcufinder\plugins\mcufinder//mcu/cs/
2024-05-05 10:40:02,325 [INFO] RulesReader:64 - Compatibility file has been processed (297 Rules)
2024-05-05 10:40:02,413 [INFO] DbMcusXml:78 - Set database path to: C:\ST\STM32CubeIDE_1.14.1\STM32CubeIDE\plugins\com.st.stm32cube.common.mx_6.10.0.202311202037\\db\/mcu/
2024-05-05 10:40:02,413 [INFO] ApiDb:274 - Set plugin database path to: C:\ST\STM32CubeIDE_1.14.1\STM32CubeIDE\plugins\com.st.stm32cube.common.mx_6.10.0.202311202037\\db\/plugins/boardmanager/
2024-05-05 10:40:02,413 [INFO] ApiDb:261 - Set plugin images path to: C:\ST\STM32CubeIDE_1.14.1\STM32CubeIDE\plugins\com.st.stm32cube.common.mx_6.10.0.202311202037\\db\/plugins/mcufinder/images/
2024-05-05 10:40:02,413 [WARN] DbFile:41 - Overriding database path with different value: C:\Users\kuba\.stmcufinder\plugins\mcufinder/ => C:\Users\kuba\.stmcufinder\plugins\mcufinder
2024-05-05 10:40:02,414 [INFO] ApiDb:250 - Set database path to: C:\Users\kuba\.stmcufinder\plugins\mcufinder//mcu/
2024-05-05 10:40:02,414 [WARN] DbFile:41 - Overriding database path with different value: C:\Users\kuba\.stmcufinder\plugins\mcufinder/ => C:\Users\kuba\.stmcufinder\plugins\mcufinder
2024-05-05 10:40:02,414 [INFO] DbMcusAds:125 - Set database path to: C:\Users\kuba\.stmcufinder\plugins\mcufinder//mcu/
2024-05-05 10:40:02,414 [WARN] DbFile:41 - Overriding database path with different value: C:\Users\kuba\.stmcufinder\plugins\mcufinder/ => C:\Users\kuba\.stmcufinder\plugins\mcufinder
2024-05-05 10:40:02,414 [WARN] DbFile:41 - Overriding database path with different value: C:\Users\kuba\.stmcufinder\plugins\mcufinder/ => C:\Users\kuba\.stmcufinder\plugins\mcufinder
2024-05-05 10:40:02,414 [INFO] CrossReferenceDbSqlite:203 - Set database path to: C:\Users\kuba\.stmcufinder\plugins\mcufinder//mcu/cs/
2024-05-05 10:40:02,493 [INFO] MainPanel:264 - HeapMemory: 268435456
2024-05-05 10:40:02,594 [INFO] DbMcusXml:78 - Set database path to: C:\ST\STM32CubeIDE_1.14.1\STM32CubeIDE\plugins\com.st.stm32cube.common.mx_6.10.0.202311202037\\db\/mcu/
2024-05-05 10:40:02,594 [INFO] ApiDb:274 - Set plugin database path to: C:\ST\STM32CubeIDE_1.14.1\STM32CubeIDE\plugins\com.st.stm32cube.common.mx_6.10.0.202311202037\\db\/plugins/boardmanager/
2024-05-05 10:40:02,594 [INFO] ApiDb:261 - Set plugin images path to: C:\ST\STM32CubeIDE_1.14.1\STM32CubeIDE\plugins\com.st.stm32cube.common.mx_6.10.0.202311202037\\db\/plugins/mcufinder/images/
2024-05-05 10:40:02,595 [WARN] DbFile:41 - Overriding database path with different value: C:\Users\kuba\.stmcufinder\plugins\mcufinder/ => C:\Users\kuba\.stmcufinder\plugins\mcufinder
2024-05-05 10:40:02,595 [INFO] ApiDb:250 - Set database path to: C:\Users\kuba\.stmcufinder\plugins\mcufinder//mcu/
2024-05-05 10:40:02,595 [WARN] DbFile:41 - Overriding database path with different value: C:\Users\kuba\.stmcufinder\plugins\mcufinder/ => C:\Users\kuba\.stmcufinder\plugins\mcufinder
2024-05-05 10:40:02,595 [INFO] DbMcusAds:125 - Set database path to: C:\Users\kuba\.stmcufinder\plugins\mcufinder//mcu/
2024-05-05 10:40:02,595 [WARN] DbFile:41 - Overriding database path with different value: C:\Users\kuba\.stmcufinder\plugins\mcufinder/ => C:\Users\kuba\.stmcufinder\plugins\mcufinder
2024-05-05 10:40:02,595 [WARN] DbFile:41 - Overriding database path with different value: C:\Users\kuba\.stmcufinder\plugins\mcufinder/ => C:\Users\kuba\.stmcufinder\plugins\mcufinder
2024-05-05 10:40:02,595 [INFO] CrossReferenceDbSqlite:203 - Set database path to: C:\Users\kuba\.stmcufinder\plugins\mcufinder//mcu/cs/
2024-05-05 10:40:02,614 [INFO] ApplicationProperties:184 - Using Application install path: C:\ST\STM32CubeIDE_1.14.1\STM32CubeIDE\plugins\com.st.stm32cube.common.mx_6.10.0.202311202037
2024-05-05 10:40:02,616 [INFO] PluginManage:196 - Search for loadable plugins [exclusion list=, ]
2024-05-05 10:40:02,618 [INFO] PluginManage:310 - Check plugin analytics
2024-05-05 10:40:10,425 [INFO] AnalyticsPlugin:253 - Accepted Software Licenses: STM32CubeMX.6.11.0
2024-05-05 10:40:10,425 [INFO] AnalyticsPlugin:255 - Accepted CMSIS Pack Licenses: 
2024-05-05 10:40:10,426 [INFO] AnalyticsPlugin:257 - Accepted Firmware Licenses: FW.L4.1.18.0
2024-05-05 10:40:10,428 [INFO] PluginManage:359 - Loaded plugin analytics (category:tool,tabindex:-1)
2024-05-05 10:40:10,429 [INFO] PluginManage:310 - Check plugin cadmodel
2024-05-05 10:40:10,444 [INFO] CADModel:105 - Init CAD model plugin
2024-05-05 10:40:10,444 [INFO] PluginManage:359 - Loaded plugin cadmodel (category:power,tabindex:5)
2024-05-05 10:40:10,444 [INFO] PluginManage:310 - Check plugin clock
2024-05-05 10:40:10,467 [INFO] PluginManage:359 - Loaded plugin clock (category:base,tabindex:2)
2024-05-05 10:40:10,467 [INFO] PluginManage:310 - Check plugin ddr
2024-05-05 10:40:10,470 [INFO] PluginManage:359 - Loaded plugin ddr (category:tool,tabindex:6)
2024-05-05 10:40:10,470 [INFO] PluginManage:310 - Check plugin filemanager
2024-05-05 10:40:10,619 [INFO] PluginManage:359 - Loaded plugin filemanager (category:base,tabindex:10)
2024-05-05 10:40:10,619 [INFO] PluginManage:310 - Check plugin ipmanager
2024-05-05 10:40:10,629 [INFO] PluginManage:359 - Loaded plugin ipmanager (category:base,tabindex:5)
2024-05-05 10:40:10,629 [INFO] PluginManage:310 - Check plugin lpbam
2024-05-05 10:40:10,648 [INFO] PluginManage:359 - Loaded plugin lpbam (category:base,tabindex:0)
2024-05-05 10:40:10,648 [INFO] PluginManage:310 - Check plugin memorymap
2024-05-05 10:40:10,674 [INFO] PluginManage:359 - Loaded plugin memorymap (category:base,tabindex:4)
2024-05-05 10:40:10,674 [INFO] PluginManage:310 - Check plugin pinoutandconfiguration
2024-05-05 10:40:10,695 [INFO] PluginManage:359 - Loaded plugin pinoutandconfiguration (category:base,tabindex:1)
2024-05-05 10:40:10,695 [INFO] PluginManage:310 - Check plugin pinoutconfig
2024-05-05 10:40:10,801 [WARN] SupportedApi:132 - Cannot load RTOS API schema: s4s-elt-must-match.1: The content of 'definitions' must match (annotation?, (simpleType | complexType)?, (unique | key | keyref)*)). A problem was found starting at: attribute.
2024-05-05 10:40:10,957 [INFO] PluginManage:359 - Loaded plugin pinoutconfig (category:base,tabindex:0)
2024-05-05 10:40:10,957 [INFO] PluginManage:310 - Check plugin power
2024-05-05 10:40:10,980 [INFO] PluginManage:359 - Loaded plugin power (category:power,tabindex:4)
2024-05-05 10:40:10,980 [INFO] PluginManage:310 - Check plugin projectmanager
2024-05-05 10:40:10,999 [INFO] PluginManage:359 - Loaded plugin projectmanager (category:projectmanager,tabindex:3)
2024-05-05 10:40:11,000 [INFO] PluginManage:310 - Check plugin thirdparty
2024-05-05 10:40:11,324 [INFO] PluginManage:359 - Loaded plugin thirdparty (category:base,tabindex:-1)
2024-05-05 10:40:11,324 [WARN] IntegrityCheckThread:84 - waiting for thirdparty lock release [integrity check]
2024-05-05 10:40:11,324 [INFO] PluginManage:310 - Check plugin tools
2024-05-05 10:40:11,324 [INFO] IntegrityCheckThread:86 - entering critical section [integrity check]
2024-05-05 10:40:11,325 [INFO] ThirdPartyUpdaterWithRetryManager:70 - Updater plugin not ready yet. [1/15]
2024-05-05 10:40:11,362 [INFO] PluginManage:359 - Loaded plugin tools (category:base,tabindex:7)
2024-05-05 10:40:11,362 [INFO] PluginManage:310 - Check plugin tutovideos
2024-05-05 10:40:11,587 [INFO] PluginManage:359 - Loaded plugin tutovideos (category:base,tabindex:-1)
2024-05-05 10:40:11,587 [INFO] PluginManage:310 - Check plugin updater
2024-05-05 10:40:11,601 [INFO] PluginManage:359 - Loaded plugin updater (category:base,tabindex:12)
2024-05-05 10:40:11,602 [INFO] PluginManage:310 - Check plugin userauth
2024-05-05 10:40:11,608 [INFO] UserAuth:114 - Init User Auth plugin
2024-05-05 10:40:11,609 [INFO] PluginManage:359 - Loaded plugin userauth (category:base,tabindex:14)
2024-05-05 10:40:11,609 [INFO] PluginManage:283 - PluginManage : Loaded plugins [17]
2024-05-05 10:40:11,858 [INFO] PinOutPanel:1499 - setPackage(No Configuration,No Configuration)
2024-05-05 10:40:11,938 [INFO] CADModel:165 - CPN selected for project level
2024-05-05 10:40:11,938 [INFO] CADModel:114 - Register for checkConnection events
2024-05-05 10:40:11,969 [INFO] IPUIPlugin:80 - create IPUIPlugin
2024-05-05 10:40:11,969 [INFO] PluginManager:220 - loadIPPluginJar : add adc
2024-05-05 10:40:12,011 [INFO] IPUIPlugin:80 - create IPUIPlugin
2024-05-05 10:40:12,011 [INFO] PluginManager:220 - loadIPPluginJar : add aes
2024-05-05 10:40:12,055 [INFO] IPUIPlugin:80 - create IPUIPlugin
2024-05-05 10:40:12,055 [INFO] PluginManager:220 - loadIPPluginJar : add can
2024-05-05 10:40:12,079 [INFO] IPUIPlugin:80 - create IPUIPlugin
2024-05-05 10:40:12,079 [INFO] PluginManager:220 - loadIPPluginJar : add comp
2024-05-05 10:40:12,114 [INFO] IPUIPlugin:80 - create IPUIPlugin
2024-05-05 10:40:12,115 [INFO] PluginManager:220 - loadIPPluginJar : add cryp
2024-05-05 10:40:12,148 [INFO] IPUIPlugin:80 - create IPUIPlugin
2024-05-05 10:40:12,148 [INFO] PluginManager:220 - loadIPPluginJar : add dfsdm
2024-05-05 10:40:12,164 [INFO] IPUIPlugin:80 - create IPUIPlugin
2024-05-05 10:40:12,165 [INFO] PluginManager:220 - loadIPPluginJar : add dma
2024-05-05 10:40:12,216 [INFO] IPUIPlugin:80 - create IPUIPlugin
2024-05-05 10:40:12,216 [INFO] PluginManager:220 - loadIPPluginJar : add dma3
2024-05-05 10:40:12,238 [INFO] IPUIPlugin:80 - create IPUIPlugin
2024-05-05 10:40:12,238 [INFO] PluginManager:220 - loadIPPluginJar : add fatfs
2024-05-05 10:40:12,291 [INFO] IPUIPlugin:80 - create IPUIPlugin
2024-05-05 10:40:12,291 [INFO] PluginManager:220 - loadIPPluginJar : add fmc
2024-05-05 10:40:12,307 [INFO] IPUIPlugin:80 - create IPUIPlugin
2024-05-05 10:40:12,307 [INFO] PluginManager:220 - loadIPPluginJar : add freertos
2024-05-05 10:40:12,330 [INFO] IPUIPlugin:80 - create IPUIPlugin
2024-05-05 10:40:12,330 [INFO] PluginManager:220 - loadIPPluginJar : add genericplugin
2024-05-05 10:40:12,436 [INFO] IPUIPlugin:80 - create IPUIPlugin
2024-05-05 10:40:12,436 [INFO] PluginManager:220 - loadIPPluginJar : add gfxmmu
2024-05-05 10:40:12,570 [INFO] IPUIPlugin:80 - create IPUIPlugin
2024-05-05 10:40:12,570 [INFO] PluginManager:220 - loadIPPluginJar : add gic
2024-05-05 10:40:12,584 [INFO] IPUIPlugin:80 - create IPUIPlugin
2024-05-05 10:40:12,584 [INFO] PluginManager:220 - loadIPPluginJar : add gpio
2024-05-05 10:40:12,678 [INFO] IPUIPlugin:80 - create IPUIPlugin
2024-05-05 10:40:12,678 [INFO] PluginManager:220 - loadIPPluginJar : add gtzc
2024-05-05 10:40:12,712 [INFO] IPUIPlugin:80 - create IPUIPlugin
2024-05-05 10:40:12,712 [INFO] PluginManager:220 - loadIPPluginJar : add hash
2024-05-05 10:40:12,768 [INFO] IPUIPlugin:80 - create IPUIPlugin
2024-05-05 10:40:12,768 [INFO] PluginManager:220 - loadIPPluginJar : add i2c
2024-05-05 10:40:12,809 [INFO] IPUIPlugin:80 - create IPUIPlugin
2024-05-05 10:40:12,809 [INFO] PluginManager:220 - loadIPPluginJar : add i2s
2024-05-05 10:40:12,852 [INFO] IPUIPlugin:80 - create IPUIPlugin
2024-05-05 10:40:12,852 [INFO] PluginManager:220 - loadIPPluginJar : add i3c
2024-05-05 10:40:12,961 [INFO] IPUIPlugin:80 - create IPUIPlugin
2024-05-05 10:40:12,961 [INFO] PluginManager:220 - loadIPPluginJar : add ipddr
2024-05-05 10:40:13,072 [INFO] IPUIPlugin:80 - create IPUIPlugin
2024-05-05 10:40:13,073 [INFO] PluginManager:220 - loadIPPluginJar : add linkedlist
2024-05-05 10:40:13,112 [INFO] IPUIPlugin:80 - create IPUIPlugin
2024-05-05 10:40:13,112 [INFO] PluginManager:220 - loadIPPluginJar : add lorawan
2024-05-05 10:40:13,152 [INFO] IPUIPlugin:80 - create IPUIPlugin
2024-05-05 10:40:13,152 [INFO] PluginManager:220 - loadIPPluginJar : add ltdc
2024-05-05 10:40:13,167 [INFO] IPUIPlugin:80 - create IPUIPlugin
2024-05-05 10:40:13,168 [INFO] PluginManager:220 - loadIPPluginJar : add mdma
2024-05-05 10:40:13,180 [INFO] IPUIPlugin:80 - create IPUIPlugin
2024-05-05 10:40:13,180 [INFO] PluginManager:220 - loadIPPluginJar : add nvic
2024-05-05 10:40:13,218 [INFO] IPUIPlugin:80 - create IPUIPlugin
2024-05-05 10:40:13,218 [INFO] PluginManager:220 - loadIPPluginJar : add opamp
2024-05-05 10:40:13,284 [INFO] IPUIPlugin:80 - create IPUIPlugin
2024-05-05 10:40:13,284 [INFO] PluginManager:220 - loadIPPluginJar : add openamp
2024-05-05 10:40:13,329 [INFO] IPUIPlugin:80 - create IPUIPlugin
2024-05-05 10:40:13,329 [INFO] PluginManager:220 - loadIPPluginJar : add pdm2pcm
2024-05-05 10:40:13,345 [INFO] IPUIPlugin:80 - create IPUIPlugin
2024-05-05 10:40:13,348 [INFO] PluginManager:220 - loadIPPluginJar : add plateformsettings
2024-05-05 10:40:13,370 [INFO] IPUIPlugin:80 - create IPUIPlugin
2024-05-05 10:40:13,371 [INFO] PluginManager:220 - loadIPPluginJar : add quadspi
2024-05-05 10:40:13,385 [INFO] IPUIPlugin:80 - create IPUIPlugin
2024-05-05 10:40:13,385 [INFO] PluginManager:220 - loadIPPluginJar : add resmgrutility
2024-05-05 10:40:13,433 [INFO] IPUIPlugin:80 - create IPUIPlugin
2024-05-05 10:40:13,434 [INFO] PluginManager:220 - loadIPPluginJar : add sai
2024-05-05 10:40:13,474 [INFO] IPUIPlugin:80 - create IPUIPlugin
2024-05-05 10:40:13,474 [INFO] PluginManager:220 - loadIPPluginJar : add spi
2024-05-05 10:40:13,544 [INFO] IPUIPlugin:80 - create IPUIPlugin
2024-05-05 10:40:13,544 [INFO] PluginManager:220 - loadIPPluginJar : add stm32_wpan
2024-05-05 10:40:13,568 [INFO] IPUIPlugin:80 - create IPUIPlugin
2024-05-05 10:40:13,568 [INFO] PluginManager:220 - loadIPPluginJar : add tim
2024-05-05 10:40:13,626 [INFO] IPUIPlugin:80 - create IPUIPlugin
2024-05-05 10:40:13,626 [INFO] PluginManager:220 - loadIPPluginJar : add touchsensing
2024-05-05 10:40:13,649 [INFO] IPUIPlugin:80 - create IPUIPlugin
2024-05-05 10:40:13,649 [INFO] PluginManager:220 - loadIPPluginJar : add tracer_emb
2024-05-05 10:40:13,681 [INFO] IPUIPlugin:80 - create IPUIPlugin
2024-05-05 10:40:13,681 [INFO] PluginManager:220 - loadIPPluginJar : add ts
2024-05-05 10:40:13,705 [INFO] IPUIPlugin:80 - create IPUIPlugin
2024-05-05 10:40:13,705 [INFO] PluginManager:220 - loadIPPluginJar : add tsc
2024-05-05 10:40:13,728 [INFO] IPUIPlugin:80 - create IPUIPlugin
2024-05-05 10:40:13,728 [INFO] PluginManager:220 - loadIPPluginJar : add ucpd
2024-05-05 10:40:13,774 [INFO] IPUIPlugin:80 - create IPUIPlugin
2024-05-05 10:40:13,774 [INFO] PluginManager:220 - loadIPPluginJar : add usart
2024-05-05 10:40:13,816 [INFO] IPUIPlugin:80 - create IPUIPlugin
2024-05-05 10:40:13,816 [INFO] PluginManager:220 - loadIPPluginJar : add usbx
2024-05-05 10:40:13,954 [INFO] CADModel:165 - CPN selected for project level
2024-05-05 10:40:13,954 [INFO] CADModel:114 - Register for checkConnection events
2024-05-05 10:40:13,954 [FATAL] Updater:308 - Updater called before beeing initialized
2024-05-05 10:40:13,954 [ERROR] CADModel:125 - Updater not yet initialized, retry later 
2024-05-05 10:40:14,115 [INFO] CADModel:165 - CPN selected for project level
2024-05-05 10:40:14,116 [INFO] CADModel:114 - Register for checkConnection events
2024-05-05 10:40:14,116 [FATAL] Updater:308 - Updater called before beeing initialized
2024-05-05 10:40:14,116 [ERROR] CADModel:125 - Updater not yet initialized, retry later 
2024-05-05 10:40:14,119 [FATAL] Updater:308 - Updater called before beeing initialized
2024-05-05 10:40:14,235 [FATAL] Updater:308 - Updater called before beeing initialized
2024-05-05 10:40:14,246 [INFO] DbMcusAds:53 - JSON generation date=Wed Nov 29 11:52:27 CET 2023 (1701255147349)
2024-05-05 10:40:14,246 [FATAL] Updater:308 - Updater called before beeing initialized
2024-05-05 10:40:14,325 [WARN] DetailPanel:346 - Failed to get advertising image, set to default
2024-05-05 10:40:14,326 [INFO] ThirdPartyUpdaterWithRetryManager:70 - Updater plugin not ready yet. [2/15]
2024-05-05 10:40:14,425 [FATAL] Updater:308 - Updater called before beeing initialized
2024-05-05 10:40:14,428 [FATAL] Updater:308 - Updater called before beeing initialized
2024-05-05 10:40:14,428 [FATAL] Updater:308 - Updater called before beeing initialized
2024-05-05 10:40:14,428 [WARN] DetailPanel:346 - Failed to get advertising image, set to default
2024-05-05 10:40:14,429 [FATAL] Updater:308 - Updater called before beeing initialized
2024-05-05 10:40:14,497 [ERROR] Updater:1120 - MainUpdater not yet initialized. External WinMGr cannot be set.
2024-05-05 10:40:14,508 [INFO] Updater:1056 - Updater Version found : 6.10.0
2024-05-05 10:40:14,528 [INFO] ApplicationProperties:184 - Using Application install path: C:\ST\STM32CubeIDE_1.14.1\STM32CubeIDE\plugins\com.st.stm32cube.common.mx_6.10.0.202311202037
2024-05-05 10:40:16,119 [ERROR] LogOutputStream:75 - [STDERR_REDIRECT] May 05, 2024 10:40:16 AM java.util.prefs.WindowsPreferences <init>
2024-05-05 10:40:16,121 [ERROR] LogOutputStream:75 - [STDERR_REDIRECT] WARNING: Could not open/create prefs root node Software\JavaSoft\Prefs at root 0xffffffff80000002. Windows RegCreateKeyEx(...) returned error code 5.
2024-05-05 10:40:16,121 [ERROR] LogOutputStream:75 - [STDERR_REDIRECT] 
2024-05-05 10:40:16,497 [INFO] MainUpdater:2873 - connection check result : 10
2024-05-05 10:40:16,497 [INFO] MainUpdater:3567 - Updater definition file requires update
2024-05-05 10:40:16,499 [INFO] MainUpdater:290 - Updater Check For Update Now.
2024-05-05 10:40:16,499 [INFO] MicroXplorer:498 - Change Database Version : DB.6.0.100
2024-05-05 10:40:16,515 [INFO] McuFinderGlobals:63 - Set McuFinder mode to 2 (CubeIDE integrated)
2024-05-05 10:40:16,596 [INFO] ServerAccessManage:473 - Download File updaters.zip
2024-05-05 10:40:16,763 [INFO] FileExtend:240 - Unzip File : updaters.zip
2024-05-05 10:40:16,764 [INFO] FileExtend:255 - Standard Zip Deflate
2024-05-05 10:40:16,883 [INFO] UserAuth:404 - Internet connection configuration mode: 1
2024-05-05 10:40:16,922 [INFO] JxBrowserEngine:152 - Initiate JxBrowser Engine with user profile folder
2024-05-05 10:40:17,327 [WARN] MainUpdater:1194 - Updater busy. Cannot search thirdparties
2024-05-05 10:40:17,328 [INFO] ThirdPartyUpdaterWithRetryManager:96 - Updater plugin is busy. [1/15]
2024-05-05 10:40:17,392 [INFO] ServerAccessManage:473 - Download File PacksControlFlags.xml
2024-05-05 10:40:17,503 [INFO] ServerAccessManage:473 - Download File cubemx.pidx
2024-05-05 10:40:18,061 [INFO] ServerAccessManage:473 - Download File STMicroelectronics.FP-SNS-MOTENVWB1.pdsc
2024-05-05 10:40:18,755 [INFO] ServerAccessManage:473 - Download File STMicroelectronics.X-CUBE-AI.pdsc
2024-05-05 10:40:20,147 [INFO] WebApp:161 - Instantiating new browser for Auth
2024-05-05 10:40:20,329 [WARN] MainUpdater:1194 - Updater busy. Cannot search thirdparties
2024-05-05 10:40:20,329 [INFO] ThirdPartyUpdaterWithRetryManager:96 - Updater plugin is busy. [2/15]
2024-05-05 10:40:20,702 [INFO] WebApp:780 - Register for checkConnection events
2024-05-05 10:40:20,702 [INFO] WebApp:414 - Apply proxy settings
2024-05-05 10:40:20,702 [INFO] WebApp:499 - Chromium requires no authentication
2024-05-05 10:40:20,711 [INFO] WebApp:442 - Direct internet connection detected
2024-05-05 10:40:20,910 [INFO] WebApp:192 - Starting web application
2024-05-05 10:40:20,911 [INFO] WebApp:544 - Web application path used C:\ST\STM32CubeIDE_1.14.1\STM32CubeIDE\plugins\com.st.stm32cube.common.mx_6.10.0.202311202037\db\plugins\mcufinder\reactClient1\index.html
2024-05-05 10:40:21,773 [INFO] ServerAccessManage:473 - Download File STMicroelectronics.X-CUBE-FREERTOS.pdsc
2024-05-05 10:40:22,991 [INFO] ServerAccessManage:473 - Download File STMicroelectronics.X-CUBE-AZRTOS-H7RS.pdsc
2024-05-05 10:40:23,330 [WARN] MainUpdater:1194 - Updater busy. Cannot search thirdparties
2024-05-05 10:40:23,330 [INFO] ThirdPartyUpdaterWithRetryManager:96 - Updater plugin is busy. [3/15]
2024-05-05 10:40:24,506 [INFO] ServerAccessManage:473 - Download File Cesanta.I-CUBE-Mongoose.pdsc
2024-05-05 10:40:24,801 [ERROR] ServerAccessManage:1089 - Problem, file not found on Server
2024-05-05 10:40:24,891 [WARN] PackLoader:240 - Cannot read IP mode file for STMicroelectronics.FP-SNS-MOTENVWB1.1.4.0
2024-05-05 10:40:24,898 [WARN] PackLoader:240 - Cannot read IP mode file for STMicroelectronics.X-CUBE-AI.9.0.0
2024-05-05 10:40:24,908 [WARN] PackLoader:240 - Cannot read IP mode file for STMicroelectronics.X-CUBE-FREERTOS.1.2.0
2024-05-05 10:40:24,933 [WARN] PackLoader:240 - Cannot read IP mode file for STMicroelectronics.X-CUBE-AZRTOS-H7RS.1.0.0
2024-05-05 10:40:24,945 [WARN] PackLoader:240 - Cannot read IP mode file for Cesanta.I-CUBE-Mongoose.7.13.0
2024-05-05 10:40:24,945 [INFO] PopulateThirdPartyThread:66 - Ending populate Thread
2024-05-05 10:40:24,946 [INFO] ThirdParty:1030 - CMSIS Pack Vendor :STMicroelectronics X-CUBE-FREERTOS 1.2.0
2024-05-05 10:40:24,946 [INFO] ThirdParty:1030 - CMSIS Pack Vendor :Cesanta I-CUBE-Mongoose 7.13.0
2024-05-05 10:40:24,946 [INFO] ThirdParty:1030 - CMSIS Pack Vendor :STMicroelectronics FP-SNS-MOTENVWB1 1.4.0
2024-05-05 10:40:24,947 [INFO] ThirdParty:1030 - CMSIS Pack Vendor :STMicroelectronics X-CUBE-AI 9.0.0
2024-05-05 10:40:24,947 [INFO] ThirdParty:1030 - CMSIS Pack Vendor :STMicroelectronics X-CUBE-AZRTOS-H7RS 1.0.0
2024-05-05 10:40:24,947 [INFO] LoadServerUpdatesThread:375 - End of LoadServerUpdate Thread
2024-05-05 10:40:25,022 [INFO] CheckServerUpdateThread:120 - End of CheckServer Thread
2024-05-05 10:40:26,524 [WARN] PackLoader:240 - Cannot read IP mode file for STMicroelectronics.FP-SNS-MOTENVWB1.1.4.0
2024-05-05 10:40:26,538 [WARN] PackLoader:240 - Cannot read IP mode file for STMicroelectronics.X-CUBE-SMBUS.2.1.0
2024-05-05 10:40:26,552 [WARN] PackLoader:240 - Cannot read IP mode file for STMicroelectronics.X-CUBE-TOUCHGFX.4.23.1
2024-05-05 10:40:26,563 [WARN] PackLoader:240 - Cannot read IP mode file for STMicroelectronics.X-CUBE-TOUCHGFX.4.23.0
2024-05-05 10:40:26,575 [WARN] PackLoader:240 - Cannot read IP mode file for STMicroelectronics.X-CUBE-TOUCHGFX.4.23.2
2024-05-05 10:40:26,606 [WARN] PackLoader:240 - Cannot read IP mode file for STMicroelectronics.X-CUBE-AZRTOS-F7.1.1.0
2024-05-05 10:40:26,625 [WARN] PackLoader:240 - Cannot read IP mode file for STMicroelectronics.FP-SNS-MOTENV1.4.3.2
2024-05-05 10:40:26,633 [WARN] PackLoader:240 - Cannot read IP mode file for STMicroelectronics.FP-SNS-FLIGHT1.5.0.2
2024-05-05 10:40:26,648 [WARN] PackLoader:240 - Cannot read IP mode file for STMicroelectronics.X-CUBE-DISPLAY.3.0.0
2024-05-05 10:40:26,667 [WARN] PackLoader:240 - Cannot read IP mode file for STMicroelectronics.X-CUBE-BLE1.7.0.0
2024-05-05 10:40:26,682 [WARN] PackLoader:240 - Cannot read IP mode file for emotas.I-CUBE-CANOPEN.1.3.0
2024-05-05 10:40:26,702 [WARN] PackLoader:240 - Cannot read IP mode file for STMicroelectronics.X-CUBE-BLEMGR.3.1.0
2024-05-05 10:40:26,718 [WARN] PackLoader:240 - Cannot read IP mode file for STMicroelectronics.FP-SNS-SMARTAG2.1.2.0
2024-05-05 10:40:26,736 [INFO] LogOutputStream:77 - [STDOUT_REDIRECT] 1 : Invalid condition id : UX_CORESTACK_Condition cause : null
2024-05-05 10:40:26,738 [INFO] LogOutputStream:77 - [STDOUT_REDIRECT] 1 : Invalid condition id : UX_CORESTACK_Condition cause : null
2024-05-05 10:40:26,739 [INFO] LogOutputStream:77 - [STDOUT_REDIRECT] 1 : Invalid condition id : UX_CORESTACK_Condition cause : null
2024-05-05 10:40:26,740 [INFO] LogOutputStream:77 - [STDOUT_REDIRECT] 1 : Invalid condition id : UX_CORESTACK_Condition cause : null
2024-05-05 10:40:26,742 [INFO] LogOutputStream:77 - [STDOUT_REDIRECT] 1 : Invalid condition id : UX_CORESTACK_Condition cause : null
2024-05-05 10:40:26,745 [WARN] PackLoader:240 - Cannot read IP mode file for STMicroelectronics.X-CUBE-AZRTOS-WL.2.0.0
2024-05-05 10:40:26,759 [WARN] PackLoader:240 - Cannot read IP mode file for STMicroelectronics.FP-SNS-MOTENV1.5.0.0
2024-05-05 10:40:26,776 [WARN] PackLoader:240 - Cannot read IP mode file for WES.I-CUBE-Cesium.1.3.0
2024-05-05 10:40:26,790 [WARN] PackLoader:240 - Cannot read IP mode file for STMicroelectronics.X-CUBE-BLE2.3.3.0
2024-05-05 10:40:26,806 [WARN] PackLoader:240 - Cannot read IP mode file for STMicroelectronics.X-CUBE-TCPP.4.1.0
2024-05-05 10:40:26,821 [WARN] PackLoader:240 - Cannot read IP mode file for STMicroelectronics.X-CUBE-ALGOBUILD.1.3.0
2024-05-05 10:40:26,849 [WARN] PackLoader:240 - Cannot read IP mode file for STMicroelectronics.X-CUBE-AZRTOS-G0.1.1.0
2024-05-05 10:40:26,866 [WARN] PackLoader:240 - Cannot read IP mode file for STMicroelectronics.X-CUBE-SAFEA1.1.2.2
2024-05-05 10:40:26,881 [WARN] PackLoader:240 - Cannot read IP mode file for STMicroelectronics.X-CUBE-NFC4.3.0.0
2024-05-05 10:40:26,888 [WARN] PackLoader:240 - Cannot read IP mode file for STMicroelectronics.FP-ATR-SIGFOX1.3.2.0
2024-05-05 10:40:26,901 [WARN] PackLoader:240 - Cannot read IP mode file for STMicroelectronics.X-CUBE-EEPRMA1.5.1.0
2024-05-05 10:40:26,936 [WARN] PackLoader:240 - Cannot read IP mode file for SEGGER.I-CUBE-embOS.1.3.1
2024-05-05 10:40:26,981 [WARN] PackLoader:240 - Cannot read IP mode file for STMicroelectronics.X-CUBE-GNSS1.6.0.0
2024-05-05 10:40:27,019 [WARN] PackLoader:240 - Cannot read IP mode file for STMicroelectronics.X-CUBE-AZRTOS-F4.1.1.0
2024-05-05 10:40:27,027 [WARN] PackLoader:240 - Cannot read IP mode file for STMicroelectronics.X-CUBE-FREERTOS.1.2.0
2024-05-05 10:40:27,041 [WARN] PackLoader:240 - Cannot read IP mode file for wolfSSL.I-CUBE-wolfSSL.5.6.6
2024-05-05 10:40:27,072 [WARN] PackLoader:240 - Cannot read IP mode file for STMicroelectronics.X-CUBE-AZRTOS-L5.2.0.0
2024-05-05 10:40:27,090 [WARN] PackLoader:240 - Cannot read IP mode file for STMicroelectronics.X-CUBE-NFC6.3.1.0
2024-05-05 10:40:27,104 [WARN] PackLoader:240 - Cannot read IP mode file for ITTIA_DB.I-CUBE-ITTIADB.8.8.0
2024-05-05 10:40:27,107 [WARN] PackLoader:240 - Cannot read IP mode file for STMicroelectronics.X-CUBE-AI.9.0.0
2024-05-05 10:40:27,119 [WARN] PackLoader:240 - Cannot read IP mode file for STMicroelectronics.X-CUBE-NFC7.1.0.1
2024-05-05 10:40:27,131 [WARN] PackLoader:240 - Cannot read IP mode file for STMicroelectronics.X-CUBE-AI.8.1.0
2024-05-05 10:40:27,157 [WARN] ConditionMgr:438 - getConditionDescription Invalid condition id : LAN8742 Phy interface Condition cause : null
2024-05-05 10:40:27,158 [WARN] PackLoader:240 - Cannot read IP mode file for STMicroelectronics.X-CUBE-AZRTOS-L4.2.0.0
2024-05-05 10:40:27,159 [WARN] ConditionMgr:1039 - genDependencies : Invalid condition id : LAN8742 Phy interface Condition cause : null
2024-05-05 10:40:27,159 [WARN] ConditionMgr:1039 - genDependencies : Invalid condition id : LAN8742 Phy interface Condition cause : null
2024-05-05 10:40:27,160 [WARN] ConditionMgr:1039 - genDependencies : Invalid condition id : LAN8742 Phy interface Condition cause : null
2024-05-05 10:40:27,173 [WARN] PackLoader:240 - Cannot read IP mode file for STMicroelectronics.X-CUBE-SFXS2LP1.4.0.0
2024-05-05 10:40:27,195 [WARN] ConditionMgr:438 - getConditionDescription Invalid condition id : UX DEVICE CLASS RTOS Condition cause : null
2024-05-05 10:40:27,195 [WARN] ConditionMgr:438 - getConditionDescription Invalid condition id : UX DEVICE CLASS RTOS Condition cause : null
2024-05-05 10:40:27,196 [WARN] PackLoader:240 - Cannot read IP mode file for STMicroelectronics.X-CUBE-AZRTOS-WB.2.0.0
2024-05-05 10:40:27,197 [WARN] ConditionMgr:1039 - genDependencies : Invalid condition id : UX DEVICE CLASS RTOS Condition cause : null
2024-05-05 10:40:27,197 [WARN] ConditionMgr:1039 - genDependencies : Invalid condition id : UX DEVICE CLASS RTOS Condition cause : null
2024-05-05 10:40:27,197 [WARN] ConditionMgr:1039 - genDependencies : Invalid condition id : UX DEVICE CLASS RTOS Condition cause : null
2024-05-05 10:40:27,197 [WARN] ConditionMgr:1039 - genDependencies : Invalid condition id : UX DEVICE CLASS RTOS Condition cause : null
2024-05-05 10:40:27,197 [WARN] ConditionMgr:1039 - genDependencies : Invalid condition id : UX DEVICE CLASS RTOS Condition cause : null
2024-05-05 10:40:27,217 [WARN] PackLoader:240 - Cannot read IP mode file for STMicroelectronics.X-CUBE-SUBG2.5.0.0
2024-05-05 10:40:27,243 [WARN] PackLoader:240 - Cannot read IP mode file for STMicroelectronics.X-CUBE-AZRTOS-G4.2.0.0
2024-05-05 10:40:27,265 [WARN] PackLoader:240 - Cannot read IP mode file for Infineon.AIROC-Wi-Fi-Bluetooth-STM32.1.5.1
2024-05-05 10:40:27,273 [WARN] PackLoader:240 - Cannot read IP mode file for STMicroelectronics.FP-SNS-MOTENVWB1.1.3.1
2024-05-05 10:40:27,286 [WARN] PackLoader:240 - Cannot read IP mode file for STMicroelectronics.X-CUBE-ISPU.2.0.0
2024-05-05 10:40:27,328 [WARN] PackLoader:240 - Cannot read IP mode file for STMicroelectronics.X-CUBE-MEMS1.10.0.0
2024-05-05 10:40:27,426 [WARN] PackLoader:240 - Cannot read IP mode file for STMicroelectronics.X-CUBE-FREERTOS.1.1.0
2024-05-05 10:40:27,439 [WARN] PackLoader:240 - Cannot read IP mode file for portGmbH.I-Cube-SoM-uGOAL.1.1.0
2024-05-05 10:40:27,451 [WARN] PackLoader:240 - Cannot read IP mode file for STMicroelectronics.X-CUBE-ALS.1.0.1
2024-05-05 10:40:27,463 [WARN] PackLoader:240 - Cannot read IP mode file for STMicroelectronics.X-CUBE-AZRTOS-H7RS.1.0.0
2024-05-05 10:40:27,471 [WARN] PackLoader:240 - Cannot read IP mode file for STMicroelectronics.FP-ATR-ASTRA1.2.0.0
2024-05-05 10:40:27,490 [WARN] PackLoader:240 - Cannot read IP mode file for STMicroelectronics.X-CUBE-TOF1.3.4.1
2024-05-05 10:40:27,524 [WARN] PackLoader:240 - Cannot read IP mode file for STMicroelectronics.X-CUBE-AZRTOS-H7.3.2.0
2024-05-05 10:40:27,527 [INFO] ThirdParty:978 - Integrity check success = true
2024-05-05 10:40:27,527 [INFO] IntegrityCheckThread:100 - exiting critical section [integrity check]
2024-05-05 10:40:27,527 [INFO] IntegrityCheckThread:103 - End integrity checks thread
2024-05-05 10:40:41,806 [ERROR] LogOutputStream:75 - [STDERR_REDIRECT] SLF4J: Failed to load class "org.slf4j.impl.StaticLoggerBinder".
2024-05-05 10:40:41,807 [ERROR] LogOutputStream:75 - [STDERR_REDIRECT] SLF4J: Defaulting to no-operation (NOP) logger implementation
2024-05-05 10:40:41,809 [ERROR] LogOutputStream:75 - [STDERR_REDIRECT] SLF4J: See http://www.slf4j.org/codes.html#StaticLoggerBinder for further details.
2024-05-05 10:43:09,782 [ERROR] LogOutputStream:75 - [STDERR_REDIRECT] 
2024-05-05 10:43:09,783 [ERROR] LogOutputStream:75 - [STDERR_REDIRECT] 
